
VERIFICATION CONDITIONS:

file 960521-1-2-mutate.c line 24 column 1 function main
dereference failure, forgotten memory: symex_dynamic::dynamic_heap_2
{-1} symex_dynamic::dynamic_heap_2&0#1 == heap_region
  * type: intheap
  * operands: 
    0: symbol
        * type: intloc
        * identifier: symex_location::symex_dynamic::dynamic_heap_2_loc&0#0
{-2} symex_dynamic::dynamic_heap_2&0#2 == heap_update
  * type: intheap
  * operands: 
    0: symbol
        * type: intheap
        * identifier: symex_dynamic::dynamic_heap_2&0#1
    1: constant
        * type: unsignedbv
            * width: 64
        * value: 0000000000000000000000000000000000000000000000000000000000000000
    2: constant
        * type: signedbv
            * width: 32
        * value: 00000000000000000000000000000000
{-3} goto_symex::guard?0!0&0#1 == !(symex::invalid_object0&0#0 == 0)
{-4} symex_dynamic::dynamic_heap_2&0#3 == (SAME-OBJECT(locadd
  * type: intloc
  * operands: 
    0: location_of
        * type: intloc
        * operands: 
          0: symbol
              * type: intheap
              * identifier: symex_dynamic::dynamic_heap_2&0#1
    1: constant
        * type: signedbv
            * width: 64
        * value: 0000000000000000000000000000000000000000000000000000000000000001, location_of
  * type: intloc
  * operands: 
    0: symbol
        * type: intheap
        * identifier: symex_dynamic::dynamic_heap_2) ? constant
  * type: intheap : symex_dynamic::dynamic_heap_2&0#2)
{-5} symex_dynamic::dynamic_heap_2&0#4 == symex_dynamic::dynamic_heap_2&0#2
{-6} symex_dynamic::dynamic_heap_2&0#5 == (SAME-OBJECT(locadd
  * type: intloc
  * operands: 
    0: location_of
        * type: intloc
        * operands: 
          0: symbol
              * type: intheap
              * identifier: symex_dynamic::dynamic_heap_2&0#1
    1: constant
        * type: signedbv
            * width: 32
        * value: 00000000000000000000000000000000, location_of
  * type: intloc
  * operands: 
    0: symbol
        * type: intheap
        * identifier: symex_dynamic::dynamic_heap_2) ? constant
  * type: intheap : symex_dynamic::dynamic_heap_2&0#4)
{-7} symex_dynamic::dynamic_heap_2&0#6 == (goto_symex::guard?0!0&0#1 ? symex_dynamic::dynamic_heap_2&0#3 : symex_dynamic::dynamic_heap_2&0#5)
|--------------------------
{1} execution_statet::\guard_exec?0!0 => (1 => symex_dynamic::dynamic_heap_2&0#6 == constant
  * type: intheap)

SMT formulas for VCCs:
(= (uplus (pt |symex_location::symex_dynamic::dynamic_heap_2_loc&0#0|
              (Pt_R_1 |smt_conv::smt_conv::tmp_val::00|))
          (pt (locadd |symex_location::symex_dynamic::dynamic_heap_2_loc&0#0| 1)
              (Pt_R_1 |smt_conv::smt_conv::tmp_val::10|)))
   |symex_dynamic::dynamic_heap_2&0#1|)
(= |symex_dynamic::dynamic_heap_2&0#1|
   (uplus |smt_conv::smt_conv::_tmp_heap_00|
          (pt |symex_location::symex_dynamic::dynamic_heap_2_loc&0#0|
              (Pt_R_1 |smt_conv::smt_conv::_tmp_val_00|))))
(= (uplus |smt_conv::smt_conv::_tmp_heap_00|
          (pt |symex_location::symex_dynamic::dynamic_heap_2_loc&0#0|
              (Pt_R_1 0)))
   |symex_dynamic::dynamic_heap_2&0#2|)
(= (not (= |symex::invalid_object0&0#0| 0)) |goto_symex::guard?0!0&0#1|)
(= (ite (= |symex_location::symex_dynamic::dynamic_heap_2_loc&0#0|
           |symex_location::symex_dynamic::dynamic_heap_2_loc&0#0|)
        emp
        |symex_dynamic::dynamic_heap_2&0#2|)
   |symex_dynamic::dynamic_heap_2&0#3|)
(= |symex_dynamic::dynamic_heap_2&0#2| |symex_dynamic::dynamic_heap_2&0#4|)
(= (ite (= |symex_location::symex_dynamic::dynamic_heap_2_loc&0#0|
           |symex_location::symex_dynamic::dynamic_heap_2_loc&0#0|)
        emp
        |symex_dynamic::dynamic_heap_2&0#4|)
   |symex_dynamic::dynamic_heap_2&0#5|)
(= (ite |goto_symex::guard?0!0&0#1|
        |symex_dynamic::dynamic_heap_2&0#3|
        |symex_dynamic::dynamic_heap_2&0#5|)
   |symex_dynamic::dynamic_heap_2&0#6|)
(let ((a!1 (=> true
               (=> |execution_statet::\\guard_exec?0!0|
                   (=> true (= |symex_dynamic::dynamic_heap_2&0#6| emp))))))
  (not a!1))

VERIFICATION CONDITIONS:

file 960521-1-2-mutate.c line 24 column 1 function main
dereference failure, forgotten memory: symex_dynamic::dynamic_heap_1
{-1} symex_dynamic::dynamic_heap_1&0#1 == heap_region
  * type: intheap
  * operands: 
    0: symbol
        * type: intloc
        * identifier: symex_location::symex_dynamic::dynamic_heap_1_loc&0#0
{-2} symex_dynamic::dynamic_heap_1&0#2 == heap_update
  * type: intheap
  * operands: 
    0: symbol
        * type: intheap
        * identifier: symex_dynamic::dynamic_heap_1&0#1
    1: constant
        * type: unsignedbv
            * width: 64
        * value: 0000000000000000000000000000000000000000000000000000000000000000
    2: constant
        * type: signedbv
            * width: 32
        * value: 11111111111111111111111111111111
{-3} symex_dynamic::dynamic_heap_1&0#3 == heap_update
  * type: intheap
  * operands: 
    0: symbol
        * type: intheap
        * identifier: symex_dynamic::dynamic_heap_1&0#2
    1: constant
        * type: unsignedbv
            * width: 64
        * value: 0000000000000000000000000000000000000000000000000000000000000000
    2: constant
        * type: signedbv
            * width: 32
        * value: 11111111111111111111111111111111
{-4} goto_symex::guard?0!0&0#1 == !(symex::invalid_object0&0#0 == 0)
{-5} symex_dynamic::dynamic_heap_1&0#4 == (SAME-OBJECT(location_of
  * type: intloc
  * operands: 
    0: symbol
        * type: intheap
        * identifier: symex_dynamic::dynamic_heap_1&0#1, location_of
  * type: intloc
  * operands: 
    0: symbol
        * type: intheap
        * identifier: symex_dynamic::dynamic_heap_1) ? constant
  * type: intheap : symex_dynamic::dynamic_heap_1&0#3)
{-6} symex_dynamic::dynamic_heap_1&0#5 == symex_dynamic::dynamic_heap_1&0#3
{-7} symex_dynamic::dynamic_heap_1&0#6 == (SAME-OBJECT(location_of
  * type: intloc
  * operands: 
    0: symbol
        * type: intheap
        * identifier: symex_dynamic::dynamic_heap_1&0#1, location_of
  * type: intloc
  * operands: 
    0: symbol
        * type: intheap
        * identifier: symex_dynamic::dynamic_heap_1) ? constant
  * type: intheap : symex_dynamic::dynamic_heap_1&0#5)
{-8} symex_dynamic::dynamic_heap_1&0#7 == (goto_symex::guard?0!0&0#1 ? symex_dynamic::dynamic_heap_1&0#4 : symex_dynamic::dynamic_heap_1&0#6)
|--------------------------
{1} execution_statet::\guard_exec?0!0 => (1 => symex_dynamic::dynamic_heap_1&0#7 == constant
  * type: intheap)

SMT formulas for VCCs:
(= (uplus (pt |symex_location::symex_dynamic::dynamic_heap_1_loc&0#0|
              (Pt_R_1 |smt_conv::smt_conv::tmp_val::00|))
          (pt (locadd |symex_location::symex_dynamic::dynamic_heap_1_loc&0#0| 1)
              (Pt_R_1 |smt_conv::smt_conv::tmp_val::10|)))
   |symex_dynamic::dynamic_heap_1&0#1|)
(= |symex_dynamic::dynamic_heap_1&0#1|
   (uplus |smt_conv::smt_conv::_tmp_heap_00|
          (pt |symex_location::symex_dynamic::dynamic_heap_1_loc&0#0|
              (Pt_R_1 |smt_conv::smt_conv::_tmp_val_00|))))
(= (uplus |smt_conv::smt_conv::_tmp_heap_00|
          (pt |symex_location::symex_dynamic::dynamic_heap_1_loc&0#0|
              (Pt_R_1 (- 1))))
   |symex_dynamic::dynamic_heap_1&0#2|)
(= |symex_dynamic::dynamic_heap_1&0#2|
   (uplus |smt_conv::smt_conv::_tmp_heap_10|
          (pt |symex_location::symex_dynamic::dynamic_heap_1_loc&0#0|
              (Pt_R_1 |smt_conv::smt_conv::_tmp_val_10|))))
(= (uplus |smt_conv::smt_conv::_tmp_heap_10|
          (pt |symex_location::symex_dynamic::dynamic_heap_1_loc&0#0|
              (Pt_R_1 (- 1))))
   |symex_dynamic::dynamic_heap_1&0#3|)
(= (not (= |symex::invalid_object0&0#0| 0)) |goto_symex::guard?0!0&0#1|)
(= (ite (= |symex_location::symex_dynamic::dynamic_heap_1_loc&0#0|
           |symex_location::symex_dynamic::dynamic_heap_1_loc&0#0|)
        emp
        |symex_dynamic::dynamic_heap_1&0#3|)
   |symex_dynamic::dynamic_heap_1&0#4|)
(= |symex_dynamic::dynamic_heap_1&0#3| |symex_dynamic::dynamic_heap_1&0#5|)
(= (ite (= |symex_location::symex_dynamic::dynamic_heap_1_loc&0#0|
           |symex_location::symex_dynamic::dynamic_heap_1_loc&0#0|)
        emp
        |symex_dynamic::dynamic_heap_1&0#5|)
   |symex_dynamic::dynamic_heap_1&0#6|)
(= (ite |goto_symex::guard?0!0&0#1|
        |symex_dynamic::dynamic_heap_1&0#4|
        |symex_dynamic::dynamic_heap_1&0#6|)
   |symex_dynamic::dynamic_heap_1&0#7|)
(let ((a!1 (=> true
               (=> |execution_statet::\\guard_exec?0!0|
                   (=> true (= |symex_dynamic::dynamic_heap_1&0#7| emp))))))
  (not a!1))

VERIFICATION CONDITIONS:

file 960521-1-2-mutate.c line 22 column 14 function main
dereference failure: invalid free pointer
{-1} symex_dynamic::dynamic_heap_2&0#1 == heap_region
  * type: intheap
  * operands: 
    0: symbol
        * type: intloc
        * identifier: symex_location::symex_dynamic::dynamic_heap_2_loc&0#0
{-2} symex_dynamic::dynamic_heap_2&0#2 == heap_update
  * type: intheap
  * operands: 
    0: symbol
        * type: intheap
        * identifier: symex_dynamic::dynamic_heap_2&0#1
    1: constant
        * type: unsignedbv
            * width: 64
        * value: 0000000000000000000000000000000000000000000000000000000000000000
    2: constant
        * type: signedbv
            * width: 32
        * value: 00000000000000000000000000000000
{-3} goto_symex::guard?0!0&0#1 == !(symex::invalid_object0&0#0 == 0)
{-4} symex_dynamic::dynamic_heap_2&0#4 == symex_dynamic::dynamic_heap_2&0#2
|--------------------------
{1} execution_statet::\guard_exec?0!0 => (!goto_symex::guard?0!0&0#1 => !(SAME-OBJECT(locadd
  * type: intloc
  * operands: 
    0: location_of
        * type: intloc
        * operands: 
          0: symbol
              * type: intheap
              * identifier: symex_dynamic::dynamic_heap_2&0#1
    1: constant
        * type: signedbv
            * width: 32
        * value: 00000000000000000000000000000000, location_of
  * type: intloc
  * operands: 
    0: symbol
        * type: intheap
        * identifier: symex_dynamic::dynamic_heap_2) && symex_dynamic::dynamic_heap_2&0#4 == constant
  * type: intheap))

SMT formulas for VCCs:
(= (uplus (pt |symex_location::symex_dynamic::dynamic_heap_2_loc&0#0|
              (Pt_R_1 |smt_conv::smt_conv::tmp_val::00|))
          (pt (locadd |symex_location::symex_dynamic::dynamic_heap_2_loc&0#0| 1)
              (Pt_R_1 |smt_conv::smt_conv::tmp_val::10|)))
   |symex_dynamic::dynamic_heap_2&0#1|)
(= |symex_dynamic::dynamic_heap_2&0#1|
   (uplus |smt_conv::smt_conv::_tmp_heap_00|
          (pt |symex_location::symex_dynamic::dynamic_heap_2_loc&0#0|
              (Pt_R_1 |smt_conv::smt_conv::_tmp_val_00|))))
(= (uplus |smt_conv::smt_conv::_tmp_heap_00|
          (pt |symex_location::symex_dynamic::dynamic_heap_2_loc&0#0|
              (Pt_R_1 0)))
   |symex_dynamic::dynamic_heap_2&0#2|)
(= (not (= |symex::invalid_object0&0#0| 0)) |goto_symex::guard?0!0&0#1|)
(= |symex_dynamic::dynamic_heap_2&0#2| |symex_dynamic::dynamic_heap_2&0#4|)
(let ((a!1 (=> (not |goto_symex::guard?0!0&0#1|)
               (not (and (= |symex_location::symex_dynamic::dynamic_heap_2_loc&0#0|
                            |symex_location::symex_dynamic::dynamic_heap_2_loc&0#0|)
                         (= |symex_dynamic::dynamic_heap_2&0#4| emp))))))
  (not (=> true (=> |execution_statet::\\guard_exec?0!0| a!1))))

VERIFICATION CONDITIONS:

file 960521-1-2-mutate.c line 22 column 5 function main
dereference failure: invalid free pointer
{-1} symex_dynamic::dynamic_heap_1&0#1 == heap_region
  * type: intheap
  * operands: 
    0: symbol
        * type: intloc
        * identifier: symex_location::symex_dynamic::dynamic_heap_1_loc&0#0
{-2} symex_dynamic::dynamic_heap_1&0#2 == heap_update
  * type: intheap
  * operands: 
    0: symbol
        * type: intheap
        * identifier: symex_dynamic::dynamic_heap_1&0#1
    1: constant
        * type: unsignedbv
            * width: 64
        * value: 0000000000000000000000000000000000000000000000000000000000000000
    2: constant
        * type: signedbv
            * width: 32
        * value: 11111111111111111111111111111111
{-3} symex_dynamic::dynamic_heap_1&0#3 == heap_update
  * type: intheap
  * operands: 
    0: symbol
        * type: intheap
        * identifier: symex_dynamic::dynamic_heap_1&0#2
    1: constant
        * type: unsignedbv
            * width: 64
        * value: 0000000000000000000000000000000000000000000000000000000000000000
    2: constant
        * type: signedbv
            * width: 32
        * value: 11111111111111111111111111111111
{-4} goto_symex::guard?0!0&0#1 == !(symex::invalid_object0&0#0 == 0)
{-5} symex_dynamic::dynamic_heap_1&0#5 == symex_dynamic::dynamic_heap_1&0#3
|--------------------------
{1} execution_statet::\guard_exec?0!0 => (!goto_symex::guard?0!0&0#1 => !(SAME-OBJECT(location_of
  * type: intloc
  * operands: 
    0: symbol
        * type: intheap
        * identifier: symex_dynamic::dynamic_heap_1&0#1, location_of
  * type: intloc
  * operands: 
    0: symbol
        * type: intheap
        * identifier: symex_dynamic::dynamic_heap_1) && symex_dynamic::dynamic_heap_1&0#5 == constant
  * type: intheap))

SMT formulas for VCCs:
(= (uplus (pt |symex_location::symex_dynamic::dynamic_heap_1_loc&0#0|
              (Pt_R_1 |smt_conv::smt_conv::tmp_val::00|))
          (pt (locadd |symex_location::symex_dynamic::dynamic_heap_1_loc&0#0| 1)
              (Pt_R_1 |smt_conv::smt_conv::tmp_val::10|)))
   |symex_dynamic::dynamic_heap_1&0#1|)
(= |symex_dynamic::dynamic_heap_1&0#1|
   (uplus |smt_conv::smt_conv::_tmp_heap_00|
          (pt |symex_location::symex_dynamic::dynamic_heap_1_loc&0#0|
              (Pt_R_1 |smt_conv::smt_conv::_tmp_val_00|))))
(= (uplus |smt_conv::smt_conv::_tmp_heap_00|
          (pt |symex_location::symex_dynamic::dynamic_heap_1_loc&0#0|
              (Pt_R_1 (- 1))))
   |symex_dynamic::dynamic_heap_1&0#2|)
(= |symex_dynamic::dynamic_heap_1&0#2|
   (uplus |smt_conv::smt_conv::_tmp_heap_10|
          (pt |symex_location::symex_dynamic::dynamic_heap_1_loc&0#0|
              (Pt_R_1 |smt_conv::smt_conv::_tmp_val_10|))))
(= (uplus |smt_conv::smt_conv::_tmp_heap_10|
          (pt |symex_location::symex_dynamic::dynamic_heap_1_loc&0#0|
              (Pt_R_1 (- 1))))
   |symex_dynamic::dynamic_heap_1&0#3|)
(= (not (= |symex::invalid_object0&0#0| 0)) |goto_symex::guard?0!0&0#1|)
(= |symex_dynamic::dynamic_heap_1&0#3| |symex_dynamic::dynamic_heap_1&0#5|)
(let ((a!1 (=> (not |goto_symex::guard?0!0&0#1|)
               (not (and (= |symex_location::symex_dynamic::dynamic_heap_1_loc&0#0|
                            |symex_location::symex_dynamic::dynamic_heap_1_loc&0#0|)
                         (= |symex_dynamic::dynamic_heap_1&0#5| emp))))))
  (not (=> true (=> |execution_statet::\\guard_exec?0!0| a!1))))

VERIFICATION CONDITIONS:

file 960521-1-2-mutate.c line 20 column 14 function main
Operand of free must have zero pointer offset
{-1} symex_dynamic::dynamic_heap_2&0#1 == heap_region
  * type: intheap
  * operands: 
    0: symbol
        * type: intloc
        * identifier: symex_location::symex_dynamic::dynamic_heap_2_loc&0#0
{-2} goto_symex::guard?0!0&0#1 == !(symex::invalid_object0&0#0 == 0)
|--------------------------
{1} execution_statet::\guard_exec?0!0 => (goto_symex::guard?0!0&0#1 => (goto_symex::guard?0!0&0#1 && SAME-OBJECT(locadd
  * type: intloc
  * operands: 
    0: location_of
        * type: intloc
        * operands: 
          0: symbol
              * type: intheap
              * identifier: symex_dynamic::dynamic_heap_2&0#1
    1: constant
        * type: signedbv
            * width: 64
        * value: 0000000000000000000000000000000000000000000000000000000000000001, location_of
  * type: intloc
  * operands: 
    0: symbol
        * type: intheap
        * identifier: symex_dynamic::dynamic_heap_2) => 0))

SMT formulas for VCCs:
(= (uplus (pt |symex_location::symex_dynamic::dynamic_heap_2_loc&0#0|
              (Pt_R_1 |smt_conv::smt_conv::tmp_val::00|))
          (pt (locadd |symex_location::symex_dynamic::dynamic_heap_2_loc&0#0| 1)
              (Pt_R_1 |smt_conv::smt_conv::tmp_val::10|)))
   |symex_dynamic::dynamic_heap_2&0#1|)
(= (not (= |symex::invalid_object0&0#0| 0)) |goto_symex::guard?0!0&0#1|)
(let ((a!1 (=> |goto_symex::guard?0!0&0#1|
               (=> (and |goto_symex::guard?0!0&0#1|
                        (= |symex_location::symex_dynamic::dynamic_heap_2_loc&0#0|
                           |symex_location::symex_dynamic::dynamic_heap_2_loc&0#0|))
                   false))))
  (not (=> true (=> |execution_statet::\\guard_exec?0!0| a!1))))

VERIFICATION CONDITIONS:

file 960521-1-2-mutate.c line 20 column 14 function main
dereference failure: invalid free pointer
{-1} symex_dynamic::dynamic_heap_2&0#1 == heap_region
  * type: intheap
  * operands: 
    0: symbol
        * type: intloc
        * identifier: symex_location::symex_dynamic::dynamic_heap_2_loc&0#0
{-2} symex_dynamic::dynamic_heap_2&0#2 == heap_update
  * type: intheap
  * operands: 
    0: symbol
        * type: intheap
        * identifier: symex_dynamic::dynamic_heap_2&0#1
    1: constant
        * type: unsignedbv
            * width: 64
        * value: 0000000000000000000000000000000000000000000000000000000000000000
    2: constant
        * type: signedbv
            * width: 32
        * value: 00000000000000000000000000000000
{-3} goto_symex::guard?0!0&0#1 == !(symex::invalid_object0&0#0 == 0)
|--------------------------
{1} execution_statet::\guard_exec?0!0 => (goto_symex::guard?0!0&0#1 => !(SAME-OBJECT(locadd
  * type: intloc
  * operands: 
    0: location_of
        * type: intloc
        * operands: 
          0: symbol
              * type: intheap
              * identifier: symex_dynamic::dynamic_heap_2&0#1
    1: constant
        * type: signedbv
            * width: 64
        * value: 0000000000000000000000000000000000000000000000000000000000000001, location_of
  * type: intloc
  * operands: 
    0: symbol
        * type: intheap
        * identifier: symex_dynamic::dynamic_heap_2) && symex_dynamic::dynamic_heap_2&0#2 == constant
  * type: intheap))

SMT formulas for VCCs:
(= (uplus (pt |symex_location::symex_dynamic::dynamic_heap_2_loc&0#0|
              (Pt_R_1 |smt_conv::smt_conv::tmp_val::00|))
          (pt (locadd |symex_location::symex_dynamic::dynamic_heap_2_loc&0#0| 1)
              (Pt_R_1 |smt_conv::smt_conv::tmp_val::10|)))
   |symex_dynamic::dynamic_heap_2&0#1|)
(= |symex_dynamic::dynamic_heap_2&0#1|
   (uplus |smt_conv::smt_conv::_tmp_heap_00|
          (pt |symex_location::symex_dynamic::dynamic_heap_2_loc&0#0|
              (Pt_R_1 |smt_conv::smt_conv::_tmp_val_00|))))
(= (uplus |smt_conv::smt_conv::_tmp_heap_00|
          (pt |symex_location::symex_dynamic::dynamic_heap_2_loc&0#0|
              (Pt_R_1 0)))
   |symex_dynamic::dynamic_heap_2&0#2|)
(= (not (= |symex::invalid_object0&0#0| 0)) |goto_symex::guard?0!0&0#1|)
(let ((a!1 (=> |goto_symex::guard?0!0&0#1|
               (not (and (= |symex_location::symex_dynamic::dynamic_heap_2_loc&0#0|
                            |symex_location::symex_dynamic::dynamic_heap_2_loc&0#0|)
                         (= |symex_dynamic::dynamic_heap_2&0#2| emp))))))
  (not (=> true (=> |execution_statet::\\guard_exec?0!0| a!1))))

VERIFICATION CONDITIONS:

file 960521-1-2-mutate.c line 20 column 5 function main
dereference failure: invalid free pointer
{-1} symex_dynamic::dynamic_heap_1&0#1 == heap_region
  * type: intheap
  * operands: 
    0: symbol
        * type: intloc
        * identifier: symex_location::symex_dynamic::dynamic_heap_1_loc&0#0
{-2} symex_dynamic::dynamic_heap_1&0#2 == heap_update
  * type: intheap
  * operands: 
    0: symbol
        * type: intheap
        * identifier: symex_dynamic::dynamic_heap_1&0#1
    1: constant
        * type: unsignedbv
            * width: 64
        * value: 0000000000000000000000000000000000000000000000000000000000000000
    2: constant
        * type: signedbv
            * width: 32
        * value: 11111111111111111111111111111111
{-3} symex_dynamic::dynamic_heap_1&0#3 == heap_update
  * type: intheap
  * operands: 
    0: symbol
        * type: intheap
        * identifier: symex_dynamic::dynamic_heap_1&0#2
    1: constant
        * type: unsignedbv
            * width: 64
        * value: 0000000000000000000000000000000000000000000000000000000000000000
    2: constant
        * type: signedbv
            * width: 32
        * value: 11111111111111111111111111111111
{-4} goto_symex::guard?0!0&0#1 == !(symex::invalid_object0&0#0 == 0)
|--------------------------
{1} execution_statet::\guard_exec?0!0 => (goto_symex::guard?0!0&0#1 => !(SAME-OBJECT(location_of
  * type: intloc
  * operands: 
    0: symbol
        * type: intheap
        * identifier: symex_dynamic::dynamic_heap_1&0#1, location_of
  * type: intloc
  * operands: 
    0: symbol
        * type: intheap
        * identifier: symex_dynamic::dynamic_heap_1) && symex_dynamic::dynamic_heap_1&0#3 == constant
  * type: intheap))

SMT formulas for VCCs:
(= (uplus (pt |symex_location::symex_dynamic::dynamic_heap_1_loc&0#0|
              (Pt_R_1 |smt_conv::smt_conv::tmp_val::00|))
          (pt (locadd |symex_location::symex_dynamic::dynamic_heap_1_loc&0#0| 1)
              (Pt_R_1 |smt_conv::smt_conv::tmp_val::10|)))
   |symex_dynamic::dynamic_heap_1&0#1|)
(= |symex_dynamic::dynamic_heap_1&0#1|
   (uplus |smt_conv::smt_conv::_tmp_heap_00|
          (pt |symex_location::symex_dynamic::dynamic_heap_1_loc&0#0|
              (Pt_R_1 |smt_conv::smt_conv::_tmp_val_00|))))
(= (uplus |smt_conv::smt_conv::_tmp_heap_00|
          (pt |symex_location::symex_dynamic::dynamic_heap_1_loc&0#0|
              (Pt_R_1 (- 1))))
   |symex_dynamic::dynamic_heap_1&0#2|)
(= |symex_dynamic::dynamic_heap_1&0#2|
   (uplus |smt_conv::smt_conv::_tmp_heap_10|
          (pt |symex_location::symex_dynamic::dynamic_heap_1_loc&0#0|
              (Pt_R_1 |smt_conv::smt_conv::_tmp_val_10|))))
(= (uplus |smt_conv::smt_conv::_tmp_heap_10|
          (pt |symex_location::symex_dynamic::dynamic_heap_1_loc&0#0|
              (Pt_R_1 (- 1))))
   |symex_dynamic::dynamic_heap_1&0#3|)
(= (not (= |symex::invalid_object0&0#0| 0)) |goto_symex::guard?0!0&0#1|)
(let ((a!1 (=> |goto_symex::guard?0!0&0#1|
               (not (and (= |symex_location::symex_dynamic::dynamic_heap_1_loc&0#0|
                            |symex_location::symex_dynamic::dynamic_heap_1_loc&0#0|)
                         (= |symex_dynamic::dynamic_heap_1&0#3| emp))))))
  (not (=> true (=> |execution_statet::\\guard_exec?0!0| a!1))))

VERIFICATION CONDITIONS:

file 960521-1-2-mutate.c line 19 column 3 function main
dereference failure: Access of heap out of region
{-1} symex_dynamic::dynamic_heap_2&0#1 == heap_region
  * type: intheap
  * operands: 
    0: symbol
        * type: intloc
        * identifier: symex_location::symex_dynamic::dynamic_heap_2_loc&0#0
|--------------------------
{1} execution_statet::\guard_exec?0!0 => !(SAME-OBJECT(locadd
  * type: intloc
  * operands: 
    0: location_of
        * type: intloc
        * operands: 
          0: symbol
              * type: intheap
              * identifier: symex_dynamic::dynamic_heap_2&0#1
    1: constant
        * type: signedbv
            * width: 64
        * value: 0000000000000000000000000000000000000000000000000000000000000011, location_of
  * type: intloc
  * operands: 
    0: symbol
        * type: intheap
        * identifier: symex_dynamic::dynamic_heap_2))

SMT formulas for VCCs:
(= (uplus (pt |symex_location::symex_dynamic::dynamic_heap_2_loc&0#0|
              (Pt_R_1 |smt_conv::smt_conv::tmp_val::00|))
          (pt (locadd |symex_location::symex_dynamic::dynamic_heap_2_loc&0#0| 1)
              (Pt_R_1 |smt_conv::smt_conv::tmp_val::10|)))
   |symex_dynamic::dynamic_heap_2&0#1|)
(let ((a!1 (=> true
               (=> |execution_statet::\\guard_exec?0!0|
                   (not (= |symex_location::symex_dynamic::dynamic_heap_2_loc&0#0|
                           |symex_location::symex_dynamic::dynamic_heap_2_loc&0#0|))))))
  (not a!1))

VERIFICATION CONDITIONS:

file 960521-1-2-mutate.c line 19 column 3 function main
dereference failure: invalid dereference pointer
{-1} symex_dynamic::dynamic_heap_2&0#1 == heap_region
  * type: intheap
  * operands: 
    0: symbol
        * type: intloc
        * identifier: symex_location::symex_dynamic::dynamic_heap_2_loc&0#0
{-2} symex_dynamic::dynamic_heap_2&0#2 == heap_update
  * type: intheap
  * operands: 
    0: symbol
        * type: intheap
        * identifier: symex_dynamic::dynamic_heap_2&0#1
    1: constant
        * type: unsignedbv
            * width: 64
        * value: 0000000000000000000000000000000000000000000000000000000000000000
    2: constant
        * type: signedbv
            * width: 32
        * value: 00000000000000000000000000000000
|--------------------------
{1} execution_statet::\guard_exec?0!0 => !(SAME-OBJECT(locadd
  * type: intloc
  * operands: 
    0: location_of
        * type: intloc
        * operands: 
          0: symbol
              * type: intheap
              * identifier: symex_dynamic::dynamic_heap_2&0#1
    1: constant
        * type: signedbv
            * width: 64
        * value: 0000000000000000000000000000000000000000000000000000000000000011, location_of
  * type: intloc
  * operands: 
    0: symbol
        * type: intheap
        * identifier: symex_dynamic::dynamic_heap_2) && symex_dynamic::dynamic_heap_2&0#2 == constant
  * type: intheap)

SMT formulas for VCCs:
(= (uplus (pt |symex_location::symex_dynamic::dynamic_heap_2_loc&0#0|
              (Pt_R_1 |smt_conv::smt_conv::tmp_val::00|))
          (pt (locadd |symex_location::symex_dynamic::dynamic_heap_2_loc&0#0| 1)
              (Pt_R_1 |smt_conv::smt_conv::tmp_val::10|)))
   |symex_dynamic::dynamic_heap_2&0#1|)
(= |symex_dynamic::dynamic_heap_2&0#1|
   (uplus |smt_conv::smt_conv::_tmp_heap_00|
          (pt |symex_location::symex_dynamic::dynamic_heap_2_loc&0#0|
              (Pt_R_1 |smt_conv::smt_conv::_tmp_val_00|))))
(= (uplus |smt_conv::smt_conv::_tmp_heap_00|
          (pt |symex_location::symex_dynamic::dynamic_heap_2_loc&0#0|
              (Pt_R_1 0)))
   |symex_dynamic::dynamic_heap_2&0#2|)
(let ((a!1 (=> |execution_statet::\\guard_exec?0!0|
               (not (and (= |symex_location::symex_dynamic::dynamic_heap_2_loc&0#0|
                            |symex_location::symex_dynamic::dynamic_heap_2_loc&0#0|)
                         (= |symex_dynamic::dynamic_heap_2&0#2| emp))))))
  (not (=> true a!1)))

VERIFICATION CONDITIONS:

file 960521-1-2-mutate.c line 8 column 5 function foo
dereference failure: invalid dereference pointer
{-1} symex_dynamic::dynamic_heap_1&0#1 == heap_region
  * type: intheap
  * operands: 
    0: symbol
        * type: intloc
        * identifier: symex_location::symex_dynamic::dynamic_heap_1_loc&0#0
{-2} symex_dynamic::dynamic_heap_1&0#2 == heap_update
  * type: intheap
  * operands: 
    0: symbol
        * type: intheap
        * identifier: symex_dynamic::dynamic_heap_1&0#1
    1: constant
        * type: unsignedbv
            * width: 64
        * value: 0000000000000000000000000000000000000000000000000000000000000000
    2: constant
        * type: signedbv
            * width: 32
        * value: 11111111111111111111111111111111
|--------------------------
{1} execution_statet::\guard_exec?0!0 => !(SAME-OBJECT(locadd
  * type: intloc
  * operands: 
    0: location_of
        * type: intloc
        * operands: 
          0: symbol
              * type: intheap
              * identifier: symex_dynamic::dynamic_heap_1&0#1
    1: constant
        * type: signedbv
            * width: 64
        * value: 0000000000000000000000000000000000000000000000000000000000000001, location_of
  * type: intloc
  * operands: 
    0: symbol
        * type: intheap
        * identifier: symex_dynamic::dynamic_heap_1) && symex_dynamic::dynamic_heap_1&0#2 == constant
  * type: intheap)

SMT formulas for VCCs:
(= (uplus (pt |symex_location::symex_dynamic::dynamic_heap_1_loc&0#0|
              (Pt_R_1 |smt_conv::smt_conv::tmp_val::00|))
          (pt (locadd |symex_location::symex_dynamic::dynamic_heap_1_loc&0#0| 1)
              (Pt_R_1 |smt_conv::smt_conv::tmp_val::10|)))
   |symex_dynamic::dynamic_heap_1&0#1|)
(= |symex_dynamic::dynamic_heap_1&0#1|
   (uplus |smt_conv::smt_conv::_tmp_heap_00|
          (pt |symex_location::symex_dynamic::dynamic_heap_1_loc&0#0|
              (Pt_R_1 |smt_conv::smt_conv::_tmp_val_00|))))
(= (uplus |smt_conv::smt_conv::_tmp_heap_00|
          (pt |symex_location::symex_dynamic::dynamic_heap_1_loc&0#0|
              (Pt_R_1 (- 1))))
   |symex_dynamic::dynamic_heap_1&0#2|)
(let ((a!1 (=> |execution_statet::\\guard_exec?0!0|
               (not (and (= |symex_location::symex_dynamic::dynamic_heap_1_loc&0#0|
                            |symex_location::symex_dynamic::dynamic_heap_1_loc&0#0|)
                         (= |symex_dynamic::dynamic_heap_1&0#2| emp))))))
  (not (=> true a!1)))

VERIFICATION CONDITIONS:

file 960521-1-2-mutate.c line 8 column 5 function foo
dereference failure: invalid dereference pointer
{-1} symex_dynamic::dynamic_heap_1&0#1 == heap_region
  * type: intheap
  * operands: 
    0: symbol
        * type: intloc
        * identifier: symex_location::symex_dynamic::dynamic_heap_1_loc&0#0
|--------------------------
{1} execution_statet::\guard_exec?0!0 => !(SAME-OBJECT(locadd
  * type: intloc
  * operands: 
    0: location_of
        * type: intloc
        * operands: 
          0: symbol
              * type: intheap
              * identifier: symex_dynamic::dynamic_heap_1&0#1
    1: constant
        * type: signedbv
            * width: 64
        * value: 0000000000000000000000000000000000000000000000000000000000000000, location_of
  * type: intloc
  * operands: 
    0: symbol
        * type: intheap
        * identifier: symex_dynamic::dynamic_heap_1) && symex_dynamic::dynamic_heap_1&0#1 == constant
  * type: intheap)

SMT formulas for VCCs:
(= (uplus (pt |symex_location::symex_dynamic::dynamic_heap_1_loc&0#0|
              (Pt_R_1 |smt_conv::smt_conv::tmp_val::00|))
          (pt (locadd |symex_location::symex_dynamic::dynamic_heap_1_loc&0#0| 1)
              (Pt_R_1 |smt_conv::smt_conv::tmp_val::10|)))
   |symex_dynamic::dynamic_heap_1&0#1|)
(let ((a!1 (=> |execution_statet::\\guard_exec?0!0|
               (not (and (= |symex_location::symex_dynamic::dynamic_heap_1_loc&0#0|
                            |symex_location::symex_dynamic::dynamic_heap_1_loc&0#0|)
                         (= |symex_dynamic::dynamic_heap_1&0#1| emp))))))
  (not (=> true a!1)))

VERIFICATION CONDITIONS:

file 960521-1-2-mutate.c line 17 column 3 function main
dereference failure: invalid dereference pointer
{-1} symex_dynamic::dynamic_heap_2&0#1 == heap_region
  * type: intheap
  * operands: 
    0: symbol
        * type: intloc
        * identifier: symex_location::symex_dynamic::dynamic_heap_2_loc&0#0
|--------------------------
{1} execution_statet::\guard_exec?0!0 => !(SAME-OBJECT(location_of
  * type: intloc
  * operands: 
    0: symbol
        * type: intheap
        * identifier: symex_dynamic::dynamic_heap_2&0#1, location_of
  * type: intloc
  * operands: 
    0: symbol
        * type: intheap
        * identifier: symex_dynamic::dynamic_heap_2) && symex_dynamic::dynamic_heap_2&0#1 == constant
  * type: intheap)

SMT formulas for VCCs:
(= (uplus (pt |symex_location::symex_dynamic::dynamic_heap_2_loc&0#0|
              (Pt_R_1 |smt_conv::smt_conv::tmp_val::00|))
          (pt (locadd |symex_location::symex_dynamic::dynamic_heap_2_loc&0#0| 1)
              (Pt_R_1 |smt_conv::smt_conv::tmp_val::10|)))
   |symex_dynamic::dynamic_heap_2&0#1|)
(let ((a!1 (=> |execution_statet::\\guard_exec?0!0|
               (not (and (= |symex_location::symex_dynamic::dynamic_heap_2_loc&0#0|
                            |symex_location::symex_dynamic::dynamic_heap_2_loc&0#0|)
                         (= |symex_dynamic::dynamic_heap_2&0#1| emp))))))
  (not (=> true a!1)))
