
VERIFICATION CONDITIONS:

file cmp-freed-ptr-mutate.c line 19 column 1 function main
dereference failure, forgotten memory: symex_dynamic::dynamic_heap_2
{-1} symex_dynamic::dynamic_heap_1&0#1 == heap_region
  * type: intheap
  * operands: 
    0: symbol
        * type: intloc
        * identifier: symex_location::symex_dynamic::dynamic_heap_1_loc&0#0
{-2} symex_dynamic::dynamic_heap_1&0#2 == (SAME-OBJECT(location_of
  * type: intloc
  * operands: 
    0: symbol
        * type: intheap
        * identifier: symex_dynamic::dynamic_heap_1&0#1, location_of
  * type: intloc
  * operands: 
    0: symbol
        * type: intheap
        * identifier: symex_dynamic::dynamic_heap_1) ? constant
  * type: intheap : symex_dynamic::dynamic_heap_1&0#1)
{-3} symex_dynamic::dynamic_heap_2&0#1 == heap_region
  * type: intheap
  * operands: 
    0: symbol
        * type: intloc
        * identifier: symex_location::symex_dynamic::dynamic_heap_2_loc&0#0
{-4} disjh
  * type: bool
  * operands: 
    0: symbol
        * type: intheap
        * identifier: symex_dynamic::dynamic_heap_2&0#1
    1: symbol
        * type: intheap
        * identifier: symex_dynamic::dynamic_heap_1&0#2
{-5} goto_symex::guard?0!0&0#1 == (location_of
  * type: intloc
  * operands: 
    0: symbol
        * type: intheap
        * identifier: symex_dynamic::dynamic_heap_2&0#1 == location_of
  * type: intloc
  * operands: 
    0: symbol
        * type: intheap
        * identifier: symex_dynamic::dynamic_heap_1&0#1)
{-6} symex_dynamic::dynamic_heap_2&0#2 == (SAME-OBJECT(location_of
  * type: intloc
  * operands: 
    0: symbol
        * type: intheap
        * identifier: symex_dynamic::dynamic_heap_2&0#1, location_of
  * type: intloc
  * operands: 
    0: symbol
        * type: intheap
        * identifier: symex_dynamic::dynamic_heap_2) ? constant
  * type: intheap : symex_dynamic::dynamic_heap_2&0#1)
{-7} symex_dynamic::dynamic_heap_2&0#3 == (!goto_symex::guard?0!0&0#1 ? symex_dynamic::dynamic_heap_2&0#1 : symex_dynamic::dynamic_heap_2&0#2)
{-8} symex_dynamic::dynamic_heap_2&0#4 == (SAME-OBJECT(location_of
  * type: intloc
  * operands: 
    0: symbol
        * type: intheap
        * identifier: symex_dynamic::dynamic_heap_2&0#1, location_of
  * type: intloc
  * operands: 
    0: symbol
        * type: intheap
        * identifier: symex_dynamic::dynamic_heap_2) ? constant
  * type: intheap : symex_dynamic::dynamic_heap_2&0#3)
|--------------------------
{1} execution_statet::\guard_exec?0!0 => (1 => symex_dynamic::dynamic_heap_2&0#4 == constant
  * type: intheap)

SMT formulas for VCCs:
(= (pt |symex_location::symex_dynamic::dynamic_heap_1_loc&0#0|
       (Pt_R_0 |smt_conv::smt_conv::tmp_loc::00|))
   |symex_dynamic::dynamic_heap_1&0#1|)
(= (ite (= |symex_location::symex_dynamic::dynamic_heap_1_loc&0#0|
           |symex_location::symex_dynamic::dynamic_heap_1_loc&0#0|)
        emp
        |symex_dynamic::dynamic_heap_1&0#1|)
   |symex_dynamic::dynamic_heap_1&0#2|)
(= (pt |symex_location::symex_dynamic::dynamic_heap_2_loc&0#0|
       (Pt_R_0 |smt_conv::smt_conv::tmp_loc::10|))
   |symex_dynamic::dynamic_heap_2&0#1|)
(disjh |symex_dynamic::dynamic_heap_2&0#1| |symex_dynamic::dynamic_heap_1&0#2|)
(= (= |symex_location::symex_dynamic::dynamic_heap_2_loc&0#0|
      |symex_location::symex_dynamic::dynamic_heap_1_loc&0#0|)
   |goto_symex::guard?0!0&0#1|)
(= (ite (= |symex_location::symex_dynamic::dynamic_heap_2_loc&0#0|
           |symex_location::symex_dynamic::dynamic_heap_2_loc&0#0|)
        emp
        |symex_dynamic::dynamic_heap_2&0#1|)
   |symex_dynamic::dynamic_heap_2&0#2|)
(= (ite (not |goto_symex::guard?0!0&0#1|)
        |symex_dynamic::dynamic_heap_2&0#1|
        |symex_dynamic::dynamic_heap_2&0#2|)
   |symex_dynamic::dynamic_heap_2&0#3|)
(= (ite (= |symex_location::symex_dynamic::dynamic_heap_2_loc&0#0|
           |symex_location::symex_dynamic::dynamic_heap_2_loc&0#0|)
        emp
        |symex_dynamic::dynamic_heap_2&0#3|)
   |symex_dynamic::dynamic_heap_2&0#4|)
(let ((a!1 (=> true
               (=> |execution_statet::\\guard_exec?0!0|
                   (=> true (= |symex_dynamic::dynamic_heap_2&0#4| emp))))))
  (not a!1))

VERIFICATION CONDITIONS:

file cmp-freed-ptr-mutate.c line 19 column 1 function main
dereference failure, forgotten memory: symex_dynamic::dynamic_heap_1
{-1} symex_dynamic::dynamic_heap_1&0#1 == heap_region
  * type: intheap
  * operands: 
    0: symbol
        * type: intloc
        * identifier: symex_location::symex_dynamic::dynamic_heap_1_loc&0#0
{-2} symex_dynamic::dynamic_heap_1&0#2 == (SAME-OBJECT(location_of
  * type: intloc
  * operands: 
    0: symbol
        * type: intheap
        * identifier: symex_dynamic::dynamic_heap_1&0#1, location_of
  * type: intloc
  * operands: 
    0: symbol
        * type: intheap
        * identifier: symex_dynamic::dynamic_heap_1) ? constant
  * type: intheap : symex_dynamic::dynamic_heap_1&0#1)
|--------------------------
{1} execution_statet::\guard_exec?0!0 => (1 => symex_dynamic::dynamic_heap_1&0#2 == constant
  * type: intheap)

SMT formulas for VCCs:
(= (pt |symex_location::symex_dynamic::dynamic_heap_1_loc&0#0|
       (Pt_R_0 |smt_conv::smt_conv::tmp_loc::00|))
   |symex_dynamic::dynamic_heap_1&0#1|)
(= (ite (= |symex_location::symex_dynamic::dynamic_heap_1_loc&0#0|
           |symex_location::symex_dynamic::dynamic_heap_1_loc&0#0|)
        emp
        |symex_dynamic::dynamic_heap_1&0#1|)
   |symex_dynamic::dynamic_heap_1&0#2|)
(let ((a!1 (=> true
               (=> |execution_statet::\\guard_exec?0!0|
                   (=> true (= |symex_dynamic::dynamic_heap_1&0#2| emp))))))
  (not a!1))

VERIFICATION CONDITIONS:

file cmp-freed-ptr-mutate.c line 17 column 5 function main
dereference failure: invalid free pointer
{-1} symex_dynamic::dynamic_heap_1&0#1 == heap_region
  * type: intheap
  * operands: 
    0: symbol
        * type: intloc
        * identifier: symex_location::symex_dynamic::dynamic_heap_1_loc&0#0
{-2} symex_dynamic::dynamic_heap_1&0#2 == (SAME-OBJECT(location_of
  * type: intloc
  * operands: 
    0: symbol
        * type: intheap
        * identifier: symex_dynamic::dynamic_heap_1&0#1, location_of
  * type: intloc
  * operands: 
    0: symbol
        * type: intheap
        * identifier: symex_dynamic::dynamic_heap_1) ? constant
  * type: intheap : symex_dynamic::dynamic_heap_1&0#1)
{-3} symex_dynamic::dynamic_heap_2&0#1 == heap_region
  * type: intheap
  * operands: 
    0: symbol
        * type: intloc
        * identifier: symex_location::symex_dynamic::dynamic_heap_2_loc&0#0
{-4} disjh
  * type: bool
  * operands: 
    0: symbol
        * type: intheap
        * identifier: symex_dynamic::dynamic_heap_2&0#1
    1: symbol
        * type: intheap
        * identifier: symex_dynamic::dynamic_heap_1&0#2
{-5} goto_symex::guard?0!0&0#1 == (location_of
  * type: intloc
  * operands: 
    0: symbol
        * type: intheap
        * identifier: symex_dynamic::dynamic_heap_2&0#1 == location_of
  * type: intloc
  * operands: 
    0: symbol
        * type: intheap
        * identifier: symex_dynamic::dynamic_heap_1&0#1)
{-6} symex_dynamic::dynamic_heap_2&0#2 == (SAME-OBJECT(location_of
  * type: intloc
  * operands: 
    0: symbol
        * type: intheap
        * identifier: symex_dynamic::dynamic_heap_2&0#1, location_of
  * type: intloc
  * operands: 
    0: symbol
        * type: intheap
        * identifier: symex_dynamic::dynamic_heap_2) ? constant
  * type: intheap : symex_dynamic::dynamic_heap_2&0#1)
{-7} symex_dynamic::dynamic_heap_2&0#3 == (!goto_symex::guard?0!0&0#1 ? symex_dynamic::dynamic_heap_2&0#1 : symex_dynamic::dynamic_heap_2&0#2)
|--------------------------
{1} execution_statet::\guard_exec?0!0 => !(SAME-OBJECT(location_of
  * type: intloc
  * operands: 
    0: symbol
        * type: intheap
        * identifier: symex_dynamic::dynamic_heap_2&0#1, location_of
  * type: intloc
  * operands: 
    0: symbol
        * type: intheap
        * identifier: symex_dynamic::dynamic_heap_2) && symex_dynamic::dynamic_heap_2&0#3 == constant
  * type: intheap)

SMT formulas for VCCs:
(= (pt |symex_location::symex_dynamic::dynamic_heap_1_loc&0#0|
       (Pt_R_0 |smt_conv::smt_conv::tmp_loc::00|))
   |symex_dynamic::dynamic_heap_1&0#1|)
(= (ite (= |symex_location::symex_dynamic::dynamic_heap_1_loc&0#0|
           |symex_location::symex_dynamic::dynamic_heap_1_loc&0#0|)
        emp
        |symex_dynamic::dynamic_heap_1&0#1|)
   |symex_dynamic::dynamic_heap_1&0#2|)
(= (pt |symex_location::symex_dynamic::dynamic_heap_2_loc&0#0|
       (Pt_R_0 |smt_conv::smt_conv::tmp_loc::10|))
   |symex_dynamic::dynamic_heap_2&0#1|)
(disjh |symex_dynamic::dynamic_heap_2&0#1| |symex_dynamic::dynamic_heap_1&0#2|)
(= (= |symex_location::symex_dynamic::dynamic_heap_2_loc&0#0|
      |symex_location::symex_dynamic::dynamic_heap_1_loc&0#0|)
   |goto_symex::guard?0!0&0#1|)
(= (ite (= |symex_location::symex_dynamic::dynamic_heap_2_loc&0#0|
           |symex_location::symex_dynamic::dynamic_heap_2_loc&0#0|)
        emp
        |symex_dynamic::dynamic_heap_2&0#1|)
   |symex_dynamic::dynamic_heap_2&0#2|)
(= (ite (not |goto_symex::guard?0!0&0#1|)
        |symex_dynamic::dynamic_heap_2&0#1|
        |symex_dynamic::dynamic_heap_2&0#2|)
   |symex_dynamic::dynamic_heap_2&0#3|)
(let ((a!1 (=> |execution_statet::\\guard_exec?0!0|
               (not (and (= |symex_location::symex_dynamic::dynamic_heap_2_loc&0#0|
                            |symex_location::symex_dynamic::dynamic_heap_2_loc&0#0|)
                         (= |symex_dynamic::dynamic_heap_2&0#3| emp))))))
  (not (=> true a!1)))

VERIFICATION CONDITIONS:

file cmp-freed-ptr-mutate.c line 15 column 9 function main
dereference failure: invalid free pointer
{-1} symex_dynamic::dynamic_heap_1&0#1 == heap_region
  * type: intheap
  * operands: 
    0: symbol
        * type: intloc
        * identifier: symex_location::symex_dynamic::dynamic_heap_1_loc&0#0
{-2} symex_dynamic::dynamic_heap_1&0#2 == (SAME-OBJECT(location_of
  * type: intloc
  * operands: 
    0: symbol
        * type: intheap
        * identifier: symex_dynamic::dynamic_heap_1&0#1, location_of
  * type: intloc
  * operands: 
    0: symbol
        * type: intheap
        * identifier: symex_dynamic::dynamic_heap_1) ? constant
  * type: intheap : symex_dynamic::dynamic_heap_1&0#1)
{-3} symex_dynamic::dynamic_heap_2&0#1 == heap_region
  * type: intheap
  * operands: 
    0: symbol
        * type: intloc
        * identifier: symex_location::symex_dynamic::dynamic_heap_2_loc&0#0
{-4} disjh
  * type: bool
  * operands: 
    0: symbol
        * type: intheap
        * identifier: symex_dynamic::dynamic_heap_2&0#1
    1: symbol
        * type: intheap
        * identifier: symex_dynamic::dynamic_heap_1&0#2
{-5} goto_symex::guard?0!0&0#1 == (location_of
  * type: intloc
  * operands: 
    0: symbol
        * type: intheap
        * identifier: symex_dynamic::dynamic_heap_2&0#1 == location_of
  * type: intloc
  * operands: 
    0: symbol
        * type: intheap
        * identifier: symex_dynamic::dynamic_heap_1&0#1)
|--------------------------
{1} execution_statet::\guard_exec?0!0 => (goto_symex::guard?0!0&0#1 => !(SAME-OBJECT(location_of
  * type: intloc
  * operands: 
    0: symbol
        * type: intheap
        * identifier: symex_dynamic::dynamic_heap_2&0#1, location_of
  * type: intloc
  * operands: 
    0: symbol
        * type: intheap
        * identifier: symex_dynamic::dynamic_heap_2) && symex_dynamic::dynamic_heap_2&0#1 == constant
  * type: intheap))

SMT formulas for VCCs:
(= (pt |symex_location::symex_dynamic::dynamic_heap_1_loc&0#0|
       (Pt_R_0 |smt_conv::smt_conv::tmp_loc::00|))
   |symex_dynamic::dynamic_heap_1&0#1|)
(= (ite (= |symex_location::symex_dynamic::dynamic_heap_1_loc&0#0|
           |symex_location::symex_dynamic::dynamic_heap_1_loc&0#0|)
        emp
        |symex_dynamic::dynamic_heap_1&0#1|)
   |symex_dynamic::dynamic_heap_1&0#2|)
(= (pt |symex_location::symex_dynamic::dynamic_heap_2_loc&0#0|
       (Pt_R_0 |smt_conv::smt_conv::tmp_loc::10|))
   |symex_dynamic::dynamic_heap_2&0#1|)
(disjh |symex_dynamic::dynamic_heap_2&0#1| |symex_dynamic::dynamic_heap_1&0#2|)
(= (= |symex_location::symex_dynamic::dynamic_heap_2_loc&0#0|
      |symex_location::symex_dynamic::dynamic_heap_1_loc&0#0|)
   |goto_symex::guard?0!0&0#1|)
(let ((a!1 (=> |goto_symex::guard?0!0&0#1|
               (not (and (= |symex_location::symex_dynamic::dynamic_heap_2_loc&0#0|
                            |symex_location::symex_dynamic::dynamic_heap_2_loc&0#0|)
                         (= |symex_dynamic::dynamic_heap_2&0#1| emp))))))
  (not (=> true (=> |execution_statet::\\guard_exec?0!0| a!1))))

VERIFICATION CONDITIONS:

file cmp-freed-ptr-mutate.c line 11 column 5 function main
dereference failure: invalid free pointer
{-1} symex_dynamic::dynamic_heap_1&0#1 == heap_region
  * type: intheap
  * operands: 
    0: symbol
        * type: intloc
        * identifier: symex_location::symex_dynamic::dynamic_heap_1_loc&0#0
|--------------------------
{1} execution_statet::\guard_exec?0!0 => !(SAME-OBJECT(location_of
  * type: intloc
  * operands: 
    0: symbol
        * type: intheap
        * identifier: symex_dynamic::dynamic_heap_1&0#1, location_of
  * type: intloc
  * operands: 
    0: symbol
        * type: intheap
        * identifier: symex_dynamic::dynamic_heap_1) && symex_dynamic::dynamic_heap_1&0#1 == constant
  * type: intheap)

SMT formulas for VCCs:
(= (pt |symex_location::symex_dynamic::dynamic_heap_1_loc&0#0|
       (Pt_R_0 |smt_conv::smt_conv::tmp_loc::00|))
   |symex_dynamic::dynamic_heap_1&0#1|)
(let ((a!1 (=> |execution_statet::\\guard_exec?0!0|
               (not (and (= |symex_location::symex_dynamic::dynamic_heap_1_loc&0#0|
                            |symex_location::symex_dynamic::dynamic_heap_1_loc&0#0|)
                         (= |symex_dynamic::dynamic_heap_1&0#1| emp))))))
  (not (=> true a!1)))
