
VERIFICATION CONDITIONS:

file global-atexit-1-mutate.c line 22 column 1 function main
dereference failure, forgotten memory: symex_dynamic::dynamic_heap_3
{-1} main::$tmp::return_value$___VERIFIER_nondet_bool$2?1!0&0#1 == nondet_symbol(symex::nondet1)
{-2} symex_dynamic::dynamic_heap_3&0#1 == heap_region
  * type: intheap
  * operands: 
    0: symbol
        * type: intloc
        * identifier: symex_location::symex_dynamic::dynamic_heap_3_loc&0#0
|--------------------------
{1} execution_statet::\guard_exec?0!0 => (!main::$tmp::return_value$___VERIFIER_nondet_bool$2?1!0&0#1 => symex_dynamic::dynamic_heap_3&0#1 == constant
  * type: intheap)

SMT formulas for VCCs:
(= |nondet$symex::nondet1|
   |c:@F@main::$tmp::return_value$___VERIFIER_nondet_bool$2?1!0&0#1|)
(= (pt |symex_location::symex_dynamic::dynamic_heap_3_loc&0#0|
       (Pt_R_0 |smt_conv::smt_conv::tmp_loc::00|))
   |symex_dynamic::dynamic_heap_3&0#1|)
(let ((a!1 (=> true
               (=> |execution_statet::\\guard_exec?0!0|
                   (=> (not |c:@F@main::$tmp::return_value$___VERIFIER_nondet_bool$2?1!0&0#1|)
                       (= |symex_dynamic::dynamic_heap_3&0#1| emp))))))
  (not a!1))

VERIFICATION CONDITIONS:

file global-atexit-1-mutate.c line 22 column 1 function main
dereference failure, forgotten memory: symex_dynamic::dynamic_heap_1
{-1} symex_dynamic::dynamic_heap_1&0#1 == heap_region
  * type: intheap
  * operands: 
    0: symbol
        * type: intloc
        * identifier: symex_location::symex_dynamic::dynamic_heap_1_loc&0#0
{-2} main::$tmp::return_value$___VERIFIER_nondet_bool$2?1!0&0#1 == nondet_symbol(symex::nondet1)
{-3} symex_dynamic::dynamic_heap_3&0#1 == heap_region
  * type: intheap
  * operands: 
    0: symbol
        * type: intloc
        * identifier: symex_location::symex_dynamic::dynamic_heap_3_loc&0#0
{-4} disjh
  * type: bool
  * operands: 
    0: symbol
        * type: intheap
        * identifier: symex_dynamic::dynamic_heap_3&0#1
    1: symbol
        * type: intheap
        * identifier: symex_dynamic::dynamic_heap_1&0#1
{-5} symex_dynamic::dynamic_heap_1&0#2 == heap_update
  * type: intheap
  * operands: 
    0: symbol
        * type: intheap
        * identifier: symex_dynamic::dynamic_heap_1&0#1
    1: constant
        * type: unsignedbv
            * width: 64
        * value: 0000000000000000000000000000000000000000000000000000000000000000
    2: location_of
        * type: intloc
        * operands: 
          0: symbol
              * type: intheap
              * identifier: symex_dynamic::dynamic_heap_3&0#1
{-6} main::$tmp::return_value$___VERIFIER_nondet_bool$4?1!0&0#1 == nondet_symbol(symex::nondet3)
{-7} symex_dynamic::dynamic_heap_1&0#3 == (SAME-OBJECT(location_of
  * type: intloc
  * operands: 
    0: symbol
        * type: intheap
        * identifier: symex_dynamic::dynamic_heap_1&0#1, location_of
  * type: intloc
  * operands: 
    0: symbol
        * type: intheap
        * identifier: symex_dynamic::dynamic_heap_1) ? constant
  * type: intheap : symex_dynamic::dynamic_heap_1&0#2)
{-8} symex_dynamic::dynamic_heap_1&0#4 == (main::$tmp::return_value$___VERIFIER_nondet_bool$4?1!0&0#1 ? symex_dynamic::dynamic_heap_1&0#2 : symex_dynamic::dynamic_heap_1&0#3)
{-9} symex_dynamic::dynamic_heap_1&0#5 == (main::$tmp::return_value$___VERIFIER_nondet_bool$2?1!0&0#1 ? symex_dynamic::dynamic_heap_1&0#1 : symex_dynamic::dynamic_heap_1&0#4)
|--------------------------
{1} execution_statet::\guard_exec?0!0 => (1 => symex_dynamic::dynamic_heap_1&0#5 == constant
  * type: intheap)

SMT formulas for VCCs:
(= (pt |symex_location::symex_dynamic::dynamic_heap_1_loc&0#0|
       (Pt_R_0 |smt_conv::smt_conv::tmp_loc::00|))
   |symex_dynamic::dynamic_heap_1&0#1|)
(= |nondet$symex::nondet1|
   |c:@F@main::$tmp::return_value$___VERIFIER_nondet_bool$2?1!0&0#1|)
(= (pt |symex_location::symex_dynamic::dynamic_heap_3_loc&0#0|
       (Pt_R_0 |smt_conv::smt_conv::tmp_loc::10|))
   |symex_dynamic::dynamic_heap_3&0#1|)
(disjh |symex_dynamic::dynamic_heap_3&0#1| |symex_dynamic::dynamic_heap_1&0#1|)
(= |symex_dynamic::dynamic_heap_1&0#1|
   (uplus |smt_conv::smt_conv::_tmp_heap_00|
          (pt |symex_location::symex_dynamic::dynamic_heap_1_loc&0#0|
              (Pt_R_0 |smt_conv::smt_conv::_tmp_val_00|))))
(= (uplus |smt_conv::smt_conv::_tmp_heap_00|
          (pt |symex_location::symex_dynamic::dynamic_heap_1_loc&0#0|
              (Pt_R_0 |symex_location::symex_dynamic::dynamic_heap_3_loc&0#0|)))
   |symex_dynamic::dynamic_heap_1&0#2|)
(= |nondet$symex::nondet3|
   |c:@F@main::$tmp::return_value$___VERIFIER_nondet_bool$4?1!0&0#1|)
(= (ite (= |symex_location::symex_dynamic::dynamic_heap_1_loc&0#0|
           |symex_location::symex_dynamic::dynamic_heap_1_loc&0#0|)
        emp
        |symex_dynamic::dynamic_heap_1&0#2|)
   |symex_dynamic::dynamic_heap_1&0#3|)
(= (ite |c:@F@main::$tmp::return_value$___VERIFIER_nondet_bool$4?1!0&0#1|
        |symex_dynamic::dynamic_heap_1&0#2|
        |symex_dynamic::dynamic_heap_1&0#3|)
   |symex_dynamic::dynamic_heap_1&0#4|)
(= (ite |c:@F@main::$tmp::return_value$___VERIFIER_nondet_bool$2?1!0&0#1|
        |symex_dynamic::dynamic_heap_1&0#1|
        |symex_dynamic::dynamic_heap_1&0#4|)
   |symex_dynamic::dynamic_heap_1&0#5|)
(let ((a!1 (=> true
               (=> |execution_statet::\\guard_exec?0!0|
                   (=> true (= |symex_dynamic::dynamic_heap_1&0#5| emp))))))
  (not a!1))

VERIFICATION CONDITIONS:

file global-atexit-1-mutate.c line 5 column 2 function free_g1
dereference failure: invalid free pointer
{-1} symex_dynamic::dynamic_heap_1&0#1 == heap_region
  * type: intheap
  * operands: 
    0: symbol
        * type: intloc
        * identifier: symex_location::symex_dynamic::dynamic_heap_1_loc&0#0
{-2} main::$tmp::return_value$___VERIFIER_nondet_bool$2?1!0&0#1 == nondet_symbol(symex::nondet1)
{-3} symex_dynamic::dynamic_heap_3&0#1 == heap_region
  * type: intheap
  * operands: 
    0: symbol
        * type: intloc
        * identifier: symex_location::symex_dynamic::dynamic_heap_3_loc&0#0
{-4} disjh
  * type: bool
  * operands: 
    0: symbol
        * type: intheap
        * identifier: symex_dynamic::dynamic_heap_3&0#1
    1: symbol
        * type: intheap
        * identifier: symex_dynamic::dynamic_heap_1&0#1
{-5} symex_dynamic::dynamic_heap_1&0#2 == heap_update
  * type: intheap
  * operands: 
    0: symbol
        * type: intheap
        * identifier: symex_dynamic::dynamic_heap_1&0#1
    1: constant
        * type: unsignedbv
            * width: 64
        * value: 0000000000000000000000000000000000000000000000000000000000000000
    2: location_of
        * type: intloc
        * operands: 
          0: symbol
              * type: intheap
              * identifier: symex_dynamic::dynamic_heap_3&0#1
{-6} main::$tmp::return_value$___VERIFIER_nondet_bool$4?1!0&0#1 == nondet_symbol(symex::nondet3)
|--------------------------
{1} execution_statet::\guard_exec?0!0 => (!main::$tmp::return_value$___VERIFIER_nondet_bool$2?1!0&0#1 && !main::$tmp::return_value$___VERIFIER_nondet_bool$4?1!0&0#1 => !(SAME-OBJECT(location_of
  * type: intloc
  * operands: 
    0: symbol
        * type: intheap
        * identifier: symex_dynamic::dynamic_heap_1&0#1, location_of
  * type: intloc
  * operands: 
    0: symbol
        * type: intheap
        * identifier: symex_dynamic::dynamic_heap_1) && symex_dynamic::dynamic_heap_1&0#2 == constant
  * type: intheap))

SMT formulas for VCCs:
(= (pt |symex_location::symex_dynamic::dynamic_heap_1_loc&0#0|
       (Pt_R_0 |smt_conv::smt_conv::tmp_loc::00|))
   |symex_dynamic::dynamic_heap_1&0#1|)
(= |nondet$symex::nondet1|
   |c:@F@main::$tmp::return_value$___VERIFIER_nondet_bool$2?1!0&0#1|)
(= (pt |symex_location::symex_dynamic::dynamic_heap_3_loc&0#0|
       (Pt_R_0 |smt_conv::smt_conv::tmp_loc::10|))
   |symex_dynamic::dynamic_heap_3&0#1|)
(disjh |symex_dynamic::dynamic_heap_3&0#1| |symex_dynamic::dynamic_heap_1&0#1|)
(= |symex_dynamic::dynamic_heap_1&0#1|
   (uplus |smt_conv::smt_conv::_tmp_heap_00|
          (pt |symex_location::symex_dynamic::dynamic_heap_1_loc&0#0|
              (Pt_R_0 |smt_conv::smt_conv::_tmp_val_00|))))
(= (uplus |smt_conv::smt_conv::_tmp_heap_00|
          (pt |symex_location::symex_dynamic::dynamic_heap_1_loc&0#0|
              (Pt_R_0 |symex_location::symex_dynamic::dynamic_heap_3_loc&0#0|)))
   |symex_dynamic::dynamic_heap_1&0#2|)
(= |nondet$symex::nondet3|
   |c:@F@main::$tmp::return_value$___VERIFIER_nondet_bool$4?1!0&0#1|)
(let ((a!1 (=> (and (not |c:@F@main::$tmp::return_value$___VERIFIER_nondet_bool$2?1!0&0#1|)
                    (not |c:@F@main::$tmp::return_value$___VERIFIER_nondet_bool$4?1!0&0#1|))
               (not (and (= |symex_location::symex_dynamic::dynamic_heap_1_loc&0#0|
                            |symex_location::symex_dynamic::dynamic_heap_1_loc&0#0|)
                         (= |symex_dynamic::dynamic_heap_1&0#2| emp))))))
  (not (=> true (=> |execution_statet::\\guard_exec?0!0| a!1))))

VERIFICATION CONDITIONS:

file global-atexit-1-mutate.c line 17 column 2 function main
dereference failure: invalid dereference pointer
{-1} symex_dynamic::dynamic_heap_1&0#1 == heap_region
  * type: intheap
  * operands: 
    0: symbol
        * type: intloc
        * identifier: symex_location::symex_dynamic::dynamic_heap_1_loc&0#0
{-2} main::$tmp::return_value$___VERIFIER_nondet_bool$2?1!0&0#1 == nondet_symbol(symex::nondet1)
|--------------------------
{1} execution_statet::\guard_exec?0!0 => (!main::$tmp::return_value$___VERIFIER_nondet_bool$2?1!0&0#1 => !(SAME-OBJECT(location_of
  * type: intloc
  * operands: 
    0: symbol
        * type: intheap
        * identifier: symex_dynamic::dynamic_heap_1&0#1, location_of
  * type: intloc
  * operands: 
    0: symbol
        * type: intheap
        * identifier: symex_dynamic::dynamic_heap_1) && symex_dynamic::dynamic_heap_1&0#1 == constant
  * type: intheap))

SMT formulas for VCCs:
(= (pt |symex_location::symex_dynamic::dynamic_heap_1_loc&0#0|
       (Pt_R_0 |smt_conv::smt_conv::tmp_loc::00|))
   |symex_dynamic::dynamic_heap_1&0#1|)
(= |nondet$symex::nondet1|
   |c:@F@main::$tmp::return_value$___VERIFIER_nondet_bool$2?1!0&0#1|)
(let ((a!1 (=> (not |c:@F@main::$tmp::return_value$___VERIFIER_nondet_bool$2?1!0&0#1|)
               (not (and (= |symex_location::symex_dynamic::dynamic_heap_1_loc&0#0|
                            |symex_location::symex_dynamic::dynamic_heap_1_loc&0#0|)
                         (= |symex_dynamic::dynamic_heap_1&0#1| emp))))))
  (not (=> true (=> |execution_statet::\\guard_exec?0!0| a!1))))
