ESBMC version 7.5.0 64-bit x86_64 linux
Target: 64-bit little-endian x86_64-unknown-linux with systemlibc
Parsing ../slhv_experiment/bench-0125/global-atexit-1.c
Converting
Generating GOTO Program
GOTO program creation time: 0.016s
GOTO program processing time: 0.000s
Starting Bounded Model Checking
WARNING: no body for function __ESBMC_pthread_start_main_hook
WARNING: no body for function __ESBMC_atexit_handler
WARNING: no body for function __ESBMC_pthread_end_main_hook
Symex completed in: 0.000s (47 assignments)
Slicing time: 0.000s (removed 22 assignments)
Generated 14 VCC(s), 8 remaining after simplification (25 assignments)
Slicing time: 0.000s (removed 5 assignments)
Encoding remaining VCC(s) using SLHV
Encoding to solver time: 0.001s
Number of heap terms: 18
Number of aht: 15
Number of locvars: 8
begin generate deduced assumptions disj
lia assertion size: 10767
XXXXXXXXXXXXXXXXX translated constraint result XXXXXXXXXXXXXXXXXXX
translated model: 
 constant 0 ish_17_14
eval: false
 constant 1 idj_0_12
eval: false
 constant 2 idj_4_14
eval: false
 constant 3 idj_16_1
eval: false
 constant 4 idj_2_2
eval: false
 constant 5 idj_8_2
eval: false
 constant 6 ish_9_6
eval: false
 constant 7 ish_2_13
eval: false
 constant 8 idj_17_7
eval: false
 constant 9 ish_1_16
eval: false
 constant 10 ish_13_13
eval: true
 constant 11 idj_1_11
eval: false
 constant 12 idj_11_0
eval: false
 constant 13 ish_7_16
eval: true
 constant 14 ish_9_7
eval: false
 constant 15 ish_8_17
eval: false
 constant 16 ish_0_8
eval: false
 constant 17 ish_13_16
eval: true
 constant 18 ish_2_2
eval: true
 constant 19 idj_7_17
eval: false
 constant 20 idj_11_7
eval: false
 constant 21 ish_17_16
eval: true
 constant 22 ish_12_6
eval: false
 constant 23 idj_11_15
eval: false
 constant 24 ish_17_11
eval: false
 constant 25 ish_14_15
eval: false
 constant 26 ish_4_9
eval: false
 constant 27 idj_12_8
eval: false
 constant 28 idj_8_12
eval: false
 constant 29 idj_7_16
eval: false
 constant 30 ish_11_16
eval: false
 constant 31 idj_0_10
eval: false
 constant 32 ish_2_6
eval: false
 constant 33 ish_6_14
eval: false
 constant 34 ish_16_15
eval: false
 constant 35 ish_17_9
eval: true
 constant 36 ish_10_13
eval: false
 constant 37 ish_16_11
eval: false
 constant 38 ish_17_13
eval: true
 constant 39 idj_0_11
eval: false
 constant 40 idj_1_5
eval: false
 constant 41 ish_17_2
eval: true
 constant 42 idj_11_8
eval: false
 constant 43 ish_7_2
eval: true
 constant 44 idj_13_12
eval: false
 constant 45 ish_0_14
eval: false
 constant 46 ish_11_9
eval: false
 constant 47 ish_2_10
eval: false
 constant 48 idj_13_4
eval: false
 constant 49 idj_14_4
eval: false
 constant 50 ish_14_5
eval: true
 constant 51 ish_16_1
eval: true
 constant 52 idj_14_13
eval: true
 constant 53 ish_12_12
eval: true
 constant 54 idj_1_15
eval: false
 constant 55 ish_13_2
eval: true
 constant 56 ish_4_2
eval: false
 constant 57 ish_11_2
eval: false
 constant 58 ish_13_11
eval: false
 constant 59 ish_12_1
eval: false
 constant 60 ish_17_4
eval: false
 constant 61 ish_10_15
eval: false
 constant 62 ish_8_3
eval: false
 constant 63 idj_0_14
eval: false
 constant 64 ish_11_0
eval: false
 constant 65 ish_4_4
eval: true
 constant 66 ish_0_1
eval: true
 constant 67 ish_8_8
eval: true
 constant 68 idj_4_0
eval: true
 constant 69 ish_1_13
eval: false
 constant 70 idj_1_1
eval: false
 constant 71 ish_7_7
eval: true
 constant 72 ish_17_5
eval: false
 constant 73 idj_17_11
eval: false
 constant 74 ish_6_10
eval: false
 constant 75 ish_0_5
eval: false
 constant 76 idj_2_15
eval: false
 constant 77 idj_13_8
eval: true
 constant 78 idj_4_16
eval: false
 constant 79 idj_8_11
eval: false
 constant 80 ish_5_14
eval: false
 constant 81 idj_11_14
eval: false
 constant 82 idj_5_8
eval: false
 constant 83 idj_15_11
eval: false
 constant 84 idj_12_0
eval: false
 constant 85 nondet$symex::nondet1
eval: false
 constant 86 ish_14_0
eval: false
 constant 87 idj_2_11
eval: false
 constant 88 ish_8_0
eval: false
 constant 89 ish_10_3
eval: true
 constant 90 ish_2_15
eval: false
 constant 91 idj_2_7
eval: false
 constant 92 idj_12_16
eval: false
 constant 93 ish_12_5
eval: false
 constant 94 idj_14_2
eval: false
 constant 95 ish_2_4
eval: false
 constant 96 ish_10_10
eval: true
 constant 97 ish_14_10
eval: false
 constant 98 ish_7_1
eval: true
 constant 99 ish_9_10
eval: false
 constant 100 idj_16_0
eval: false
 constant 101 ish_15_2
eval: false
 constant 102 ish_12_11
eval: false
 constant 103 idj_17_12
eval: false
 constant 104 ish_2_14
eval: false
 constant 105 idj_12_15
eval: false
 constant 106 idj_8_14
eval: false
 constant 107 ish_7_15
eval: false
 constant 108 idj_14_11
eval: false
 constant 109 ish_6_12
eval: false
 constant 110 idj_8_5
eval: false
 constant 111 ish_0_4
eval: false
 constant 112 idj_2_17
eval: false
 constant 113 ish_1_5
eval: false
 constant 114 symex_location::symex_dynamic::dynamic_heap_1_loc&0#0_intvar
eval: 1
 constant 115 ish_13_10
eval: false
 constant 116 idj_4_5
eval: false
 constant 117 ish_2_16
eval: false
 constant 118 ish_12_15
eval: false
 constant 119 ish_2_1
eval: false
 constant 120 idj_2_4
eval: false
 constant 121 idj_0_8
eval: false
 constant 122 ish_0_9
eval: false
 constant 123 ish_8_15
eval: false
 constant 124 goto_symex::guard?0!0&0#1
eval: true
 constant 125 idj_2_8
eval: false
 constant 126 ish_5_12
eval: false
 constant 127 idj_5_16
eval: false
 constant 128 ish_4_12
eval: true
 constant 129 idj_4_13
eval: false
 constant 130 idj_11_13
eval: false
 constant 131 ish_0_3
eval: false
 constant 132 ish_13_4
eval: false
 constant 133 ish_9_1
eval: false
 constant 134 smt_conv::smt_conv::_tmp_val_00_intvar
eval: 2
 constant 135 ish_10_1
eval: false
 constant 136 ish_16_5
eval: false
 constant 137 idj_7_14
eval: true
 constant 138 ish_7_11
eval: false
 constant 139 idj_10_13
eval: false
 constant 140 ish_8_16
eval: false
 constant 141 idj_14_7
eval: true
 constant 142 ish_9_4
eval: false
 constant 143 ish_17_6
eval: true
 constant 144 idj_0_17
eval: false
 constant 145 idj_5_13
eval: false
 constant 146 ish_7_10
eval: false
 constant 147 ish_13_7
eval: true
 constant 148 idj_7_8
eval: true
 constant 149 ish_12_3
eval: false
 constant 150 idj_13_10
eval: false
 constant 151 ish_15_4
eval: false
 constant 152 ish_0_17
eval: false
 constant 153 idj_14_15
eval: false
 constant 154 ish_8_14
eval: true
 constant 155 ish_11_10
eval: true
 constant 156 ish_4_3
eval: false
 constant 157 ish_10_0
eval: false
 constant 158 idj_10_8
eval: false
 constant 159 idj_15_1
eval: false
 constant 160 idj_12_12
eval: false
 constant 161 ish_13_6
eval: true
 constant 162 ish_5_16
eval: false
 constant 163 ish_4_7
eval: false
 constant 164 ish_16_0
eval: true
 constant 165 idj_15_4
eval: false
 constant 166 idj_13_11
eval: false
 constant 167 ish_5_15
eval: false
 constant 168 ish_15_5
eval: false
 constant 169 idj_13_17
eval: false
 constant 170 ish_11_14
eval: false
 constant 171 idj_12_10
eval: false
 constant 172 idj_11_5
eval: false
 constant 173 idj_12_1
eval: false
 constant 174 ish_6_13
eval: false
 constant 175 idj_14_5
eval: false
 constant 176 idj_1_14
eval: false
 constant 177 ish_1_8
eval: false
 constant 178 idj_5_2
eval: false
 constant 179 idj_1_13
eval: false
 constant 180 ish_17_0
eval: true
 constant 181 ish_9_5
eval: false
 constant 182 idj_7_5
eval: false
 constant 183 ish_5_8
eval: false
 constant 184 idj_17_14
eval: true
 constant 185 ish_14_16
eval: false
 constant 186 ish_10_9
eval: false
 constant 187 idj_10_4
eval: false
 constant 188 ish_1_4
eval: false
 constant 189 idj_5_15
eval: false
 constant 190 ish_9_16
eval: false
 constant 191 ish_5_13
eval: false
 constant 192 idj_12_11
eval: false
 constant 193 idj_13_1
eval: false
 constant 194 ish_3_3
eval: true
 constant 195 ish_4_0
eval: false
 constant 196 idj_7_15
eval: false
 constant 197 ish_9_14
eval: false
 constant 198 idj_10_12
eval: false
 constant 199 ish_0_0
eval: true
 constant 200 idj_8_17
eval: true
 constant 201 ish_2_11
eval: false
 constant 202 execution_statet::\guard_exec?0!0
eval: true
 constant 203 ish_15_14
eval: false
 constant 204 idj_8_0
eval: false
 constant 205 ish_6_15
eval: false
 constant 206 idj_10_11
eval: false
 constant 207 ish_12_10
eval: false
 constant 208 ish_15_7
eval: false
 constant 209 idj_11_4
eval: false
 constant 210 ish_9_12
eval: false
 constant 211 ish_6_1
eval: false
 constant 212 ish_0_12
eval: false
 constant 213 ish_10_8
eval: false
 constant 214 idj_13_13
eval: false
 constant 215 ish_8_13
eval: false
 constant 216 idj_16_7
eval: false
 constant 217 idj_4_7
eval: false
 constant 218 ish_14_2
eval: false
 constant 219 ish_12_16
eval: false
 constant 220 idj_14_12
eval: false
 constant 221 ish_12_4
eval: true
 constant 222 ish_4_17
eval: false
 constant 223 f_th_boolvar2
eval: true
 constant 224 idj_17_15
eval: true
 constant 225 ish_1_9
eval: false
 constant 226 idj_2_10
eval: false
 constant 227 ish_16_17
eval: true
 constant 228 ish_0_13
eval: false
 constant 229 ish_11_1
eval: false
 constant 230 idj_14_14
eval: false
 constant 231 ish_13_1
eval: true
 constant 232 idj_2_0
eval: false
 constant 233 ish_15_1
eval: false
 constant 234 idj_17_17
eval: false
 constant 235 ish_16_4
eval: false
 constant 236 idj_1_2
eval: false
 constant 237 ish_16_13
eval: true
 constant 238 ish_10_17
eval: false
 constant 239 idj_15_13
eval: false
 constant 240 ish_2_17
eval: false
 constant 241 idj_14_1
eval: false
 constant 242 ish_12_13
eval: false
 constant 243 idj_12_2
eval: false
 constant 244 idj_1_10
eval: false
 constant 245 ish_3_10
eval: true
 constant 246 idj_0_15
eval: false
 constant 247 ish_15_0
eval: false
 constant 248 f_th_locvar0_intvar
eval: 2
 constant 249 idj_1_8
eval: false
 constant 250 idj_13_15
eval: false
 constant 251 idj_11_10
eval: false
 constant 252 idj_16_15
eval: true
 constant 253 idj_0_2
eval: false
 constant 254 idj_8_1
eval: false
 constant 255 ish_15_17
eval: false
 constant 256 ish_7_17
eval: true
 constant 257 ish_0_10
eval: false
 constant 258 ish_8_12
eval: true
 constant 259 ish_1_17
eval: false
 constant 260 ish_6_7
eval: false
 constant 261 ish_0_15
eval: false
 constant 262 idj_10_10
eval: false
 constant 263 ish_2_0
eval: false
 constant 264 ish_17_1
eval: true
 constant 265 idj_2_13
eval: false
 constant 266 ish_0_2
eval: false
 constant 267 idj_0_7
eval: false
 constant 268 ish_8_1
eval: false
 constant 269 idj_13_16
eval: false
 constant 270 idj_0_5
eval: false
 constant 271 idj_10_5
eval: false
 constant 272 idj_16_5
eval: false
 constant 273 ish_13_0
eval: true
 constant 274 ish_12_8
eval: false
 constant 275 ish_11_13
eval: false
 constant 276 ish_13_8
eval: false
 constant 277 idj_8_10
eval: false
 constant 278 idj_15_7
eval: false
 constant 279 ish_13_9
eval: true
 constant 280 ish_9_0
eval: false
 constant 281 ish_0_16
eval: false
 constant 282 ish_11_6
eval: false
 constant 283 ish_4_11
eval: false
 constant 284 c:@F@main::$tmp::return_value$___VERIFIER_nondet_bool$2?1!0&0#1
eval: false
 constant 285 ish_5_4
eval: true
 constant 286 ish_15_13
eval: false
 constant 287 idj_7_0
eval: false
 constant 288 idj_5_5
eval: false
 constant 289 idj_7_2
eval: false
 constant 290 idj_4_2
eval: false
 constant 291 idj_16_14
eval: true
 constant 292 ish_6_16
eval: false
 constant 293 idj_8_7
eval: true
 constant 294 ish_8_7
eval: false
 constant 295 ish_5_9
eval: false
 constant 296 idj_5_1
eval: false
 constant 297 smt_conv::smt_conv::tmp_loc::10_intvar
eval: 1
 constant 298 ish_13_3
eval: false
 constant 299 ish_11_11
eval: true
 constant 300 ish_1_14
eval: false
 constant 301 ish_4_8
eval: true
 constant 302 idj_10_0
eval: false
 constant 303 idj_10_17
eval: false
 constant 304 ish_6_2
eval: false
 constant 305 ish_11_15
eval: false
 constant 306 idj_7_7
eval: false
 constant 307 idj_0_16
eval: false
 constant 308 ish_10_2
eval: false
 constant 309 ish_4_5
eval: true
 constant 310 idj_7_13
eval: false
 constant 311 ish_14_9
eval: false
 constant 312 ish_16_9
eval: true
 constant 313 idj_11_16
eval: false
 constant 314 idj_11_1
eval: false
 constant 315 ish_15_10
eval: false
 constant 316 idj_0_0
eval: false
 constant 317 ish_11_4
eval: false
 constant 318 ish_11_12
eval: false
 constant 319 ish_16_8
eval: false
 constant 320 idj_1_12
eval: false
 constant 321 idj_10_7
eval: false
 constant 322 ish_16_7
eval: true
 constant 323 idj_10_1
eval: false
 constant 324 ish_12_2
eval: false
 constant 325 ish_8_2
eval: false
 constant 326 ish_16_16
eval: true
 constant 327 idj_8_15
eval: false
 constant 328 idj_5_14
eval: false
 constant 329 ish_7_6
eval: true
 constant 330 ish_6_9
eval: false
 constant 331 idj_2_14
eval: false
 constant 332 ish_1_0
eval: true
 constant 333 idj_16_8
eval: true
 constant 334 idj_15_10
eval: false
 constant 335 ish_6_3
eval: false
 constant 336 idj_5_11
eval: false
 constant 337 ish_8_4
eval: true
 constant 338 idj_16_4
eval: false
 constant 339 ish_14_14
eval: true
 constant 340 ish_5_0
eval: false
 constant 341 ish_6_11
eval: false
 constant 342 idj_1_7
eval: false
 constant 343 idj_14_10
eval: false
 constant 344 nondet$symex::nondet3
eval: false
 constant 345 idj_15_0
eval: false
 constant 346 idj_5_12
eval: false
 constant 347 ish_14_6
eval: false
 constant 348 idj_15_2
eval: false
 constant 349 idj_16_11
eval: false
 constant 350 idj_16_12
eval: false
 constant 351 ish_16_10
eval: false
 constant 352 ish_1_11
eval: false
 constant 353 ish_4_6
eval: false
 constant 354 idj_4_17
eval: false
 constant 355 ish_8_5
eval: true
 constant 356 ish_7_3
eval: false
 constant 357 idj_16_2
eval: false
 constant 358 ish_12_0
eval: false
 constant 359 idj_17_10
eval: false
 constant 360 ish_11_17
eval: false
 constant 361 ish_7_12
eval: false
 constant 362 ish_17_7
eval: true
 constant 363 idj_12_7
eval: false
 constant 364 ish_12_17
eval: false
 constant 365 idj_1_17
eval: false
 constant 366 idj_2_16
eval: false
 constant 367 ish_2_7
eval: false
 constant 368 f_th_datavar1
eval: 0
 constant 369 idj_13_7
eval: false
 constant 370 ish_14_7
eval: false
 constant 371 idj_14_17
eval: true
 constant 372 ish_12_9
eval: false
 constant 373 ish_5_17
eval: false
 constant 374 idj_0_13
eval: false
 constant 375 ish_2_9
eval: true
 constant 376 ish_4_13
eval: false
 constant 377 ish_10_7
eval: false
 constant 378 ish_11_7
eval: false
 constant 379 ish_14_4
eval: true
 constant 380 ish_7_8
eval: false
 constant 381 ish_10_4
eval: false
 constant 382 ish_5_2
eval: false
 constant 383 ish_9_8
eval: false
 constant 384 ish_5_6
eval: false
 constant 385 idj_4_11
eval: false
 constant 386 idj_15_16
eval: true
 constant 387 idj_11_12
eval: false
 constant 388 ish_9_13
eval: false
 constant 389 idj_5_17
eval: false
 constant 390 idj_13_5
eval: false
 constant 391 idj_4_12
eval: false
 constant 392 ish_1_7
eval: false
 constant 393 ish_15_11
eval: false
 constant 394 idj_16_17
eval: false
 constant 395 ish_15_16
eval: false
 constant 396 ish_17_10
eval: false
 constant 397 ish_4_16
eval: false
 constant 398 ish_13_5
eval: false
 constant 399 ish_7_4
eval: false
 constant 400 idj_8_8
eval: false
 constant 401 ish_7_5
eval: false
 constant 402 idj_2_5
eval: false
 constant 403 idj_2_1
eval: false
 constant 404 idj_15_14
eval: false
 constant 405 ish_7_14
eval: false
 constant 406 ish_5_1
eval: false
 constant 407 ish_10_5
eval: false
 constant 408 ish_16_12
eval: false
 constant 409 idj_4_8
eval: false
 constant 410 ish_6_0
eval: true
 constant 411 idj_8_4
eval: false
 constant 412 idj_17_8
eval: true
 constant 413 ish_13_17
eval: true
 constant 414 ish_6_5
eval: false
 constant 415 idj_1_16
eval: false
 constant 416 ish_17_12
eval: false
 constant 417 ish_7_13
eval: true
 constant 418 ish_9_9
eval: true
 constant 419 ish_16_3
eval: false
 constant 420 idj_5_10
eval: false
 constant 421 idj_17_0
eval: false
 constant 422 ish_0_11
eval: false
 constant 423 idj_10_15
eval: false
 constant 424 f_th_datavar0
eval: 1
 constant 425 idj_4_1
eval: false
 constant 426 ish_0_6
eval: true
 constant 427 idj_10_14
eval: false
 constant 428 ish_9_17
eval: false
 constant 429 ish_6_17
eval: false
 constant 430 ish_15_3
eval: false
 constant 431 c:@F@main::$tmp::return_value$___VERIFIER_nondet_bool$4?1!0&0#1
eval: false
 constant 432 idj_7_11
eval: false
 constant 433 ish_10_6
eval: false
 constant 434 ish_16_14
eval: false
 constant 435 ish_11_8
eval: false
 constant 436 ish_17_8
eval: false
 constant 437 smt_conv::smt_conv::_loaded_val_00_intvar
eval: 2
 constant 438 idj_4_10
eval: false
 constant 439 ish_4_1
eval: false
 constant 440 ish_1_12
eval: false
 constant 441 f_th_boolvar0
eval: true
 constant 442 idj_2_12
eval: false
 constant 443 ish_16_6
eval: true
 constant 444 idj_14_0
eval: false
 constant 445 idj_14_8
eval: false
 constant 446 ish_17_3
eval: false
 constant 447 ish_8_11
eval: false
 constant 448 ish_4_15
eval: false
 constant 449 idj_11_17
eval: false
 constant 450 ish_16_2
eval: true
 constant 451 ish_1_1
eval: true
 constant 452 ish_14_17
eval: false
 constant 453 ish_15_8
eval: false
 constant 454 idj_17_13
eval: false
 constant 455 ish_12_7
eval: false
 constant 456 ish_17_15
eval: false
 constant 457 ish_9_15
eval: false
 constant 458 ish_2_12
eval: false
 constant 459 ish_8_6
eval: false
 constant 460 idj_1_4
eval: false
 constant 461 idj_12_17
eval: false
 constant 462 idj_12_13
eval: false
 constant 463 idj_16_10
eval: false
 constant 464 ish_11_3
eval: false
 constant 465 ish_14_11
eval: false
 constant 466 ish_5_7
eval: false
 constant 467 idj_7_12
eval: false
 constant 468 ish_4_14
eval: false
 constant 469 idj_13_2
eval: false
 constant 470 ish_15_6
eval: true
 constant 471 ish_10_14
eval: false
 constant 472 ish_1_2
eval: false
 constant 473 ish_12_14
eval: false
 constant 474 ish_15_12
eval: false
 constant 475 ish_5_10
eval: false
 constant 476 ish_5_3
eval: false
 constant 477 idj_0_4
eval: true
 constant 478 ish_6_6
eval: true
 constant 479 ish_9_3
eval: false
 constant 480 idj_17_4
eval: false
 constant 481 idj_16_16
eval: false
 constant 482 idj_5_0
eval: false
 constant 483 ish_13_14
eval: false
 constant 484 ish_15_9
eval: true
 constant 485 f_th_boolvar1
eval: true
 constant 486 idj_11_2
eval: false
 constant 487 ish_9_2
eval: true
 constant 488 ish_1_10
eval: false
 constant 489 smt_conv::smt_conv::tmp_loc::00_intvar
eval: 2
 constant 490 idj_4_15
eval: false
 constant 491 ish_0_7
eval: true
 constant 492 idj_1_0
eval: false
 constant 493 idj_14_16
eval: true
 constant 494 ish_1_15
eval: false
 constant 495 idj_7_10
eval: false
 constant 496 idj_17_2
eval: false
 constant 497 ish_2_3
eval: false
 constant 498 idj_13_0
eval: false
 constant 499 ish_14_13
eval: false
 constant 500 idj_10_16
eval: false
 constant 501 ish_10_12
eval: false
 constant 502 ish_17_17
eval: true
 constant 503 idj_13_14
eval: true
 constant 504 ish_6_4
eval: false
 constant 505 idj_15_8
eval: false
 constant 506 idj_5_4
eval: false
 constant 507 ish_11_5
eval: false
 constant 508 idj_12_14
eval: false
 constant 509 ish_8_9
eval: false
 constant 510 idj_7_1
eval: false
 constant 511 ish_10_11
eval: true
 constant 512 ish_5_5
eval: true
 constant 513 idj_15_12
eval: false
 constant 514 ish_7_0
eval: true
 constant 515 idj_8_16
eval: true
 constant 516 ish_13_12
eval: false
 constant 517 ish_14_3
eval: false
 constant 518 idj_4_4
eval: false
 constant 519 ish_14_1
eval: false
 constant 520 idj_17_5
eval: false
 constant 521 idj_15_5
eval: false
 constant 522 ish_8_10
eval: false
 constant 523 idj_0_1
eval: false
 constant 524 ish_7_9
eval: true
 constant 525 idj_8_13
eval: true
 constant 526 idj_17_16
eval: false
 constant 527 ish_4_10
eval: false
 constant 528 ish_9_11
eval: false
 constant 529 ish_14_8
eval: true
 constant 530 ish_10_16
eval: false
 constant 531 ish_13_15
eval: false
 constant 532 idj_17_1
eval: false
 constant 533 idj_15_15
eval: false
 constant 534 ish_6_8
eval: false
 constant 535 ish_2_5
eval: false
 constant 536 ish_5_11
eval: false
 constant 537 ish_15_15
eval: true
 constant 538 idj_7_4
eval: false
 constant 539 ish_14_12
eval: true
 constant 540 idj_12_4
eval: false
 constant 541 idj_5_7
eval: false
 constant 542 ish_2_8
eval: false
 constant 543 idj_16_13
eval: false
 constant 544 idj_11_11
eval: false
 constant 545 symex_location::symex_dynamic::dynamic_heap_3_loc&0#0_intvar
eval: 2
 constant 546 idj_10_2
eval: false
 constant 547 idj_12_5
eval: false
 constant 548 f_th_boolvar3
eval: false
 constant 549 ish_1_3
eval: false
 constant 550 idj_15_17
eval: true
 constant 551 ish_1_6
eval: false
translated model over
===== valuation result:
c:@F@main::$tmp::return_value$___VERIFIER_nondet_bool$2?1!0&0#1
c:@F@main::$tmp::return_value$___VERIFIER_nondet_bool$4?1!0&0#1
execution_statet::\guard_exec?0!0
f_th_boolvar0
f_th_boolvar1
f_th_boolvar2
f_th_boolvar3
f_th_datavar0
int val for f_th_datavar0  val 1
f_th_datavar0
f_th_datavar1
int val for f_th_datavar1  val 0
f_th_datavar1
f_th_locvar0_intvar
int val for f_th_locvar0_intvar  val 2
f_th_locvar0

goto_symex::guard?0!0&0#1
idj_0_0
idj_0_1
idj_0_10
idj_0_11
idj_0_12
idj_0_13
idj_0_14
idj_0_15
idj_0_16
idj_0_17
idj_0_2
idj_0_4
idj_0_5
idj_0_7
idj_0_8
idj_10_0
idj_10_1
idj_10_10
idj_10_11
idj_10_12
idj_10_13
idj_10_14
idj_10_15
idj_10_16
idj_10_17
idj_10_2
idj_10_4
idj_10_5
idj_10_7
idj_10_8
idj_11_0
idj_11_1
idj_11_10
idj_11_11
idj_11_12
idj_11_13
idj_11_14
idj_11_15
idj_11_16
idj_11_17
idj_11_2
idj_11_4
idj_11_5
idj_11_7
idj_11_8
idj_12_0
idj_12_1
idj_12_10
idj_12_11
idj_12_12
idj_12_13
idj_12_14
idj_12_15
idj_12_16
idj_12_17
idj_12_2
idj_12_4
idj_12_5
idj_12_7
idj_12_8
idj_13_0
idj_13_1
idj_13_10
idj_13_11
idj_13_12
idj_13_13
idj_13_14
idj_13_15
idj_13_16
idj_13_17
idj_13_2
idj_13_4
idj_13_5
idj_13_7
idj_13_8
idj_14_0
idj_14_1
idj_14_10
idj_14_11
idj_14_12
idj_14_13
idj_14_14
idj_14_15
idj_14_16
idj_14_17
idj_14_2
idj_14_4
idj_14_5
idj_14_7
idj_14_8
idj_15_0
idj_15_1
idj_15_10
idj_15_11
idj_15_12
idj_15_13
idj_15_14
idj_15_15
idj_15_16
idj_15_17
idj_15_2
idj_15_4
idj_15_5
idj_15_7
idj_15_8
idj_16_0
idj_16_1
idj_16_10
idj_16_11
idj_16_12
idj_16_13
idj_16_14
idj_16_15
idj_16_16
idj_16_17
idj_16_2
idj_16_4
idj_16_5
idj_16_7
idj_16_8
idj_17_0
idj_17_1
idj_17_10
idj_17_11
idj_17_12
idj_17_13
idj_17_14
idj_17_15
idj_17_16
idj_17_17
idj_17_2
idj_17_4
idj_17_5
idj_17_7
idj_17_8
idj_1_0
idj_1_1
idj_1_10
idj_1_11
idj_1_12
idj_1_13
idj_1_14
idj_1_15
idj_1_16
idj_1_17
idj_1_2
idj_1_4
idj_1_5
idj_1_7
idj_1_8
idj_2_0
idj_2_1
idj_2_10
idj_2_11
idj_2_12
idj_2_13
idj_2_14
idj_2_15
idj_2_16
idj_2_17
idj_2_2
idj_2_4
idj_2_5
idj_2_7
idj_2_8
idj_4_0
idj_4_1
idj_4_10
idj_4_11
idj_4_12
idj_4_13
idj_4_14
idj_4_15
idj_4_16
idj_4_17
idj_4_2
idj_4_4
idj_4_5
idj_4_7
idj_4_8
idj_5_0
idj_5_1
idj_5_10
idj_5_11
idj_5_12
idj_5_13
idj_5_14
idj_5_15
idj_5_16
idj_5_17
idj_5_2
idj_5_4
idj_5_5
idj_5_7
idj_5_8
idj_7_0
idj_7_1
idj_7_10
idj_7_11
idj_7_12
idj_7_13
idj_7_14
idj_7_15
idj_7_16
idj_7_17
idj_7_2
idj_7_4
idj_7_5
idj_7_7
idj_7_8
idj_8_0
idj_8_1
idj_8_10
idj_8_11
idj_8_12
idj_8_13
idj_8_14
idj_8_15
idj_8_16
idj_8_17
idj_8_2
idj_8_4
idj_8_5
idj_8_7
idj_8_8
ish_0_0
ish_0_1
ish_0_10
ish_0_11
ish_0_12
ish_0_13
ish_0_14
ish_0_15
ish_0_16
ish_0_17
ish_0_2
ish_0_3
ish_0_4
ish_0_5
ish_0_6
ish_0_7
ish_0_8
ish_0_9
ish_10_0
ish_10_1
ish_10_10
ish_10_11
ish_10_12
ish_10_13
ish_10_14
ish_10_15
ish_10_16
ish_10_17
ish_10_2
ish_10_3
ish_10_4
ish_10_5
ish_10_6
ish_10_7
ish_10_8
ish_10_9
ish_11_0
ish_11_1
ish_11_10
ish_11_11
ish_11_12
ish_11_13
ish_11_14
ish_11_15
ish_11_16
ish_11_17
ish_11_2
ish_11_3
ish_11_4
ish_11_5
ish_11_6
ish_11_7
ish_11_8
ish_11_9
ish_12_0
ish_12_1
ish_12_10
ish_12_11
ish_12_12
ish_12_13
ish_12_14
ish_12_15
ish_12_16
ish_12_17
ish_12_2
ish_12_3
ish_12_4
ish_12_5
ish_12_6
ish_12_7
ish_12_8
ish_12_9
ish_13_0
ish_13_1
ish_13_10
ish_13_11
ish_13_12
ish_13_13
ish_13_14
ish_13_15
ish_13_16
ish_13_17
ish_13_2
ish_13_3
ish_13_4
ish_13_5
ish_13_6
ish_13_7
ish_13_8
ish_13_9
ish_14_0
ish_14_1
ish_14_10
ish_14_11
ish_14_12
ish_14_13
ish_14_14
ish_14_15
ish_14_16
ish_14_17
ish_14_2
ish_14_3
ish_14_4
ish_14_5
ish_14_6
ish_14_7
ish_14_8
ish_14_9
ish_15_0
ish_15_1
ish_15_10
ish_15_11
ish_15_12
ish_15_13
ish_15_14
ish_15_15
ish_15_16
ish_15_17
ish_15_2
ish_15_3
ish_15_4
ish_15_5
ish_15_6
ish_15_7
ish_15_8
ish_15_9
ish_16_0
ish_16_1
ish_16_10
ish_16_11
ish_16_12
ish_16_13
ish_16_14
ish_16_15
ish_16_16
ish_16_17
ish_16_2
ish_16_3
ish_16_4
ish_16_5
ish_16_6
ish_16_7
ish_16_8
ish_16_9
ish_17_0
ish_17_1
ish_17_10
ish_17_11
ish_17_12
ish_17_13
ish_17_14
ish_17_15
ish_17_16
ish_17_17
ish_17_2
ish_17_3
ish_17_4
ish_17_5
ish_17_6
ish_17_7
ish_17_8
ish_17_9
ish_1_0
ish_1_1
ish_1_10
ish_1_11
ish_1_12
ish_1_13
ish_1_14
ish_1_15
ish_1_16
ish_1_17
ish_1_2
ish_1_3
ish_1_4
ish_1_5
ish_1_6
ish_1_7
ish_1_8
ish_1_9
ish_2_0
ish_2_1
ish_2_10
ish_2_11
ish_2_12
ish_2_13
ish_2_14
ish_2_15
ish_2_16
ish_2_17
ish_2_2
ish_2_3
ish_2_4
ish_2_5
ish_2_6
ish_2_7
ish_2_8
ish_2_9
ish_3_10
ish_3_3
ish_4_0
ish_4_1
ish_4_10
ish_4_11
ish_4_12
ish_4_13
ish_4_14
ish_4_15
ish_4_16
ish_4_17
ish_4_2
ish_4_3
ish_4_4
ish_4_5
ish_4_6
ish_4_7
ish_4_8
ish_4_9
ish_5_0
ish_5_1
ish_5_10
ish_5_11
ish_5_12
ish_5_13
ish_5_14
ish_5_15
ish_5_16
ish_5_17
ish_5_2
ish_5_3
ish_5_4
ish_5_5
ish_5_6
ish_5_7
ish_5_8
ish_5_9
ish_6_0
ish_6_1
ish_6_10
ish_6_11
ish_6_12
ish_6_13
ish_6_14
ish_6_15
ish_6_16
ish_6_17
ish_6_2
ish_6_3
ish_6_4
ish_6_5
ish_6_6
ish_6_7
ish_6_8
ish_6_9
ish_7_0
ish_7_1
ish_7_10
ish_7_11
ish_7_12
ish_7_13
ish_7_14
ish_7_15
ish_7_16
ish_7_17
ish_7_2
ish_7_3
ish_7_4
ish_7_5
ish_7_6
ish_7_7
ish_7_8
ish_7_9
ish_8_0
ish_8_1
ish_8_10
ish_8_11
ish_8_12
ish_8_13
ish_8_14
ish_8_15
ish_8_16
ish_8_17
ish_8_2
ish_8_3
ish_8_4
ish_8_5
ish_8_6
ish_8_7
ish_8_8
ish_8_9
ish_9_0
ish_9_1
ish_9_10
ish_9_11
ish_9_12
ish_9_13
ish_9_14
ish_9_15
ish_9_16
ish_9_17
ish_9_2
ish_9_3
ish_9_4
ish_9_5
ish_9_6
ish_9_7
ish_9_8
ish_9_9
nondet$symex::nondet1
nondet$symex::nondet3
smt_conv::smt_conv::_loaded_val_00_intvar
int val for smt_conv::smt_conv::_loaded_val_00_intvar  val 2
smt_conv::smt_conv::_loaded_val_00

smt_conv::smt_conv::_tmp_val_00_intvar
int val for smt_conv::smt_conv::_tmp_val_00_intvar  val 2
smt_conv::smt_conv::_tmp_val_00

smt_conv::smt_conv::tmp_loc::00_intvar
int val for smt_conv::smt_conv::tmp_loc::00_intvar  val 2
smt_conv::smt_conv::tmp_loc::00

smt_conv::smt_conv::tmp_loc::10_intvar
int val for smt_conv::smt_conv::tmp_loc::10_intvar  val 1
smt_conv::smt_conv::tmp_loc::10

symex_location::symex_dynamic::dynamic_heap_1_loc&0#0_intvar
int val for symex_location::symex_dynamic::dynamic_heap_1_loc&0#0_intvar  val 1
symex_location::symex_dynamic::dynamic_heap_1_loc&0#0

symex_location::symex_dynamic::dynamic_heap_3_loc&0#0_intvar
int val for symex_location::symex_dynamic::dynamic_heap_3_loc&0#0_intvar  val 2
symex_location::symex_dynamic::dynamic_heap_3_loc&0#0

model info recorded: 
model subsume info size: 14
------- main
( (pt |symex_location::symex_dynamic::dynamic_heap_1_loc&0#0|
    (Pt_R_0 |smt_conv::smt_conv::_tmp_val_00|)) | )
------- subs
( (pt |symex_location::symex_dynamic::dynamic_heap_1_loc&0#0|
    (Pt_R_0 |smt_conv::smt_conv::tmp_loc::00|)) | )
( (pt |symex_location::symex_dynamic::dynamic_heap_1_loc&0#0|
    (Pt_R_0 |smt_conv::smt_conv::_loaded_val_00|)) | )
( (pt |symex_location::symex_dynamic::dynamic_heap_1_loc&0#0|
    (Pt_R_0 |symex_location::symex_dynamic::dynamic_heap_3_loc&0#0|)) | )
( (pt |symex_location::symex_dynamic::dynamic_heap_1_loc&0#0|
    (Pt_R_0 |smt_conv::smt_conv::_tmp_val_00|)) | )
------- main
( (pt |symex_location::symex_dynamic::dynamic_heap_1_loc&0#0|
    (Pt_R_0 |smt_conv::smt_conv::tmp_loc::00|)) | )
------- subs
( (pt |symex_location::symex_dynamic::dynamic_heap_1_loc&0#0|
    (Pt_R_0 |smt_conv::smt_conv::tmp_loc::00|)) | )
( (pt |symex_location::symex_dynamic::dynamic_heap_1_loc&0#0|
    (Pt_R_0 |smt_conv::smt_conv::_loaded_val_00|)) | )
( (pt |symex_location::symex_dynamic::dynamic_heap_1_loc&0#0|
    (Pt_R_0 |symex_location::symex_dynamic::dynamic_heap_3_loc&0#0|)) | )
( (pt |symex_location::symex_dynamic::dynamic_heap_1_loc&0#0|
    (Pt_R_0 |smt_conv::smt_conv::_tmp_val_00|)) | )
------- main
( (pt |symex_location::symex_dynamic::dynamic_heap_1_loc&0#0|
    (Pt_R_0 |smt_conv::smt_conv::_tmp_val_00|)) | |smt_conv::smt_conv::_tmp_heap_00| | )
------- subs
( (pt |symex_location::symex_dynamic::dynamic_heap_1_loc&0#0|
    (Pt_R_0 |smt_conv::smt_conv::tmp_loc::00|)) | )
( (pt |symex_location::symex_dynamic::dynamic_heap_1_loc&0#0|
    (Pt_R_0 |smt_conv::smt_conv::_loaded_val_00|)) | )
( (pt |symex_location::symex_dynamic::dynamic_heap_1_loc&0#0|
    (Pt_R_0 |symex_location::symex_dynamic::dynamic_heap_3_loc&0#0|)) | )
( (pt |symex_location::symex_dynamic::dynamic_heap_1_loc&0#0|
    (Pt_R_0 |smt_conv::smt_conv::_tmp_val_00|)) | )
------- main
( |symex_dynamic::dynamic_heap_1&0#4| | )
------- subs
( (pt |symex_location::symex_dynamic::dynamic_heap_1_loc&0#0|
    (Pt_R_0 |smt_conv::smt_conv::tmp_loc::00|)) | )
( (pt |symex_location::symex_dynamic::dynamic_heap_1_loc&0#0|
    (Pt_R_0 |smt_conv::smt_conv::_loaded_val_00|)) | )
( (pt |symex_location::symex_dynamic::dynamic_heap_1_loc&0#0|
    (Pt_R_0 |symex_location::symex_dynamic::dynamic_heap_3_loc&0#0|)) | )
( (pt |symex_location::symex_dynamic::dynamic_heap_1_loc&0#0|
    (Pt_R_0 |smt_conv::smt_conv::_tmp_val_00|)) | )
------- main
( |symex_dynamic::dynamic_heap_3&0#4| | )
------- subs
( (pt |symex_location::symex_dynamic::dynamic_heap_3_loc&0#0|
    (Pt_R_0 |smt_conv::smt_conv::tmp_loc::10|)) | )
( (pt f_th_locvar0 (Pt_R_1 f_th_datavar0)) | )
------- main
( (pt |symex_location::symex_dynamic::dynamic_heap_1_loc&0#0|
    (Pt_R_0 |symex_location::symex_dynamic::dynamic_heap_3_loc&0#0|)) | |smt_conv::smt_conv::_tmp_heap_00| | )
------- subs
( (pt |symex_location::symex_dynamic::dynamic_heap_1_loc&0#0|
    (Pt_R_0 |smt_conv::smt_conv::tmp_loc::00|)) | )
( (pt |symex_location::symex_dynamic::dynamic_heap_1_loc&0#0|
    (Pt_R_0 |smt_conv::smt_conv::_loaded_val_00|)) | )
( (pt |symex_location::symex_dynamic::dynamic_heap_1_loc&0#0|
    (Pt_R_0 |symex_location::symex_dynamic::dynamic_heap_3_loc&0#0|)) | )
( (pt |symex_location::symex_dynamic::dynamic_heap_1_loc&0#0|
    (Pt_R_0 |smt_conv::smt_conv::_tmp_val_00|)) | )
------- main
( |symex_dynamic::dynamic_heap_3&0#1| | )
------- subs
( (pt |symex_location::symex_dynamic::dynamic_heap_3_loc&0#0|
    (Pt_R_0 |smt_conv::smt_conv::tmp_loc::10|)) | )
( (pt f_th_locvar0 (Pt_R_1 f_th_datavar0)) | )
------- main
( (pt |symex_location::symex_dynamic::dynamic_heap_1_loc&0#0|
    (Pt_R_0 |smt_conv::smt_conv::_loaded_val_00|)) | )
------- subs
( (pt |symex_location::symex_dynamic::dynamic_heap_1_loc&0#0|
    (Pt_R_0 |smt_conv::smt_conv::tmp_loc::00|)) | )
( (pt |symex_location::symex_dynamic::dynamic_heap_1_loc&0#0|
    (Pt_R_0 |smt_conv::smt_conv::_loaded_val_00|)) | )
( (pt |symex_location::symex_dynamic::dynamic_heap_1_loc&0#0|
    (Pt_R_0 |symex_location::symex_dynamic::dynamic_heap_3_loc&0#0|)) | )
( (pt |symex_location::symex_dynamic::dynamic_heap_1_loc&0#0|
    (Pt_R_0 |smt_conv::smt_conv::_tmp_val_00|)) | )
------- main
( |symex_dynamic::dynamic_heap_3&0#5| | )
------- subs
( (pt |symex_location::symex_dynamic::dynamic_heap_3_loc&0#0|
    (Pt_R_0 |smt_conv::smt_conv::tmp_loc::10|)) | )
( (pt f_th_locvar0 (Pt_R_1 f_th_datavar0)) | )
------- main
( (pt |symex_location::symex_dynamic::dynamic_heap_1_loc&0#0|
    (Pt_R_0 |symex_location::symex_dynamic::dynamic_heap_3_loc&0#0|)) | )
------- subs
( (pt |symex_location::symex_dynamic::dynamic_heap_1_loc&0#0|
    (Pt_R_0 |smt_conv::smt_conv::tmp_loc::00|)) | )
( (pt |symex_location::symex_dynamic::dynamic_heap_1_loc&0#0|
    (Pt_R_0 |smt_conv::smt_conv::_loaded_val_00|)) | )
( (pt |symex_location::symex_dynamic::dynamic_heap_1_loc&0#0|
    (Pt_R_0 |symex_location::symex_dynamic::dynamic_heap_3_loc&0#0|)) | )
( (pt |symex_location::symex_dynamic::dynamic_heap_1_loc&0#0|
    (Pt_R_0 |smt_conv::smt_conv::_tmp_val_00|)) | )
------- main
( (pt f_th_locvar0 (Pt_R_1 f_th_datavar0)) | )
------- subs
( (pt |symex_location::symex_dynamic::dynamic_heap_3_loc&0#0|
    (Pt_R_0 |smt_conv::smt_conv::tmp_loc::10|)) | )
( (pt f_th_locvar0 (Pt_R_1 f_th_datavar0)) | )
------- main
( (pt |symex_location::symex_dynamic::dynamic_heap_3_loc&0#0|
    (Pt_R_0 |smt_conv::smt_conv::tmp_loc::10|)) | )
------- subs
( (pt |symex_location::symex_dynamic::dynamic_heap_3_loc&0#0|
    (Pt_R_0 |smt_conv::smt_conv::tmp_loc::10|)) | )
( (pt f_th_locvar0 (Pt_R_1 f_th_datavar0)) | )
------- main
( |symex_dynamic::dynamic_heap_1&0#1| | )
------- subs
( (pt |symex_location::symex_dynamic::dynamic_heap_1_loc&0#0|
    (Pt_R_0 |smt_conv::smt_conv::tmp_loc::00|)) | )
( (pt |symex_location::symex_dynamic::dynamic_heap_1_loc&0#0|
    (Pt_R_0 |smt_conv::smt_conv::_loaded_val_00|)) | )
( (pt |symex_location::symex_dynamic::dynamic_heap_1_loc&0#0|
    (Pt_R_0 |symex_location::symex_dynamic::dynamic_heap_3_loc&0#0|)) | )
( (pt |symex_location::symex_dynamic::dynamic_heap_1_loc&0#0|
    (Pt_R_0 |smt_conv::smt_conv::_tmp_val_00|)) | )
------- main
( |symex_dynamic::dynamic_heap_1&0#3| | )
------- subs
( (pt |symex_location::symex_dynamic::dynamic_heap_1_loc&0#0|
    (Pt_R_0 |smt_conv::smt_conv::tmp_loc::00|)) | )
( (pt |symex_location::symex_dynamic::dynamic_heap_1_loc&0#0|
    (Pt_R_0 |smt_conv::smt_conv::_loaded_val_00|)) | )
( (pt |symex_location::symex_dynamic::dynamic_heap_1_loc&0#0|
    (Pt_R_0 |symex_location::symex_dynamic::dynamic_heap_3_loc&0#0|)) | )
( (pt |symex_location::symex_dynamic::dynamic_heap_1_loc&0#0|
    (Pt_R_0 |smt_conv::smt_conv::_tmp_val_00|)) | )
locvar vals: 
f_th_datavar0 1
f_th_datavar1 0
f_th_locvar0 2
smt_conv::smt_conv::_loaded_val_00 2
smt_conv::smt_conv::_tmp_val_00 2
smt_conv::smt_conv::tmp_loc::00 2
smt_conv::smt_conv::tmp_loc::10 1
symex_location::symex_dynamic::dynamic_heap_1_loc&0#0 1
symex_location::symex_dynamic::dynamic_heap_3_loc&0#0 2
free heap vars:
FINAL CHECK DONE
init model for slhv: arith factory, locvar_factory and heap factory
Solving claim 8 with solver Z3-slhv
Runtime decision procedure: 0.028s
--------------------------------- Result -----------------------------------
Location: file global-atexit-1.c line 19 column 1 function main
Comment: dereference failure, forgotten memory: symex_dynamic::dynamic_heap_3
Property: MEMORY_LEAK Result: sat Time: 0.028s
--------------------------------- Result -----------------------------------

Slicing time: 0.000s (removed 5 assignments)
Encoding remaining VCC(s) using SLHV
Encoding to solver time: 0.000s
Number of heap terms: 18
Number of aht: 15
Number of locvars: 7
begin generate deduced assumptions disj
lia assertion size: 7746
XXXXXXXXXXXXXXXXX translated constraint result XXXXXXXXXXXXXXXXXXX
translated model: 
 constant 0 idj_0_12
eval: false
 constant 1 idj_4_14
eval: false
 constant 2 idj_17_3
eval: false
 constant 3 ish_9_6
eval: false
 constant 4 ish_2_13
eval: false
 constant 5 ish_8_17
eval: false
 constant 6 ish_9_7
eval: false
 constant 7 ish_0_8
eval: false
 constant 8 ish_13_13
eval: true
 constant 9 idj_11_0
eval: false
 constant 10 ish_7_16
eval: false
 constant 11 idj_11_15
eval: false
 constant 12 ish_13_16
eval: true
 constant 13 ish_2_2
eval: true
 constant 14 ish_12_6
eval: false
 constant 15 idj_14_6
eval: false
 constant 16 ish_17_16
eval: true
 constant 17 ish_17_11
eval: false
 constant 18 ish_4_9
eval: false
 constant 19 idj_11_6
eval: false
 constant 20 idj_12_8
eval: false
 constant 21 ish_14_15
eval: true
 constant 22 idj_8_12
eval: false
 constant 23 ish_3_1
eval: false
 constant 24 idj_8_6
eval: false
 constant 25 ish_11_16
eval: false
 constant 26 idj_12_6
eval: false
 constant 27 ish_3_0
eval: false
 constant 28 idj_0_10
eval: false
 constant 29 ish_2_6
eval: false
 constant 30 ish_6_14
eval: false
 constant 31 idj_6_12
eval: false
 constant 32 ish_16_15
eval: false
 constant 33 idj_4_6
eval: false
 constant 34 ish_10_13
eval: false
 constant 35 ish_17_9
eval: false
 constant 36 idj_3_11
eval: false
 constant 37 ish_17_13
eval: false
 constant 38 idj_0_11
eval: false
 constant 39 idj_6_9
eval: false
 constant 40 idj_10_9
eval: false
 constant 41 ish_17_2
eval: false
 constant 42 idj_6_16
eval: false
 constant 43 idj_11_8
eval: false
 constant 44 ish_16_11
eval: false
 constant 45 ish_3_12
eval: false
 constant 46 ish_7_2
eval: false
 constant 47 ish_11_9
eval: true
 constant 48 ish_0_14
eval: false
 constant 49 idj_13_12
eval: true
 constant 50 ish_2_10
eval: false
 constant 51 idj_13_6
eval: true
 constant 52 idj_13_4
eval: false
 constant 53 idj_17_9
eval: false
 constant 54 ish_14_5
eval: false
 constant 55 idj_14_4
eval: false
 constant 56 idj_9_8
eval: false
 constant 57 ish_16_1
eval: false
 constant 58 idj_14_13
eval: false
 constant 59 ish_12_12
eval: true
 constant 60 ish_13_2
eval: true
 constant 61 idj_5_6
eval: false
 constant 62 ish_4_2
eval: false
 constant 63 ish_11_2
eval: false
 constant 64 ish_13_11
eval: false
 constant 65 ish_12_1
eval: false
 constant 66 ish_17_4
eval: false
 constant 67 idj_9_0
eval: false
 constant 68 ish_3_11
eval: false
 constant 69 ish_10_15
eval: true
 constant 70 ish_8_3
eval: false
 constant 71 idj_0_14
eval: false
 constant 72 ish_11_0
eval: true
 constant 73 ish_4_4
eval: true
 constant 74 ish_0_1
eval: false
 constant 75 idj_4_0
eval: false
 constant 76 ish_8_8
eval: true
 constant 77 idj_15_3
eval: false
 constant 78 ish_7_7
eval: true
 constant 79 ish_17_5
eval: false
 constant 80 ish_6_10
eval: false
 constant 81 idj_17_11
eval: false
 constant 82 ish_0_5
eval: false
 constant 83 idj_4_16
eval: false
 constant 84 idj_13_8
eval: false
 constant 85 idj_8_11
eval: false
 constant 86 ish_5_14
eval: false
 constant 87 idj_11_14
eval: false
 constant 88 idj_5_8
eval: false
 constant 89 idj_4_9
eval: false
 constant 90 idj_9_5
eval: false
 constant 91 idj_15_11
eval: false
 constant 92 idj_16_9
eval: false
 constant 93 idj_12_0
eval: false
 constant 94 nondet$symex::nondet1
eval: false
 constant 95 ish_14_0
eval: false
 constant 96 ish_2_15
eval: false
 constant 97 ish_10_3
eval: false
 constant 98 idj_12_16
eval: false
 constant 99 ish_12_5
eval: false
 constant 100 ish_2_4
eval: false
 constant 101 ish_10_10
eval: true
 constant 102 ish_14_10
eval: false
 constant 103 ish_7_1
eval: false
 constant 104 ish_9_10
eval: false
 constant 105 idj_16_0
eval: false
 constant 106 ish_15_2
eval: false
 constant 107 ish_12_11
eval: false
 constant 108 idj_3_5
eval: false
 constant 109 idj_17_12
eval: false
 constant 110 ish_2_14
eval: false
 constant 111 idj_12_15
eval: false
 constant 112 idj_8_14
eval: false
 constant 113 ish_7_15
eval: true
 constant 114 idj_14_11
eval: false
 constant 115 ish_6_12
eval: false
 constant 116 idj_6_6
eval: false
 constant 117 ish_0_4
eval: false
 constant 118 idj_8_5
eval: false
 constant 119 symex_location::symex_dynamic::dynamic_heap_1_loc&0#0_intvar
eval: 2
 constant 120 ish_13_10
eval: false
 constant 121 idj_4_5
eval: false
 constant 122 ish_2_1
eval: false
 constant 123 ish_12_15
eval: false
 constant 124 ish_2_16
eval: true
 constant 125 idj_0_8
eval: false
 constant 126 ish_0_9
eval: true
 constant 127 ish_8_15
eval: false
 constant 128 ish_5_12
eval: false
 constant 129 idj_5_16
eval: true
 constant 130 ish_4_12
eval: false
 constant 131 idj_4_13
eval: false
 constant 132 idj_11_13
eval: false
 constant 133 idj_3_8
eval: false
 constant 134 ish_0_3
eval: false
 constant 135 ish_9_1
eval: false
 constant 136 ish_13_4
eval: false
 constant 137 ish_10_1
eval: false
 constant 138 ish_16_5
eval: false
 constant 139 idj_5_9
eval: false
 constant 140 ish_7_11
eval: false
 constant 141 idj_10_13
eval: false
 constant 142 ish_8_16
eval: false
 constant 143 smt_conv::smt_conv::_tmp_val_00_intvar
eval: 2
 constant 144 ish_9_4
eval: false
 constant 145 idj_0_17
eval: false
 constant 146 idj_11_9
eval: false
 constant 147 idj_5_13
eval: false
 constant 148 ish_17_6
eval: false
 constant 149 ish_7_10
eval: false
 constant 150 ish_13_7
eval: false
 constant 151 idj_9_6
eval: false
 constant 152 ish_3_4
eval: false
 constant 153 ish_12_3
eval: false
 constant 154 idj_13_10
eval: false
 constant 155 ish_15_4
eval: false
 constant 156 ish_0_17
eval: false
 constant 157 idj_14_15
eval: false
 constant 158 ish_8_14
eval: false
 constant 159 idj_3_0
eval: false
 constant 160 idj_10_8
eval: false
 constant 161 ish_4_3
eval: false
 constant 162 idj_12_12
eval: false
 constant 163 idj_3_10
eval: false
 constant 164 ish_11_10
eval: true
 constant 165 ish_10_0
eval: true
 constant 166 ish_5_16
eval: false
 constant 167 ish_13_6
eval: false
 constant 168 ish_4_7
eval: false
 constant 169 ish_16_0
eval: false
 constant 170 idj_15_4
eval: false
 constant 171 idj_3_6
eval: true
 constant 172 ish_5_15
eval: false
 constant 173 idj_13_11
eval: false
 constant 174 ish_15_5
eval: false
 constant 175 idj_13_17
eval: false
 constant 176 ish_11_14
eval: true
 constant 177 idj_12_10
eval: false
 constant 178 idj_11_5
eval: false
 constant 179 idj_13_9
eval: false
 constant 180 ish_6_13
eval: false
 constant 181 idj_14_5
eval: false
 constant 182 ish_1_8
eval: true
 constant 183 idj_12_9
eval: false
 constant 184 ish_17_0
eval: false
 constant 185 ish_9_5
eval: false
 constant 186 idj_6_8
eval: false
 constant 187 ish_10_9
eval: true
 constant 188 ish_5_8
eval: false
 constant 189 ish_14_16
eval: false
 constant 190 idj_17_14
eval: false
 constant 191 idj_10_4
eval: false
 constant 192 idj_5_15
eval: false
 constant 193 ish_1_4
eval: true
 constant 194 ish_9_16
eval: false
 constant 195 ish_5_13
eval: false
 constant 196 idj_12_11
eval: true
 constant 197 ish_3_3
eval: true
 constant 198 idj_6_10
eval: false
 constant 199 idj_6_15
eval: false
 constant 200 ish_9_14
eval: false
 constant 201 idj_9_3
eval: false
 constant 202 idj_10_12
eval: false
 constant 203 ish_0_0
eval: true
 constant 204 ish_2_11
eval: false
 constant 205 execution_statet::\guard_exec?0!0
eval: true
 constant 206 idj_8_17
eval: false
 constant 207 idj_8_0
eval: false
 constant 208 ish_15_14
eval: true
 constant 209 ish_6_15
eval: false
 constant 210 idj_10_11
eval: false
 constant 211 ish_12_10
eval: false
 constant 212 idj_9_16
eval: false
 constant 213 ish_15_7
eval: true
 constant 214 idj_11_4
eval: false
 constant 215 ish_9_12
eval: false
 constant 216 ish_6_1
eval: false
 constant 217 ish_0_12
eval: false
 constant 218 ish_10_8
eval: false
 constant 219 idj_13_13
eval: false
 constant 220 ish_8_13
eval: false
 constant 221 ish_3_8
eval: false
 constant 222 ish_14_2
eval: false
 constant 223 ish_12_16
eval: false
 constant 224 idj_14_12
eval: false
 constant 225 ish_4_17
eval: false
 constant 226 ish_12_4
eval: false
 constant 227 idj_17_15
eval: false
 constant 228 ish_1_9
eval: false
 constant 229 idj_10_6
eval: false
 constant 230 idj_6_17
eval: false
 constant 231 ish_0_13
eval: false
 constant 232 ish_11_1
eval: false
 constant 233 ish_16_17
eval: true
 constant 234 idj_14_14
eval: false
 constant 235 ish_13_1
eval: false
 constant 236 ish_15_1
eval: false
 constant 237 idj_17_17
eval: false
 constant 238 ish_16_4
eval: false
 constant 239 idj_3_16
eval: false
 constant 240 idj_15_13
eval: false
 constant 241 ish_10_17
eval: false
 constant 242 ish_16_13
eval: false
 constant 243 ish_2_17
eval: false
 constant 244 ish_12_13
eval: false
 constant 245 ish_3_17
eval: true
 constant 246 idj_0_15
eval: false
 constant 247 ish_3_10
eval: false
 constant 248 ish_15_0
eval: false
 constant 249 f_th_locvar0_intvar
eval: 2
 constant 250 idj_13_15
eval: false
 constant 251 idj_9_14
eval: false
 constant 252 idj_11_10
eval: false
 constant 253 idj_16_15
eval: false
 constant 254 ish_15_17
eval: false
 constant 255 ish_6_7
eval: false
 constant 256 ish_7_17
eval: false
 constant 257 ish_8_12
eval: false
 constant 258 ish_0_10
eval: false
 constant 259 ish_0_15
eval: false
 constant 260 ish_17_1
eval: false
 constant 261 ish_2_0
eval: false
 constant 262 idj_10_10
eval: false
 constant 263 ish_0_2
eval: false
 constant 264 idj_9_17
eval: false
 constant 265 ish_8_1
eval: true
 constant 266 idj_0_5
eval: false
 constant 267 idj_10_5
eval: false
 constant 268 idj_13_16
eval: false
 constant 269 idj_16_5
eval: true
 constant 270 ish_13_0
eval: false
 constant 271 ish_12_8
eval: false
 constant 272 ish_11_13
eval: false
 constant 273 idj_17_6
eval: false
 constant 274 idj_8_10
eval: false
 constant 275 ish_13_8
eval: false
 constant 276 idj_9_15
eval: false
 constant 277 ish_13_9
eval: false
 constant 278 ish_9_0
eval: true
 constant 279 ish_0_16
eval: false
 constant 280 idj_9_9
eval: false
 constant 281 ish_11_6
eval: false
 constant 282 ish_4_11
eval: false
 constant 283 c:@F@main::$tmp::return_value$___VERIFIER_nondet_bool$2?1!0&0#1
eval: false
 constant 284 ish_3_2
eval: true
 constant 285 ish_5_4
eval: false
 constant 286 ish_15_13
eval: false
 constant 287 idj_5_5
eval: false
 constant 288 idj_16_14
eval: false
 constant 289 ish_6_16
eval: false
 constant 290 ish_8_7
eval: false
 constant 291 ish_5_9
eval: false
 constant 292 smt_conv::smt_conv::tmp_loc::10_intvar
eval: 3
 constant 293 idj_6_13
eval: true
 constant 294 ish_6_2
eval: false
 constant 295 ish_11_11
eval: true
 constant 296 ish_4_8
eval: false
 constant 297 idj_10_17
eval: false
 constant 298 idj_10_0
eval: false
 constant 299 idj_10_3
eval: false
 constant 300 ish_11_15
eval: true
 constant 301 ish_13_3
eval: true
 constant 302 idj_0_16
eval: false
 constant 303 ish_10_2
eval: false
 constant 304 ish_4_5
eval: false
 constant 305 ish_14_9
eval: false
 constant 306 ish_15_10
eval: false
 constant 307 ish_16_9
eval: false
 constant 308 idj_11_16
eval: false
 constant 309 idj_0_0
eval: false
 constant 310 idj_15_6
eval: false
 constant 311 ish_11_4
eval: false
 constant 312 ish_16_8
eval: false
 constant 313 ish_11_12
eval: false
 constant 314 idj_3_13
eval: false
 constant 315 ish_16_7
eval: false
 constant 316 ish_12_2
eval: true
 constant 317 ish_8_2
eval: false
 constant 318 ish_16_16
eval: true
 constant 319 idj_8_15
eval: false
 constant 320 idj_5_14
eval: false
 constant 321 ish_7_6
eval: false
 constant 322 ish_6_9
eval: false
 constant 323 idj_9_10
eval: false
 constant 324 ish_3_16
eval: true
 constant 325 ish_1_0
eval: false
 constant 326 idj_15_10
eval: false
 constant 327 idj_16_8
eval: false
 constant 328 ish_3_7
eval: false
 constant 329 ish_6_3
eval: false
 constant 330 idj_5_11
eval: false
 constant 331 idj_16_3
eval: false
 constant 332 idj_5_3
eval: false
 constant 333 ish_8_4
eval: false
 constant 334 idj_16_4
eval: false
 constant 335 ish_14_14
eval: true
 constant 336 ish_5_0
eval: false
 constant 337 idj_8_3
eval: false
 constant 338 ish_6_11
eval: false
 constant 339 idj_14_10
eval: false
 constant 340 ish_3_5
eval: false
 constant 341 idj_15_0
eval: false
 constant 342 idj_9_13
eval: false
 constant 343 nondet$symex::nondet3
eval: false
 constant 344 idj_5_12
eval: false
 constant 345 ish_14_6
eval: false
 constant 346 idj_6_5
eval: false
 constant 347 idj_16_11
eval: false
 constant 348 idj_16_12
eval: false
 constant 349 ish_16_10
eval: false
 constant 350 ish_4_6
eval: false
 constant 351 idj_0_3
eval: false
 constant 352 idj_4_17
eval: false
 constant 353 ish_8_5
eval: false
 constant 354 ish_7_3
eval: false
 constant 355 ish_12_0
eval: false
 constant 356 ish_3_14
eval: false
 constant 357 idj_17_10
eval: false
 constant 358 ish_11_17
eval: false
 constant 359 ish_7_12
eval: false
 constant 360 ish_17_7
eval: false
 constant 361 ish_12_17
eval: false
 constant 362 ish_2_7
eval: false
 constant 363 f_th_datavar1
eval: 0
 constant 364 idj_3_3
eval: false
 constant 365 ish_12_9
eval: false
 constant 366 ish_5_17
eval: false
 constant 367 ish_14_7
eval: false
 constant 368 idj_14_17
eval: false
 constant 369 idj_6_4
eval: false
 constant 370 idj_0_13
eval: false
 constant 371 ish_10_7
eval: true
 constant 372 ish_2_9
eval: false
 constant 373 ish_4_13
eval: false
 constant 374 ish_7_8
eval: false
 constant 375 ish_14_4
eval: false
 constant 376 ish_11_7
eval: true
 constant 377 ish_10_4
eval: false
 constant 378 ish_5_2
eval: false
 constant 379 ish_9_8
eval: false
 constant 380 idj_4_11
eval: false
 constant 381 ish_5_6
eval: true
 constant 382 idj_15_16
eval: false
 constant 383 idj_3_4
eval: false
 constant 384 idj_15_9
eval: false
 constant 385 ish_9_13
eval: false
 constant 386 idj_5_17
eval: false
 constant 387 idj_13_5
eval: false
 constant 388 idj_6_3
eval: true
 constant 389 idj_4_12
eval: false
 constant 390 ish_15_11
eval: false
 constant 391 ish_15_16
eval: false
 constant 392 ish_7_4
eval: false
 constant 393 idj_13_3
eval: false
 constant 394 ish_17_10
eval: false
 constant 395 ish_4_16
eval: false
 constant 396 ish_13_5
eval: false
 constant 397 idj_16_17
eval: false
 constant 398 idj_8_8
eval: false
 constant 399 idj_3_14
eval: false
 constant 400 ish_7_5
eval: false
 constant 401 idj_11_12
eval: true
 constant 402 idj_15_14
eval: false
 constant 403 ish_7_14
eval: false
 constant 404 idj_3_15
eval: false
 constant 405 ish_10_5
eval: false
 constant 406 ish_16_12
eval: false
 constant 407 ish_3_6
eval: false
 constant 408 ish_5_1
eval: false
 constant 409 idj_4_8
eval: false
 constant 410 ish_6_0
eval: false
 constant 411 idj_17_8
eval: false
 constant 412 idj_8_4
eval: false
 constant 413 ish_13_17
eval: true
 constant 414 idj_3_12
eval: false
 constant 415 idj_3_17
eval: false
 constant 416 ish_6_5
eval: true
 constant 417 ish_17_12
eval: false
 constant 418 ish_7_13
eval: false
 constant 419 idj_16_6
eval: false
 constant 420 idj_17_0
eval: false
 constant 421 idj_5_10
eval: false
 constant 422 ish_9_9
eval: true
 constant 423 ish_16_3
eval: true
 constant 424 idj_10_15
eval: false
 constant 425 ish_0_11
eval: false
 constant 426 f_th_datavar0
eval: 1
 constant 427 ish_0_6
eval: false
 constant 428 idj_12_3
eval: false
 constant 429 idj_10_14
eval: false
 constant 430 ish_9_17
eval: false
 constant 431 ish_6_17
eval: false
 constant 432 ish_15_3
eval: false
 constant 433 idj_9_12
eval: false
 constant 434 c:@F@main::$tmp::return_value$___VERIFIER_nondet_bool$4?1!0&0#1
eval: false
 constant 435 idj_14_3
eval: false
 constant 436 ish_10_6
eval: false
 constant 437 idj_6_0
eval: false
 constant 438 ish_16_14
eval: false
 constant 439 ish_11_8
eval: false
 constant 440 ish_17_8
eval: false
 constant 441 idj_4_10
eval: false
 constant 442 ish_4_1
eval: true
 constant 443 f_th_boolvar0
eval: false
 constant 444 idj_0_9
eval: false
 constant 445 idj_14_0
eval: false
 constant 446 ish_16_6
eval: false
 constant 447 idj_14_8
eval: false
 constant 448 ish_8_11
eval: false
 constant 449 ish_17_3
eval: false
 constant 450 ish_4_15
eval: false
 constant 451 idj_11_17
eval: false
 constant 452 ish_16_2
eval: true
 constant 453 ish_1_1
eval: true
 constant 454 ish_14_17
eval: false
 constant 455 ish_15_8
eval: false
 constant 456 idj_17_13
eval: false
 constant 457 ish_12_7
eval: true
 constant 458 ish_17_15
eval: false
 constant 459 ish_9_15
eval: true
 constant 460 ish_2_12
eval: false
 constant 461 ish_8_6
eval: false
 constant 462 idj_3_9
eval: false
 constant 463 idj_12_17
eval: false
 constant 464 idj_12_13
eval: true
 constant 465 idj_16_10
eval: false
 constant 466 ish_11_3
eval: false
 constant 467 ish_14_11
eval: false
 constant 468 ish_5_7
eval: false
 constant 469 ish_4_14
eval: false
 constant 470 ish_15_6
eval: false
 constant 471 ish_10_14
eval: true
 constant 472 ish_12_14
eval: false
 constant 473 ish_15_12
eval: false
 constant 474 ish_5_3
eval: false
 constant 475 ish_3_9
eval: false
 constant 476 idj_0_4
eval: false
 constant 477 idj_17_4
eval: false
 constant 478 ish_9_3
eval: false
 constant 479 idj_6_14
eval: false
 constant 480 idj_5_0
eval: false
 constant 481 ish_6_6
eval: true
 constant 482 idj_16_16
eval: false
 constant 483 ish_5_10
eval: false
 constant 484 ish_13_14
eval: false
 constant 485 ish_15_9
eval: true
 constant 486 f_th_boolvar1
eval: false
 constant 487 ish_3_13
eval: true
 constant 488 ish_9_2
eval: false
 constant 489 smt_conv::smt_conv::tmp_loc::00_intvar
eval: 2
 constant 490 idj_4_15
eval: false
 constant 491 idj_9_11
eval: false
 constant 492 ish_0_7
eval: false
 constant 493 idj_14_16
eval: false
 constant 494 ish_2_3
eval: false
 constant 495 idj_13_0
eval: false
 constant 496 idj_4_3
eval: false
 constant 497 idj_11_3
eval: false
 constant 498 ish_14_13
eval: false
 constant 499 ish_10_12
eval: false
 constant 500 idj_6_11
eval: false
 constant 501 idj_10_16
eval: false
 constant 502 ish_17_17
eval: true
 constant 503 idj_13_14
eval: false
 constant 504 idj_15_8
eval: false
 constant 505 ish_6_4
eval: false
 constant 506 idj_5_4
eval: false
 constant 507 idj_12_14
eval: false
 constant 508 ish_11_5
eval: false
 constant 509 ish_8_9
eval: false
 constant 510 ish_10_11
eval: true
 constant 511 idj_14_9
eval: false
 constant 512 ish_3_15
eval: false
 constant 513 idj_15_12
eval: false
 constant 514 ish_7_0
eval: false
 constant 515 idj_8_16
eval: false
 constant 516 ish_14_3
eval: false
 constant 517 idj_4_4
eval: false
 constant 518 ish_14_1
eval: false
 constant 519 ish_5_5
eval: true
 constant 520 ish_13_12
eval: false
 constant 521 idj_17_5
eval: false
 constant 522 idj_15_5
eval: false
 constant 523 ish_8_10
eval: false
 constant 524 ish_7_9
eval: false
 constant 525 idj_8_13
eval: false
 constant 526 idj_17_16
eval: false
 constant 527 ish_9_11
eval: false
 constant 528 idj_8_9
eval: false
 constant 529 ish_4_10
eval: false
 constant 530 ish_10_16
eval: false
 constant 531 ish_13_15
eval: false
 constant 532 ish_14_8
eval: false
 constant 533 idj_9_4
eval: false
 constant 534 idj_15_15
eval: false
 constant 535 ish_6_8
eval: false
 constant 536 ish_2_5
eval: false
 constant 537 ish_5_11
eval: false
 constant 538 ish_15_15
eval: true
 constant 539 ish_14_12
eval: false
 constant 540 idj_12_4
eval: false
 constant 541 ish_2_8
eval: false
 constant 542 idj_16_13
eval: false
 constant 543 idj_11_11
eval: false
 constant 544 idj_0_6
eval: false
 constant 545 idj_12_5
eval: false
 constant 546 symex_location::symex_dynamic::dynamic_heap_3_loc&0#0_intvar
eval: 1
 constant 547 idj_15_17
eval: false
 constant 548 ish_17_14
eval: false
translated model over
===== valuation result:
c:@F@main::$tmp::return_value$___VERIFIER_nondet_bool$2?1!0&0#1
c:@F@main::$tmp::return_value$___VERIFIER_nondet_bool$4?1!0&0#1
execution_statet::\guard_exec?0!0
f_th_boolvar0
f_th_boolvar1
f_th_datavar0
int val for f_th_datavar0  val 1
f_th_datavar0
f_th_datavar1
int val for f_th_datavar1  val 0
f_th_datavar1
f_th_locvar0_intvar
int val for f_th_locvar0_intvar  val 2
f_th_locvar0

idj_0_0
idj_0_10
idj_0_11
idj_0_12
idj_0_13
idj_0_14
idj_0_15
idj_0_16
idj_0_17
idj_0_3
idj_0_4
idj_0_5
idj_0_6
idj_0_8
idj_0_9
idj_10_0
idj_10_10
idj_10_11
idj_10_12
idj_10_13
idj_10_14
idj_10_15
idj_10_16
idj_10_17
idj_10_3
idj_10_4
idj_10_5
idj_10_6
idj_10_8
idj_10_9
idj_11_0
idj_11_10
idj_11_11
idj_11_12
idj_11_13
idj_11_14
idj_11_15
idj_11_16
idj_11_17
idj_11_3
idj_11_4
idj_11_5
idj_11_6
idj_11_8
idj_11_9
idj_12_0
idj_12_10
idj_12_11
idj_12_12
idj_12_13
idj_12_14
idj_12_15
idj_12_16
idj_12_17
idj_12_3
idj_12_4
idj_12_5
idj_12_6
idj_12_8
idj_12_9
idj_13_0
idj_13_10
idj_13_11
idj_13_12
idj_13_13
idj_13_14
idj_13_15
idj_13_16
idj_13_17
idj_13_3
idj_13_4
idj_13_5
idj_13_6
idj_13_8
idj_13_9
idj_14_0
idj_14_10
idj_14_11
idj_14_12
idj_14_13
idj_14_14
idj_14_15
idj_14_16
idj_14_17
idj_14_3
idj_14_4
idj_14_5
idj_14_6
idj_14_8
idj_14_9
idj_15_0
idj_15_10
idj_15_11
idj_15_12
idj_15_13
idj_15_14
idj_15_15
idj_15_16
idj_15_17
idj_15_3
idj_15_4
idj_15_5
idj_15_6
idj_15_8
idj_15_9
idj_16_0
idj_16_10
idj_16_11
idj_16_12
idj_16_13
idj_16_14
idj_16_15
idj_16_16
idj_16_17
idj_16_3
idj_16_4
idj_16_5
idj_16_6
idj_16_8
idj_16_9
idj_17_0
idj_17_10
idj_17_11
idj_17_12
idj_17_13
idj_17_14
idj_17_15
idj_17_16
idj_17_17
idj_17_3
idj_17_4
idj_17_5
idj_17_6
idj_17_8
idj_17_9
idj_3_0
idj_3_10
idj_3_11
idj_3_12
idj_3_13
idj_3_14
idj_3_15
idj_3_16
idj_3_17
idj_3_3
idj_3_4
idj_3_5
idj_3_6
idj_3_8
idj_3_9
idj_4_0
idj_4_10
idj_4_11
idj_4_12
idj_4_13
idj_4_14
idj_4_15
idj_4_16
idj_4_17
idj_4_3
idj_4_4
idj_4_5
idj_4_6
idj_4_8
idj_4_9
idj_5_0
idj_5_10
idj_5_11
idj_5_12
idj_5_13
idj_5_14
idj_5_15
idj_5_16
idj_5_17
idj_5_3
idj_5_4
idj_5_5
idj_5_6
idj_5_8
idj_5_9
idj_6_0
idj_6_10
idj_6_11
idj_6_12
idj_6_13
idj_6_14
idj_6_15
idj_6_16
idj_6_17
idj_6_3
idj_6_4
idj_6_5
idj_6_6
idj_6_8
idj_6_9
idj_8_0
idj_8_10
idj_8_11
idj_8_12
idj_8_13
idj_8_14
idj_8_15
idj_8_16
idj_8_17
idj_8_3
idj_8_4
idj_8_5
idj_8_6
idj_8_8
idj_8_9
idj_9_0
idj_9_10
idj_9_11
idj_9_12
idj_9_13
idj_9_14
idj_9_15
idj_9_16
idj_9_17
idj_9_3
idj_9_4
idj_9_5
idj_9_6
idj_9_8
idj_9_9
ish_0_0
ish_0_1
ish_0_10
ish_0_11
ish_0_12
ish_0_13
ish_0_14
ish_0_15
ish_0_16
ish_0_17
ish_0_2
ish_0_3
ish_0_4
ish_0_5
ish_0_6
ish_0_7
ish_0_8
ish_0_9
ish_10_0
ish_10_1
ish_10_10
ish_10_11
ish_10_12
ish_10_13
ish_10_14
ish_10_15
ish_10_16
ish_10_17
ish_10_2
ish_10_3
ish_10_4
ish_10_5
ish_10_6
ish_10_7
ish_10_8
ish_10_9
ish_11_0
ish_11_1
ish_11_10
ish_11_11
ish_11_12
ish_11_13
ish_11_14
ish_11_15
ish_11_16
ish_11_17
ish_11_2
ish_11_3
ish_11_4
ish_11_5
ish_11_6
ish_11_7
ish_11_8
ish_11_9
ish_12_0
ish_12_1
ish_12_10
ish_12_11
ish_12_12
ish_12_13
ish_12_14
ish_12_15
ish_12_16
ish_12_17
ish_12_2
ish_12_3
ish_12_4
ish_12_5
ish_12_6
ish_12_7
ish_12_8
ish_12_9
ish_13_0
ish_13_1
ish_13_10
ish_13_11
ish_13_12
ish_13_13
ish_13_14
ish_13_15
ish_13_16
ish_13_17
ish_13_2
ish_13_3
ish_13_4
ish_13_5
ish_13_6
ish_13_7
ish_13_8
ish_13_9
ish_14_0
ish_14_1
ish_14_10
ish_14_11
ish_14_12
ish_14_13
ish_14_14
ish_14_15
ish_14_16
ish_14_17
ish_14_2
ish_14_3
ish_14_4
ish_14_5
ish_14_6
ish_14_7
ish_14_8
ish_14_9
ish_15_0
ish_15_1
ish_15_10
ish_15_11
ish_15_12
ish_15_13
ish_15_14
ish_15_15
ish_15_16
ish_15_17
ish_15_2
ish_15_3
ish_15_4
ish_15_5
ish_15_6
ish_15_7
ish_15_8
ish_15_9
ish_16_0
ish_16_1
ish_16_10
ish_16_11
ish_16_12
ish_16_13
ish_16_14
ish_16_15
ish_16_16
ish_16_17
ish_16_2
ish_16_3
ish_16_4
ish_16_5
ish_16_6
ish_16_7
ish_16_8
ish_16_9
ish_17_0
ish_17_1
ish_17_10
ish_17_11
ish_17_12
ish_17_13
ish_17_14
ish_17_15
ish_17_16
ish_17_17
ish_17_2
ish_17_3
ish_17_4
ish_17_5
ish_17_6
ish_17_7
ish_17_8
ish_17_9
ish_1_0
ish_1_1
ish_1_4
ish_1_8
ish_1_9
ish_2_0
ish_2_1
ish_2_10
ish_2_11
ish_2_12
ish_2_13
ish_2_14
ish_2_15
ish_2_16
ish_2_17
ish_2_2
ish_2_3
ish_2_4
ish_2_5
ish_2_6
ish_2_7
ish_2_8
ish_2_9
ish_3_0
ish_3_1
ish_3_10
ish_3_11
ish_3_12
ish_3_13
ish_3_14
ish_3_15
ish_3_16
ish_3_17
ish_3_2
ish_3_3
ish_3_4
ish_3_5
ish_3_6
ish_3_7
ish_3_8
ish_3_9
ish_4_1
ish_4_10
ish_4_11
ish_4_12
ish_4_13
ish_4_14
ish_4_15
ish_4_16
ish_4_17
ish_4_2
ish_4_3
ish_4_4
ish_4_5
ish_4_6
ish_4_7
ish_4_8
ish_4_9
ish_5_0
ish_5_1
ish_5_10
ish_5_11
ish_5_12
ish_5_13
ish_5_14
ish_5_15
ish_5_16
ish_5_17
ish_5_2
ish_5_3
ish_5_4
ish_5_5
ish_5_6
ish_5_7
ish_5_8
ish_5_9
ish_6_0
ish_6_1
ish_6_10
ish_6_11
ish_6_12
ish_6_13
ish_6_14
ish_6_15
ish_6_16
ish_6_17
ish_6_2
ish_6_3
ish_6_4
ish_6_5
ish_6_6
ish_6_7
ish_6_8
ish_6_9
ish_7_0
ish_7_1
ish_7_10
ish_7_11
ish_7_12
ish_7_13
ish_7_14
ish_7_15
ish_7_16
ish_7_17
ish_7_2
ish_7_3
ish_7_4
ish_7_5
ish_7_6
ish_7_7
ish_7_8
ish_7_9
ish_8_1
ish_8_10
ish_8_11
ish_8_12
ish_8_13
ish_8_14
ish_8_15
ish_8_16
ish_8_17
ish_8_2
ish_8_3
ish_8_4
ish_8_5
ish_8_6
ish_8_7
ish_8_8
ish_8_9
ish_9_0
ish_9_1
ish_9_10
ish_9_11
ish_9_12
ish_9_13
ish_9_14
ish_9_15
ish_9_16
ish_9_17
ish_9_2
ish_9_3
ish_9_4
ish_9_5
ish_9_6
ish_9_7
ish_9_8
ish_9_9
nondet$symex::nondet1
nondet$symex::nondet3
smt_conv::smt_conv::_tmp_val_00_intvar
int val for smt_conv::smt_conv::_tmp_val_00_intvar  val 2
smt_conv::smt_conv::_tmp_val_00

smt_conv::smt_conv::tmp_loc::00_intvar
int val for smt_conv::smt_conv::tmp_loc::00_intvar  val 2
smt_conv::smt_conv::tmp_loc::00

smt_conv::smt_conv::tmp_loc::10_intvar
int val for smt_conv::smt_conv::tmp_loc::10_intvar  val 3
smt_conv::smt_conv::tmp_loc::10

symex_location::symex_dynamic::dynamic_heap_1_loc&0#0_intvar
int val for symex_location::symex_dynamic::dynamic_heap_1_loc&0#0_intvar  val 2
symex_location::symex_dynamic::dynamic_heap_1_loc&0#0

symex_location::symex_dynamic::dynamic_heap_3_loc&0#0_intvar
int val for symex_location::symex_dynamic::dynamic_heap_3_loc&0#0_intvar  val 1
symex_location::symex_dynamic::dynamic_heap_3_loc&0#0

model info recorded: 
model subsume info size: 14
------- main
( (pt |symex_location::symex_dynamic::dynamic_heap_1_loc&0#0|
    (Pt_R_0 |smt_conv::smt_conv::_tmp_val_00|)) | |smt_conv::smt_conv::_tmp_heap_00| | )
------- subs
( (pt |symex_location::symex_dynamic::dynamic_heap_1_loc&0#0|
    (Pt_R_0 |smt_conv::smt_conv::tmp_loc::00|)) | )
( (pt |symex_location::symex_dynamic::dynamic_heap_1_loc&0#0|
    (Pt_R_0 |smt_conv::smt_conv::_tmp_val_00|)) | )
------- main
( |symex_dynamic::dynamic_heap_1&0#8| | )
------- subs
( (pt f_th_locvar0 (Pt_R_1 f_th_datavar0)) | )
( (pt |symex_location::symex_dynamic::dynamic_heap_1_loc&0#0|
    (Pt_R_0 |symex_location::symex_dynamic::dynamic_heap_3_loc&0#0|)) | )
------- main
( (pt |symex_location::symex_dynamic::dynamic_heap_1_loc&0#0|
    (Pt_R_0 |smt_conv::smt_conv::tmp_loc::00|)) | )
------- subs
( (pt |symex_location::symex_dynamic::dynamic_heap_1_loc&0#0|
    (Pt_R_0 |smt_conv::smt_conv::tmp_loc::00|)) | )
( (pt |symex_location::symex_dynamic::dynamic_heap_1_loc&0#0|
    (Pt_R_0 |smt_conv::smt_conv::_tmp_val_00|)) | )
------- main
( (pt |symex_location::symex_dynamic::dynamic_heap_1_loc&0#0|
    (Pt_R_0 |symex_location::symex_dynamic::dynamic_heap_3_loc&0#0|)) | )
------- subs
( (pt f_th_locvar0 (Pt_R_1 f_th_datavar0)) | )
( (pt |symex_location::symex_dynamic::dynamic_heap_1_loc&0#0|
    (Pt_R_0 |symex_location::symex_dynamic::dynamic_heap_3_loc&0#0|)) | )
------- main
( (pt |symex_location::symex_dynamic::dynamic_heap_1_loc&0#0|
    (Pt_R_0 |smt_conv::smt_conv::_tmp_val_00|)) | )
------- subs
( (pt |symex_location::symex_dynamic::dynamic_heap_1_loc&0#0|
    (Pt_R_0 |smt_conv::smt_conv::tmp_loc::00|)) | )
( (pt |symex_location::symex_dynamic::dynamic_heap_1_loc&0#0|
    (Pt_R_0 |smt_conv::smt_conv::_tmp_val_00|)) | )
------- main
( |symex_dynamic::dynamic_heap_1&0#7| | )
------- subs
( (pt f_th_locvar0 (Pt_R_1 f_th_datavar0)) | )
( (pt |symex_location::symex_dynamic::dynamic_heap_1_loc&0#0|
    (Pt_R_0 |symex_location::symex_dynamic::dynamic_heap_3_loc&0#0|)) | )
------- main
( (pt f_th_locvar0 (Pt_R_1 f_th_datavar0)) | )
------- subs
( (pt f_th_locvar0 (Pt_R_1 f_th_datavar0)) | )
( (pt |symex_location::symex_dynamic::dynamic_heap_1_loc&0#0|
    (Pt_R_0 |symex_location::symex_dynamic::dynamic_heap_3_loc&0#0|)) | )
------- main
( (pt |symex_location::symex_dynamic::dynamic_heap_1_loc&0#0|
    (Pt_R_0 |symex_location::symex_dynamic::dynamic_heap_3_loc&0#0|)) | |smt_conv::smt_conv::_tmp_heap_00| | )
------- subs
( (pt f_th_locvar0 (Pt_R_1 f_th_datavar0)) | )
( (pt |symex_location::symex_dynamic::dynamic_heap_1_loc&0#0|
    (Pt_R_0 |symex_location::symex_dynamic::dynamic_heap_3_loc&0#0|)) | )
------- main
( (pt |symex_location::symex_dynamic::dynamic_heap_3_loc&0#0|
    (Pt_R_0 |smt_conv::smt_conv::tmp_loc::10|)) | )
------- subs
( (pt |symex_location::symex_dynamic::dynamic_heap_3_loc&0#0|
    (Pt_R_0 |smt_conv::smt_conv::tmp_loc::10|)) | )
------- main
( |symex_dynamic::dynamic_heap_1&0#6| | )
------- subs
( (pt f_th_locvar0 (Pt_R_1 f_th_datavar0)) | )
( (pt |symex_location::symex_dynamic::dynamic_heap_1_loc&0#0|
    (Pt_R_0 |symex_location::symex_dynamic::dynamic_heap_3_loc&0#0|)) | )
------- main
( |symex_dynamic::dynamic_heap_3&0#1| | )
------- subs
( (pt |symex_location::symex_dynamic::dynamic_heap_3_loc&0#0|
    (Pt_R_0 |smt_conv::smt_conv::tmp_loc::10|)) | )
------- main
( |symex_dynamic::dynamic_heap_1&0#3| | )
------- subs
( (pt |symex_location::symex_dynamic::dynamic_heap_1_loc&0#0|
    (Pt_R_0 |smt_conv::smt_conv::tmp_loc::00|)) | )
( (pt |symex_location::symex_dynamic::dynamic_heap_1_loc&0#0|
    (Pt_R_0 |smt_conv::smt_conv::_tmp_val_00|)) | )
------- main
( |symex_dynamic::dynamic_heap_1&0#1| | )
------- subs
( (pt |symex_location::symex_dynamic::dynamic_heap_1_loc&0#0|
    (Pt_R_0 |smt_conv::smt_conv::tmp_loc::00|)) | )
( (pt |symex_location::symex_dynamic::dynamic_heap_1_loc&0#0|
    (Pt_R_0 |smt_conv::smt_conv::_tmp_val_00|)) | )
------- main
( |symex_dynamic::dynamic_heap_1&0#4| | )
------- subs
( (pt f_th_locvar0 (Pt_R_1 f_th_datavar0)) | )
( (pt |symex_location::symex_dynamic::dynamic_heap_1_loc&0#0|
    (Pt_R_0 |symex_location::symex_dynamic::dynamic_heap_3_loc&0#0|)) | )
locvar vals: 
f_th_datavar0 1
f_th_datavar1 0
f_th_locvar0 2
smt_conv::smt_conv::_tmp_val_00 2
smt_conv::smt_conv::tmp_loc::00 2
smt_conv::smt_conv::tmp_loc::10 3
symex_location::symex_dynamic::dynamic_heap_1_loc&0#0 2
symex_location::symex_dynamic::dynamic_heap_3_loc&0#0 1
free heap vars:
FINAL CHECK DONE
init model for slhv: arith factory, locvar_factory and heap factory
Solving claim 7 with solver Z3-slhv
Runtime decision procedure: 0.020s
--------------------------------- Result -----------------------------------
Location: file global-atexit-1.c line 19 column 1 function main
Comment: dereference failure, forgotten memory: symex_dynamic::dynamic_heap_1
Property: MEMORY_LEAK Result: sat Time: 0.020s
--------------------------------- Result -----------------------------------

Slicing time: 0.000s (removed 10 assignments)
Encoding remaining VCC(s) using SLHV
Encoding to solver time: 0.000s
Number of heap terms: 12
Number of aht: 9
Number of locvars: 6
begin generate deduced assumptions disj
lia assertion size: 2099
XXXXXXXXXXXXXXXXX translated constraint result XXXXXXXXXXXXXXXXXXX
XXXXXXXXXXXXXXXXXXXX FINAL CHECK SET UNSAT XXXXXXXXXXXXXXXXXXXX
Solving claim 6 with solver Z3-slhv
Runtime decision procedure: 0.004s
--------------------------------- Result -----------------------------------
Location: file global-atexit-1.c line 14 column 6 function main
Comment: dereference failure: invalid free pointer
Property: INVALID_FREE Result: unsat Time: 0.004s
--------------------------------- Result -----------------------------------

Slicing time: 0.000s (removed 9 assignments)
Encoding remaining VCC(s) using SLHV
Encoding to solver time: 0.000s
Number of heap terms: 12
Number of aht: 9
Number of locvars: 6
begin generate deduced assumptions disj
lia assertion size: 2103
XXXXXXXXXXXXXXXXX translated constraint result XXXXXXXXXXXXXXXXXXX
XXXXXXXXXXXXXXXXXXXX FINAL CHECK SET UNSAT XXXXXXXXXXXXXXXXXXXX
Solving claim 5 with solver Z3-slhv
Runtime decision procedure: 0.003s
--------------------------------- Result -----------------------------------
Location: file global-atexit-1.c line 13 column 30 function main
Comment: dereference failure: invalid dereference pointer
Property: INVALID_DEREF Result: unsat Time: 0.003s
--------------------------------- Result -----------------------------------

Slicing time: 0.000s (removed 9 assignments)
Encoding remaining VCC(s) using SLHV
Encoding to solver time: 0.000s
Number of heap terms: 12
Number of aht: 9
Number of locvars: 7
begin generate deduced assumptions disj
lia assertion size: 2106
XXXXXXXXXXXXXXXXX translated constraint result XXXXXXXXXXXXXXXXXXX
XXXXXXXXXXXXXXXXXXXX FINAL CHECK SET UNSAT XXXXXXXXXXXXXXXXXXXX
Solving claim 4 with solver Z3-slhv
Runtime decision procedure: 0.004s
--------------------------------- Result -----------------------------------
Location: file global-atexit-1.c line 13 column 30 function main
Comment: dereference failure: invalid free pointer
Property: INVALID_FREE Result: unsat Time: 0.004s
--------------------------------- Result -----------------------------------

Slicing time: 0.000s (removed 9 assignments)
Encoding remaining VCC(s) using SLHV
Encoding to solver time: 0.000s
Number of heap terms: 12
Number of aht: 9
Number of locvars: 6
begin generate deduced assumptions disj
lia assertion size: 2103
XXXXXXXXXXXXXXXXX translated constraint result XXXXXXXXXXXXXXXXXXX
XXXXXXXXXXXXXXXXXXXX FINAL CHECK SET UNSAT XXXXXXXXXXXXXXXXXXXX
Solving claim 3 with solver Z3-slhv
Runtime decision procedure: 0.003s
--------------------------------- Result -----------------------------------
Location: file global-atexit-1.c line 13 column 30 function main
Comment: dereference failure: invalid dereference pointer
Property: INVALID_DEREF Result: unsat Time: 0.003s
--------------------------------- Result -----------------------------------

Slicing time: 0.000s (removed 14 assignments)
Encoding remaining VCC(s) using SLHV
Encoding to solver time: 0.000s
Number of heap terms: 4
Number of aht: 3
Number of locvars: 3
begin generate deduced assumptions disj
lia assertion size: 44
XXXXXXXXXXXXXXXXX translated constraint result XXXXXXXXXXXXXXXXXXX
XXXXXXXXXXXXXXXXXXXX FINAL CHECK SET UNSAT XXXXXXXXXXXXXXXXXXXX
Solving claim 2 with solver Z3-slhv
Runtime decision procedure: 0.000s
--------------------------------- Result -----------------------------------
Location: file global-atexit-1.c line 11 column 2 function main
Comment: dereference failure: invalid dereference pointer
Property: INVALID_DEREF Result: unsat Time: 0.000s
--------------------------------- Result -----------------------------------

Slicing time: 0.000s (removed 15 assignments)
Encoding remaining VCC(s) using SLHV
Encoding to solver time: 0.000s
Number of heap terms: 3
Number of aht: 2
Number of locvars: 3
begin generate deduced assumptions disj
lia assertion size: 29
XXXXXXXXXXXXXXXXX translated constraint result XXXXXXXXXXXXXXXXXXX
XXXXXXXXXXXXXXXXXXXX FINAL CHECK SET UNSAT XXXXXXXXXXXXXXXXXXXX
Solving claim 1 with solver Z3-slhv
Runtime decision procedure: 0.000s
--------------------------------- Result -----------------------------------
Location: file global-atexit-1.c line 7 column 6 function main
Comment: dereference failure: invalid free pointer
Property: INVALID_FREE Result: unsat Time: 0.000s
--------------------------------- Result -----------------------------------


VERIFICATION FAILED
