ESBMC version 7.5.0 64-bit x86_64 linux
Target: 64-bit little-endian x86_64-unknown-linux with systemlibc
Parsing ../slhv_experiment/bench-0125/global-atexit-2.c
Converting
Generating GOTO Program
GOTO program creation time: 0.015s
GOTO program processing time: 0.000s
Starting Bounded Model Checking
WARNING: no body for function __ESBMC_pthread_start_main_hook
WARNING: no body for function __ESBMC_atexit_handler
WARNING: no body for function __ESBMC_pthread_end_main_hook
Symex completed in: 0.000s (36 assignments)
Slicing time: 0.000s (removed 17 assignments)
Generated 14 VCC(s), 8 remaining after simplification (19 assignments)
Slicing time: 0.000s (removed 3 assignments)
Encoding remaining VCC(s) using SLHV
Encoding to solver time: 0.000s
Number of heap terms: 16
Number of aht: 13
Number of locvars: 8
begin generate deduced assumptions disj
lia assertion size: 8268
XXXXXXXXXXXXXXXXX translated constraint result XXXXXXXXXXXXXXXXXXX
translated model: 
 constant 0 idj_0_12
eval: false
 constant 1 idj_2_2
eval: false
 constant 2 ish_9_6
eval: false
 constant 3 ish_9_7
eval: false
 constant 4 ish_0_8
eval: false
 constant 5 ish_2_13
eval: false
 constant 6 ish_13_13
eval: true
 constant 7 idj_11_0
eval: false
 constant 8 idj_11_15
eval: false
 constant 9 ish_2_2
eval: true
 constant 10 ish_12_6
eval: true
 constant 11 idj_11_7
eval: false
 constant 12 idj_14_6
eval: true
 constant 13 nondet$symex::nondet2
eval: true
 constant 14 ish_4_9
eval: true
 constant 15 idj_11_6
eval: false
 constant 16 ish_14_15
eval: false
 constant 17 ish_3_1
eval: false
 constant 18 idj_12_6
eval: false
 constant 19 ish_3_0
eval: false
 constant 20 symex_location::symex_dynamic::dynamic_heap_2_loc&0#0_intvar
eval: 2
 constant 21 idj_0_10
eval: false
 constant 22 ish_2_6
eval: false
 constant 23 idj_6_12
eval: false
 constant 24 ish_6_14
eval: false
 constant 25 ish_10_13
eval: false
 constant 26 ish_3_12
eval: false
 constant 27 idj_3_11
eval: false
 constant 28 idj_0_11
eval: false
 constant 29 idj_6_9
eval: false
 constant 30 idj_10_9
eval: false
 constant 31 ish_11_9
eval: false
 constant 32 ish_7_2
eval: false
 constant 33 idj_2_6
eval: false
 constant 34 ish_0_14
eval: false
 constant 35 idj_13_12
eval: false
 constant 36 ish_2_10
eval: false
 constant 37 idj_13_6
eval: false
 constant 38 ish_14_5
eval: true
 constant 39 idj_14_13
eval: true
 constant 40 ish_12_12
eval: true
 constant 41 ish_13_2
eval: false
 constant 42 idj_5_6
eval: true
 constant 43 ish_11_2
eval: true
 constant 44 ish_13_11
eval: false
 constant 45 ish_12_1
eval: false
 constant 46 idj_9_0
eval: false
 constant 47 ish_3_11
eval: false
 constant 48 ish_10_15
eval: false
 constant 49 ish_8_3
eval: true
 constant 50 idj_0_14
eval: false
 constant 51 ish_11_0
eval: false
 constant 52 ish_8_8
eval: true
 constant 53 ish_4_4
eval: true
 constant 54 ish_0_1
eval: true
 constant 55 ish_1_13
eval: false
 constant 56 idj_15_3
eval: false
 constant 57 ish_7_7
eval: true
 constant 58 idj_2_15
eval: false
 constant 59 ish_0_5
eval: true
 constant 60 ish_6_10
eval: true
 constant 61 ish_5_14
eval: true
 constant 62 idj_11_14
eval: false
 constant 63 idj_9_5
eval: false
 constant 64 idj_15_11
eval: false
 constant 65 idj_12_0
eval: false
 constant 66 ish_14_0
eval: true
 constant 67 idj_2_11
eval: false
 constant 68 ish_8_0
eval: false
 constant 69 idj_2_7
eval: false
 constant 70 ish_2_15
eval: false
 constant 71 ish_10_3
eval: false
 constant 72 ish_12_5
eval: false
 constant 73 idj_14_2
eval: false
 constant 74 ish_2_4
eval: false
 constant 75 ish_10_10
eval: true
 constant 76 ish_14_10
eval: false
 constant 77 ish_7_1
eval: false
 constant 78 ish_9_10
eval: false
 constant 79 ish_15_2
eval: true
 constant 80 ish_12_11
eval: false
 constant 81 idj_3_5
eval: false
 constant 82 idj_12_15
eval: false
 constant 83 ish_2_14
eval: false
 constant 84 ish_7_15
eval: false
 constant 85 idj_14_11
eval: false
 constant 86 ish_6_12
eval: true
 constant 87 idj_6_6
eval: false
 constant 88 ish_0_4
eval: false
 constant 89 ish_1_5
eval: false
 constant 90 symex_location::symex_dynamic::dynamic_heap_1_loc&0#0_intvar
eval: 1
 constant 91 ish_13_10
eval: false
 constant 92 c:@F@main::$tmp::return_value$___VERIFIER_nondet_bool$3?1!0&0#1
eval: true
 constant 93 ish_2_1
eval: false
 constant 94 ish_12_15
eval: false
 constant 95 ish_0_9
eval: false
 constant 96 ish_8_15
eval: false
 constant 97 ish_5_12
eval: false
 constant 98 idj_11_13
eval: false
 constant 99 ish_0_3
eval: false
 constant 100 ish_13_4
eval: false
 constant 101 ish_9_1
eval: false
 constant 102 smt_conv::smt_conv::_tmp_val_00_intvar
eval: 1
 constant 103 ish_10_1
eval: false
 constant 104 idj_5_9
eval: false
 constant 105 idj_10_13
eval: false
 constant 106 ish_7_11
eval: false
 constant 107 idj_7_14
eval: false
 constant 108 idj_14_7
eval: false
 constant 109 ish_9_4
eval: true
 constant 110 idj_11_9
eval: false
 constant 111 idj_5_13
eval: false
 constant 112 ish_7_10
eval: true
 constant 113 ish_13_7
eval: false
 constant 114 idj_9_6
eval: false
 constant 115 ish_3_4
eval: false
 constant 116 ish_12_3
eval: false
 constant 117 idj_13_10
eval: false
 constant 118 ish_15_4
eval: false
 constant 119 idj_14_15
eval: false
 constant 120 ish_8_14
eval: false
 constant 121 idj_3_0
eval: false
 constant 122 ish_11_10
eval: false
 constant 123 idj_12_12
eval: false
 constant 124 ish_10_0
eval: false
 constant 125 idj_3_10
eval: false
 constant 126 ish_13_6
eval: false
 constant 127 idj_3_6
eval: false
 constant 128 ish_5_15
eval: false
 constant 129 idj_13_11
eval: false
 constant 130 ish_15_5
eval: false
 constant 131 idj_7_9
eval: false
 constant 132 ish_11_14
eval: false
 constant 133 idj_12_10
eval: false
 constant 134 idj_11_5
eval: false
 constant 135 idj_13_9
eval: false
 constant 136 ish_6_13
eval: false
 constant 137 idj_14_5
eval: false
 constant 138 ish_1_8
eval: false
 constant 139 idj_12_9
eval: false
 constant 140 idj_5_2
eval: false
 constant 141 idj_7_5
eval: false
 constant 142 ish_9_5
eval: false
 constant 143 ish_10_9
eval: false
 constant 144 ish_5_8
eval: false
 constant 145 idj_3_7
eval: false
 constant 146 idj_5_15
eval: false
 constant 147 ish_1_4
eval: false
 constant 148 ish_5_13
eval: false
 constant 149 idj_12_11
eval: false
 constant 150 ish_3_3
eval: true
 constant 151 idj_6_15
eval: false
 constant 152 idj_6_10
eval: false
 constant 153 idj_9_3
eval: false
 constant 154 ish_9_14
eval: false
 constant 155 ish_0_0
eval: true
 constant 156 idj_7_15
eval: false
 constant 157 ish_2_11
eval: false
 constant 158 execution_statet::\guard_exec?0!0
eval: true
 constant 159 idj_10_12
eval: false
 constant 160 ish_15_14
eval: false
 constant 161 ish_6_15
eval: false
 constant 162 ish_12_10
eval: true
 constant 163 idj_10_11
eval: false
 constant 164 ish_15_7
eval: false
 constant 165 ish_6_1
eval: false
 constant 166 ish_9_12
eval: false
 constant 167 ish_0_12
eval: false
 constant 168 ish_10_8
eval: false
 constant 169 idj_13_13
eval: false
 constant 170 ish_3_8
eval: true
 constant 171 ish_8_13
eval: false
 constant 172 ish_14_2
eval: false
 constant 173 idj_14_12
eval: true
 constant 174 ish_12_4
eval: false
 constant 175 f_th_boolvar2
eval: true
 constant 176 idj_3_2
eval: false
 constant 177 ish_1_9
eval: false
 constant 178 idj_2_10
eval: false
 constant 179 idj_10_6
eval: false
 constant 180 ish_11_1
eval: false
 constant 181 ish_0_13
eval: false
 constant 182 idj_14_14
eval: false
 constant 183 ish_13_1
eval: true
 constant 184 idj_2_0
eval: false
 constant 185 ish_15_1
eval: false
 constant 186 idj_15_13
eval: true
 constant 187 ish_12_13
eval: false
 constant 188 idj_12_2
eval: false
 constant 189 ish_15_0
eval: false
 constant 190 ish_3_10
eval: false
 constant 191 idj_0_15
eval: false
 constant 192 f_th_locvar0_intvar
eval: 2
 constant 193 idj_13_15
eval: true
 constant 194 idj_9_14
eval: false
 constant 195 idj_11_10
eval: false
 constant 196 idj_0_2
eval: false
 constant 197 ish_6_7
eval: true
 constant 198 ish_0_10
eval: false
 constant 199 ish_8_12
eval: false
 constant 200 ish_0_15
eval: false
 constant 201 ish_2_0
eval: false
 constant 202 idj_10_10
eval: false
 constant 203 idj_2_13
eval: false
 constant 204 idj_0_7
eval: true
 constant 205 ish_0_2
eval: false
 constant 206 ish_8_1
eval: false
 constant 207 idj_10_5
eval: false
 constant 208 idj_0_5
eval: false
 constant 209 ish_13_0
eval: false
 constant 210 ish_13_8
eval: true
 constant 211 ish_12_8
eval: false
 constant 212 idj_2_3
eval: false
 constant 213 idj_15_7
eval: false
 constant 214 ish_11_13
eval: false
 constant 215 idj_9_15
eval: false
 constant 216 ish_13_9
eval: false
 constant 217 ish_9_0
eval: false
 constant 218 idj_9_9
eval: false
 constant 219 idj_7_3
eval: false
 constant 220 ish_11_6
eval: false
 constant 221 ish_3_2
eval: true
 constant 222 ish_5_4
eval: false
 constant 223 idj_7_0
eval: true
 constant 224 ish_15_13
eval: false
 constant 225 idj_5_5
eval: false
 constant 226 idj_7_2
eval: false
 constant 227 ish_8_7
eval: false
 constant 228 ish_5_9
eval: false
 constant 229 smt_conv::smt_conv::tmp_loc::10_intvar
eval: 0
 constant 230 ish_13_3
eval: false
 constant 231 ish_11_11
eval: true
 constant 232 ish_6_2
eval: false
 constant 233 idj_10_0
eval: false
 constant 234 ish_1_14
eval: false
 constant 235 idj_6_13
eval: false
 constant 236 ish_11_15
eval: true
 constant 237 idj_10_3
eval: false
 constant 238 idj_7_7
eval: false
 constant 239 ish_10_2
eval: false
 constant 240 idj_7_13
eval: false
 constant 241 ish_14_9
eval: false
 constant 242 ish_15_10
eval: false
 constant 243 idj_15_6
eval: false
 constant 244 idj_0_0
eval: false
 constant 245 ish_11_4
eval: false
 constant 246 ish_11_12
eval: false
 constant 247 idj_10_7
eval: false
 constant 248 idj_3_13
eval: false
 constant 249 ish_12_2
eval: false
 constant 250 ish_8_2
eval: false
 constant 251 idj_5_14
eval: false
 constant 252 idj_9_7
eval: false
 constant 253 ish_7_6
eval: true
 constant 254 ish_6_9
eval: false
 constant 255 idj_9_10
eval: false
 constant 256 idj_9_2
eval: false
 constant 257 idj_2_14
eval: false
 constant 258 ish_1_0
eval: true
 constant 259 idj_15_10
eval: false
 constant 260 ish_6_3
eval: false
 constant 261 ish_3_7
eval: false
 constant 262 idj_5_11
eval: false
 constant 263 idj_5_3
eval: false
 constant 264 ish_8_4
eval: false
 constant 265 idj_6_7
eval: false
 constant 266 ish_14_14
eval: true
 constant 267 ish_5_0
eval: true
 constant 268 ish_6_11
eval: false
 constant 269 idj_14_10
eval: false
 constant 270 ish_3_5
eval: false
 constant 271 idj_15_0
eval: false
 constant 272 idj_9_13
eval: false
 constant 273 idj_5_12
eval: true
 constant 274 ish_14_6
eval: false
 constant 275 idj_6_5
eval: true
 constant 276 idj_15_2
eval: false
 constant 277 ish_1_11
eval: false
 constant 278 idj_0_3
eval: false
 constant 279 ish_8_5
eval: false
 constant 280 ish_7_3
eval: false
 constant 281 ish_12_0
eval: false
 constant 282 ish_3_14
eval: false
 constant 283 idj_12_7
eval: false
 constant 284 ish_7_12
eval: false
 constant 285 ish_2_7
eval: false
 constant 286 f_th_datavar1
eval: 0
 constant 287 idj_13_7
eval: false
 constant 288 idj_3_3
eval: false
 constant 289 ish_12_9
eval: false
 constant 290 ish_14_7
eval: false
 constant 291 idj_0_13
eval: false
 constant 292 ish_10_7
eval: true
 constant 293 ish_2_9
eval: false
 constant 294 ish_11_7
eval: false
 constant 295 ish_7_8
eval: false
 constant 296 ish_14_4
eval: false
 constant 297 ish_5_2
eval: false
 constant 298 ish_9_8
eval: false
 constant 299 ish_10_4
eval: false
 constant 300 ish_5_6
eval: false
 constant 301 idj_6_3
eval: false
 constant 302 idj_11_12
eval: false
 constant 303 idj_15_9
eval: false
 constant 304 ish_9_13
eval: false
 constant 305 idj_13_5
eval: false
 constant 306 ish_15_11
eval: true
 constant 307 ish_1_7
eval: false
 constant 308 ish_7_4
eval: false
 constant 309 idj_13_3
eval: false
 constant 310 ish_13_5
eval: false
 constant 311 idj_7_6
eval: false
 constant 312 ish_7_5
eval: false
 constant 313 idj_2_5
eval: false
 constant 314 idj_3_14
eval: false
 constant 315 idj_15_14
eval: false
 constant 316 ish_7_14
eval: false
 constant 317 ish_5_1
eval: true
 constant 318 ish_10_5
eval: false
 constant 319 ish_3_6
eval: false
 constant 320 idj_3_15
eval: false
 constant 321 ish_6_0
eval: false
 constant 322 idj_3_12
eval: false
 constant 323 ish_6_5
eval: false
 constant 324 ish_7_13
eval: false
 constant 325 ish_9_9
eval: true
 constant 326 idj_5_10
eval: false
 constant 327 idj_10_15
eval: false
 constant 328 ish_0_11
eval: false
 constant 329 f_th_datavar0
eval: 0
 constant 330 ish_0_6
eval: false
 constant 331 idj_12_3
eval: false
 constant 332 idj_10_14
eval: false
 constant 333 ish_15_3
eval: true
 constant 334 idj_9_12
eval: false
 constant 335 idj_14_3
eval: false
 constant 336 ish_10_6
eval: false
 constant 337 idj_7_11
eval: false
 constant 338 idj_6_0
eval: false
 constant 339 ish_11_8
eval: true
 constant 340 smt_conv::smt_conv::_loaded_val_00_intvar
eval: 2
 constant 341 idj_2_9
eval: false
 constant 342 ish_1_12
eval: false
 constant 343 f_th_boolvar0
eval: true
 constant 344 idj_2_12
eval: false
 constant 345 idj_0_9
eval: false
 constant 346 idj_14_0
eval: false
 constant 347 ish_8_11
eval: false
 constant 348 idj_6_2
eval: false
 constant 349 ish_1_1
eval: true
 constant 350 ish_15_8
eval: true
 constant 351 ish_12_7
eval: true
 constant 352 ish_9_15
eval: false
 constant 353 ish_2_12
eval: false
 constant 354 ish_8_6
eval: false
 constant 355 idj_3_9
eval: false
 constant 356 idj_12_13
eval: false
 constant 357 ish_11_3
eval: true
 constant 358 ish_14_11
eval: false
 constant 359 ish_5_7
eval: false
 constant 360 idj_7_12
eval: false
 constant 361 idj_13_2
eval: false
 constant 362 ish_15_6
eval: false
 constant 363 ish_10_14
eval: false
 constant 364 ish_12_14
eval: false
 constant 365 ish_15_12
eval: false
 constant 366 ish_1_2
eval: false
 constant 367 ish_5_3
eval: false
 constant 368 ish_5_10
eval: false
 constant 369 ish_3_9
eval: false
 constant 370 ish_6_6
eval: true
 constant 371 ish_9_3
eval: false
 constant 372 idj_6_14
eval: true
 constant 373 idj_5_0
eval: false
 constant 374 ish_15_9
eval: false
 constant 375 idj_11_2
eval: false
 constant 376 f_th_boolvar1
eval: true
 constant 377 ish_13_14
eval: false
 constant 378 ish_3_13
eval: false
 constant 379 ish_1_10
eval: false
 constant 380 ish_9_2
eval: false
 constant 381 smt_conv::smt_conv::tmp_loc::00_intvar
eval: 1
 constant 382 idj_9_11
eval: false
 constant 383 ish_0_7
eval: false
 constant 384 ish_1_15
eval: false
 constant 385 idj_7_10
eval: false
 constant 386 ish_2_3
eval: true
 constant 387 idj_13_0
eval: false
 constant 388 idj_11_3
eval: false
 constant 389 ish_14_13
eval: false
 constant 390 idj_6_11
eval: false
 constant 391 ish_10_12
eval: false
 constant 392 idj_13_14
eval: true
 constant 393 ish_6_4
eval: false
 constant 394 ish_11_5
eval: false
 constant 395 idj_12_14
eval: true
 constant 396 ish_8_9
eval: false
 constant 397 ish_10_11
eval: false
 constant 398 ish_5_5
eval: true
 constant 399 idj_15_12
eval: false
 constant 400 idj_14_9
eval: false
 constant 401 ish_3_15
eval: false
 constant 402 ish_7_0
eval: false
 constant 403 ish_14_3
eval: false
 constant 404 ish_13_12
eval: false
 constant 405 ish_14_1
eval: true
 constant 406 idj_15_5
eval: false
 constant 407 ish_8_10
eval: false
 constant 408 ish_7_9
eval: false
 constant 409 ish_9_11
eval: false
 constant 410 ish_14_8
eval: false
 constant 411 ish_13_15
eval: false
 constant 412 idj_15_15
eval: false
 constant 413 ish_6_8
eval: false
 constant 414 ish_2_5
eval: false
 constant 415 ish_5_11
eval: false
 constant 416 ish_15_15
eval: true
 constant 417 ish_14_12
eval: false
 constant 418 idj_5_7
eval: false
 constant 419 ish_2_8
eval: false
 constant 420 idj_11_11
eval: false
 constant 421 idj_0_6
eval: false
 constant 422 idj_12_5
eval: true
 constant 423 idj_10_2
eval: false
 constant 424 ish_1_3
eval: false
 constant 425 ish_1_6
eval: false
translated model over
===== valuation result:
c:@F@main::$tmp::return_value$___VERIFIER_nondet_bool$3?1!0&0#1
execution_statet::\guard_exec?0!0
f_th_boolvar0
f_th_boolvar1
f_th_boolvar2
f_th_datavar0
int val for f_th_datavar0  val 0
f_th_datavar0
f_th_datavar1
int val for f_th_datavar1  val 0
f_th_datavar1
f_th_locvar0_intvar
int val for f_th_locvar0_intvar  val 2
f_th_locvar0

idj_0_0
idj_0_10
idj_0_11
idj_0_12
idj_0_13
idj_0_14
idj_0_15
idj_0_2
idj_0_3
idj_0_5
idj_0_6
idj_0_7
idj_0_9
idj_10_0
idj_10_10
idj_10_11
idj_10_12
idj_10_13
idj_10_14
idj_10_15
idj_10_2
idj_10_3
idj_10_5
idj_10_6
idj_10_7
idj_10_9
idj_11_0
idj_11_10
idj_11_11
idj_11_12
idj_11_13
idj_11_14
idj_11_15
idj_11_2
idj_11_3
idj_11_5
idj_11_6
idj_11_7
idj_11_9
idj_12_0
idj_12_10
idj_12_11
idj_12_12
idj_12_13
idj_12_14
idj_12_15
idj_12_2
idj_12_3
idj_12_5
idj_12_6
idj_12_7
idj_12_9
idj_13_0
idj_13_10
idj_13_11
idj_13_12
idj_13_13
idj_13_14
idj_13_15
idj_13_2
idj_13_3
idj_13_5
idj_13_6
idj_13_7
idj_13_9
idj_14_0
idj_14_10
idj_14_11
idj_14_12
idj_14_13
idj_14_14
idj_14_15
idj_14_2
idj_14_3
idj_14_5
idj_14_6
idj_14_7
idj_14_9
idj_15_0
idj_15_10
idj_15_11
idj_15_12
idj_15_13
idj_15_14
idj_15_15
idj_15_2
idj_15_3
idj_15_5
idj_15_6
idj_15_7
idj_15_9
idj_2_0
idj_2_10
idj_2_11
idj_2_12
idj_2_13
idj_2_14
idj_2_15
idj_2_2
idj_2_3
idj_2_5
idj_2_6
idj_2_7
idj_2_9
idj_3_0
idj_3_10
idj_3_11
idj_3_12
idj_3_13
idj_3_14
idj_3_15
idj_3_2
idj_3_3
idj_3_5
idj_3_6
idj_3_7
idj_3_9
idj_5_0
idj_5_10
idj_5_11
idj_5_12
idj_5_13
idj_5_14
idj_5_15
idj_5_2
idj_5_3
idj_5_5
idj_5_6
idj_5_7
idj_5_9
idj_6_0
idj_6_10
idj_6_11
idj_6_12
idj_6_13
idj_6_14
idj_6_15
idj_6_2
idj_6_3
idj_6_5
idj_6_6
idj_6_7
idj_6_9
idj_7_0
idj_7_10
idj_7_11
idj_7_12
idj_7_13
idj_7_14
idj_7_15
idj_7_2
idj_7_3
idj_7_5
idj_7_6
idj_7_7
idj_7_9
idj_9_0
idj_9_10
idj_9_11
idj_9_12
idj_9_13
idj_9_14
idj_9_15
idj_9_2
idj_9_3
idj_9_5
idj_9_6
idj_9_7
idj_9_9
ish_0_0
ish_0_1
ish_0_10
ish_0_11
ish_0_12
ish_0_13
ish_0_14
ish_0_15
ish_0_2
ish_0_3
ish_0_4
ish_0_5
ish_0_6
ish_0_7
ish_0_8
ish_0_9
ish_10_0
ish_10_1
ish_10_10
ish_10_11
ish_10_12
ish_10_13
ish_10_14
ish_10_15
ish_10_2
ish_10_3
ish_10_4
ish_10_5
ish_10_6
ish_10_7
ish_10_8
ish_10_9
ish_11_0
ish_11_1
ish_11_10
ish_11_11
ish_11_12
ish_11_13
ish_11_14
ish_11_15
ish_11_2
ish_11_3
ish_11_4
ish_11_5
ish_11_6
ish_11_7
ish_11_8
ish_11_9
ish_12_0
ish_12_1
ish_12_10
ish_12_11
ish_12_12
ish_12_13
ish_12_14
ish_12_15
ish_12_2
ish_12_3
ish_12_4
ish_12_5
ish_12_6
ish_12_7
ish_12_8
ish_12_9
ish_13_0
ish_13_1
ish_13_10
ish_13_11
ish_13_12
ish_13_13
ish_13_14
ish_13_15
ish_13_2
ish_13_3
ish_13_4
ish_13_5
ish_13_6
ish_13_7
ish_13_8
ish_13_9
ish_14_0
ish_14_1
ish_14_10
ish_14_11
ish_14_12
ish_14_13
ish_14_14
ish_14_15
ish_14_2
ish_14_3
ish_14_4
ish_14_5
ish_14_6
ish_14_7
ish_14_8
ish_14_9
ish_15_0
ish_15_1
ish_15_10
ish_15_11
ish_15_12
ish_15_13
ish_15_14
ish_15_15
ish_15_2
ish_15_3
ish_15_4
ish_15_5
ish_15_6
ish_15_7
ish_15_8
ish_15_9
ish_1_0
ish_1_1
ish_1_10
ish_1_11
ish_1_12
ish_1_13
ish_1_14
ish_1_15
ish_1_2
ish_1_3
ish_1_4
ish_1_5
ish_1_6
ish_1_7
ish_1_8
ish_1_9
ish_2_0
ish_2_1
ish_2_10
ish_2_11
ish_2_12
ish_2_13
ish_2_14
ish_2_15
ish_2_2
ish_2_3
ish_2_4
ish_2_5
ish_2_6
ish_2_7
ish_2_8
ish_2_9
ish_3_0
ish_3_1
ish_3_10
ish_3_11
ish_3_12
ish_3_13
ish_3_14
ish_3_15
ish_3_2
ish_3_3
ish_3_4
ish_3_5
ish_3_6
ish_3_7
ish_3_8
ish_3_9
ish_4_4
ish_4_9
ish_5_0
ish_5_1
ish_5_10
ish_5_11
ish_5_12
ish_5_13
ish_5_14
ish_5_15
ish_5_2
ish_5_3
ish_5_4
ish_5_5
ish_5_6
ish_5_7
ish_5_8
ish_5_9
ish_6_0
ish_6_1
ish_6_10
ish_6_11
ish_6_12
ish_6_13
ish_6_14
ish_6_15
ish_6_2
ish_6_3
ish_6_4
ish_6_5
ish_6_6
ish_6_7
ish_6_8
ish_6_9
ish_7_0
ish_7_1
ish_7_10
ish_7_11
ish_7_12
ish_7_13
ish_7_14
ish_7_15
ish_7_2
ish_7_3
ish_7_4
ish_7_5
ish_7_6
ish_7_7
ish_7_8
ish_7_9
ish_8_0
ish_8_1
ish_8_10
ish_8_11
ish_8_12
ish_8_13
ish_8_14
ish_8_15
ish_8_2
ish_8_3
ish_8_4
ish_8_5
ish_8_6
ish_8_7
ish_8_8
ish_8_9
ish_9_0
ish_9_1
ish_9_10
ish_9_11
ish_9_12
ish_9_13
ish_9_14
ish_9_15
ish_9_2
ish_9_3
ish_9_4
ish_9_5
ish_9_6
ish_9_7
ish_9_8
ish_9_9
nondet$symex::nondet2
smt_conv::smt_conv::_loaded_val_00_intvar
int val for smt_conv::smt_conv::_loaded_val_00_intvar  val 2
smt_conv::smt_conv::_loaded_val_00

smt_conv::smt_conv::_tmp_val_00_intvar
int val for smt_conv::smt_conv::_tmp_val_00_intvar  val 1
smt_conv::smt_conv::_tmp_val_00

smt_conv::smt_conv::tmp_loc::00_intvar
int val for smt_conv::smt_conv::tmp_loc::00_intvar  val 1
smt_conv::smt_conv::tmp_loc::00

smt_conv::smt_conv::tmp_loc::10_intvar
int val for smt_conv::smt_conv::tmp_loc::10_intvar  val 0
smt_conv::smt_conv::tmp_loc::10

symex_location::symex_dynamic::dynamic_heap_1_loc&0#0_intvar
int val for symex_location::symex_dynamic::dynamic_heap_1_loc&0#0_intvar  val 1
symex_location::symex_dynamic::dynamic_heap_1_loc&0#0

symex_location::symex_dynamic::dynamic_heap_2_loc&0#0_intvar
int val for symex_location::symex_dynamic::dynamic_heap_2_loc&0#0_intvar  val 2
symex_location::symex_dynamic::dynamic_heap_2_loc&0#0

model info recorded: 
model subsume info size: 13
------- main
( |symex_dynamic::dynamic_heap_1&0#1| | )
------- subs
( (pt |symex_location::symex_dynamic::dynamic_heap_1_loc&0#0|
    (Pt_R_0 |smt_conv::smt_conv::tmp_loc::00|)) | )
( (pt |symex_location::symex_dynamic::dynamic_heap_1_loc&0#0|
    (Pt_R_0 |smt_conv::smt_conv::_tmp_val_00|)) | )
------- main
( (pt |symex_location::symex_dynamic::dynamic_heap_1_loc&0#0|
    (Pt_R_0 |smt_conv::smt_conv::_tmp_val_00|)) | |smt_conv::smt_conv::_tmp_heap_00| | )
------- subs
( (pt |symex_location::symex_dynamic::dynamic_heap_1_loc&0#0|
    (Pt_R_0 |smt_conv::smt_conv::tmp_loc::00|)) | )
( (pt |symex_location::symex_dynamic::dynamic_heap_1_loc&0#0|
    (Pt_R_0 |smt_conv::smt_conv::_tmp_val_00|)) | )
------- main
( |symex_dynamic::dynamic_heap_1&0#4| | )
------- subs
( (pt |symex_location::symex_dynamic::dynamic_heap_1_loc&0#0|
    (Pt_R_0 |smt_conv::smt_conv::_loaded_val_00|)) | )
( (pt |symex_location::symex_dynamic::dynamic_heap_1_loc&0#0|
    (Pt_R_0 |symex_location::symex_dynamic::dynamic_heap_2_loc&0#0|)) | )
------- main
( (pt |symex_location::symex_dynamic::dynamic_heap_1_loc&0#0|
    (Pt_R_0 |symex_location::symex_dynamic::dynamic_heap_2_loc&0#0|)) | |smt_conv::smt_conv::_tmp_heap_00| | )
------- subs
( (pt |symex_location::symex_dynamic::dynamic_heap_1_loc&0#0|
    (Pt_R_0 |smt_conv::smt_conv::_loaded_val_00|)) | )
( (pt |symex_location::symex_dynamic::dynamic_heap_1_loc&0#0|
    (Pt_R_0 |symex_location::symex_dynamic::dynamic_heap_2_loc&0#0|)) | )
------- main
( (pt |symex_location::symex_dynamic::dynamic_heap_2_loc&0#0|
    (Pt_R_0 |smt_conv::smt_conv::tmp_loc::10|)) | )
------- subs
( (pt |symex_location::symex_dynamic::dynamic_heap_2_loc&0#0|
    (Pt_R_0 |smt_conv::smt_conv::tmp_loc::10|)) | )
( (pt f_th_locvar0 (Pt_R_1 f_th_datavar0)) | )
------- main
( |symex_dynamic::dynamic_heap_2&0#1| | )
------- subs
( (pt |symex_location::symex_dynamic::dynamic_heap_2_loc&0#0|
    (Pt_R_0 |smt_conv::smt_conv::tmp_loc::10|)) | )
( (pt f_th_locvar0 (Pt_R_1 f_th_datavar0)) | )
------- main
( (pt |symex_location::symex_dynamic::dynamic_heap_1_loc&0#0|
    (Pt_R_0 |smt_conv::smt_conv::tmp_loc::00|)) | )
------- subs
( (pt |symex_location::symex_dynamic::dynamic_heap_1_loc&0#0|
    (Pt_R_0 |smt_conv::smt_conv::tmp_loc::00|)) | )
( (pt |symex_location::symex_dynamic::dynamic_heap_1_loc&0#0|
    (Pt_R_0 |smt_conv::smt_conv::_tmp_val_00|)) | )
------- main
( |symex_dynamic::dynamic_heap_1&0#2| | )
------- subs
( (pt |symex_location::symex_dynamic::dynamic_heap_1_loc&0#0|
    (Pt_R_0 |smt_conv::smt_conv::_loaded_val_00|)) | )
( (pt |symex_location::symex_dynamic::dynamic_heap_1_loc&0#0|
    (Pt_R_0 |symex_location::symex_dynamic::dynamic_heap_2_loc&0#0|)) | )
------- main
( |symex_dynamic::dynamic_heap_2&0#3| | )
------- subs
( (pt |symex_location::symex_dynamic::dynamic_heap_2_loc&0#0|
    (Pt_R_0 |smt_conv::smt_conv::tmp_loc::10|)) | )
( (pt f_th_locvar0 (Pt_R_1 f_th_datavar0)) | )
------- main
( (pt |symex_location::symex_dynamic::dynamic_heap_1_loc&0#0|
    (Pt_R_0 |smt_conv::smt_conv::_loaded_val_00|)) | )
------- subs
( (pt |symex_location::symex_dynamic::dynamic_heap_1_loc&0#0|
    (Pt_R_0 |smt_conv::smt_conv::_loaded_val_00|)) | )
( (pt |symex_location::symex_dynamic::dynamic_heap_1_loc&0#0|
    (Pt_R_0 |symex_location::symex_dynamic::dynamic_heap_2_loc&0#0|)) | )
------- main
( (pt f_th_locvar0 (Pt_R_1 f_th_datavar0)) | )
------- subs
( (pt |symex_location::symex_dynamic::dynamic_heap_2_loc&0#0|
    (Pt_R_0 |smt_conv::smt_conv::tmp_loc::10|)) | )
( (pt f_th_locvar0 (Pt_R_1 f_th_datavar0)) | )
------- main
( (pt |symex_location::symex_dynamic::dynamic_heap_1_loc&0#0|
    (Pt_R_0 |smt_conv::smt_conv::_tmp_val_00|)) | )
------- subs
( (pt |symex_location::symex_dynamic::dynamic_heap_1_loc&0#0|
    (Pt_R_0 |smt_conv::smt_conv::tmp_loc::00|)) | )
( (pt |symex_location::symex_dynamic::dynamic_heap_1_loc&0#0|
    (Pt_R_0 |smt_conv::smt_conv::_tmp_val_00|)) | )
------- main
( (pt |symex_location::symex_dynamic::dynamic_heap_1_loc&0#0|
    (Pt_R_0 |symex_location::symex_dynamic::dynamic_heap_2_loc&0#0|)) | )
------- subs
( (pt |symex_location::symex_dynamic::dynamic_heap_1_loc&0#0|
    (Pt_R_0 |smt_conv::smt_conv::_loaded_val_00|)) | )
( (pt |symex_location::symex_dynamic::dynamic_heap_1_loc&0#0|
    (Pt_R_0 |symex_location::symex_dynamic::dynamic_heap_2_loc&0#0|)) | )
locvar vals: 
f_th_datavar0 0
f_th_datavar1 0
f_th_locvar0 2
smt_conv::smt_conv::_loaded_val_00 2
smt_conv::smt_conv::_tmp_val_00 1
smt_conv::smt_conv::tmp_loc::00 1
smt_conv::smt_conv::tmp_loc::10 0
symex_location::symex_dynamic::dynamic_heap_1_loc&0#0 1
symex_location::symex_dynamic::dynamic_heap_2_loc&0#0 2
free heap vars:
FINAL CHECK DONE
init model for slhv: arith factory, locvar_factory and heap factory
Solving claim 8 with solver Z3-slhv
Runtime decision procedure: 0.022s
--------------------------------- Result -----------------------------------
Location: file global-atexit-2.c line 20 column 1 function main
Comment: dereference failure, forgotten memory: symex_dynamic::dynamic_heap_2
Property: MEMORY_LEAK Result: sat Time: 0.022s
--------------------------------- Result -----------------------------------

Slicing time: 0.000s (removed 2 assignments)
Encoding remaining VCC(s) using SLHV
Encoding to solver time: 0.001s
Solving claim 7 with solver Z3-slhv
Runtime decision procedure: 0.000s
--------------------------------- Result -----------------------------------
Location: file global-atexit-2.c line 20 column 1 function main
Comment: dereference failure, forgotten memory: symex_dynamic::dynamic_heap_1
Property: MEMORY_LEAK Result: unsat Time: 0.000s
--------------------------------- Result -----------------------------------

Slicing time: 0.000s (removed 5 assignments)
Encoding remaining VCC(s) using SLHV
Encoding to solver time: 0.001s
Number of heap terms: 12
Number of aht: 9
Number of locvars: 6
begin generate deduced assumptions disj
lia assertion size: 2097
XXXXXXXXXXXXXXXXX translated constraint result XXXXXXXXXXXXXXXXXXX
XXXXXXXXXXXXXXXXXXXX FINAL CHECK SET UNSAT XXXXXXXXXXXXXXXXXXXX
Solving claim 6 with solver Z3-slhv
Runtime decision procedure: 0.003s
--------------------------------- Result -----------------------------------
Location: file global-atexit-2.c line 17 column 2 function main
Comment: dereference failure: invalid free pointer
Property: INVALID_FREE Result: unsat Time: 0.003s
--------------------------------- Result -----------------------------------

Slicing time: 0.000s (removed 5 assignments)
Encoding remaining VCC(s) using SLHV
Encoding to solver time: 0.000s
Number of heap terms: 12
Number of aht: 9
Number of locvars: 6
begin generate deduced assumptions disj
lia assertion size: 2097
XXXXXXXXXXXXXXXXX translated constraint result XXXXXXXXXXXXXXXXXXX
XXXXXXXXXXXXXXXXXXXX FINAL CHECK SET UNSAT XXXXXXXXXXXXXXXXXXXX
Solving claim 5 with solver Z3-slhv
Runtime decision procedure: 0.004s
--------------------------------- Result -----------------------------------
Location: file global-atexit-2.c line 16 column 2 function main
Comment: dereference failure: invalid dereference pointer
Property: INVALID_DEREF Result: unsat Time: 0.004s
--------------------------------- Result -----------------------------------

Slicing time: 0.000s (removed 5 assignments)
Encoding remaining VCC(s) using SLHV
Encoding to solver time: 0.000s
Number of heap terms: 12
Number of aht: 9
Number of locvars: 7
begin generate deduced assumptions disj
lia assertion size: 2100
XXXXXXXXXXXXXXXXX translated constraint result XXXXXXXXXXXXXXXXXXX
XXXXXXXXXXXXXXXXXXXX FINAL CHECK SET UNSAT XXXXXXXXXXXXXXXXXXXX
Solving claim 4 with solver Z3-slhv
Runtime decision procedure: 0.004s
--------------------------------- Result -----------------------------------
Location: file global-atexit-2.c line 16 column 2 function main
Comment: dereference failure: invalid free pointer
Property: INVALID_FREE Result: unsat Time: 0.004s
--------------------------------- Result -----------------------------------

Slicing time: 0.000s (removed 5 assignments)
Encoding remaining VCC(s) using SLHV
Encoding to solver time: 0.000s
Number of heap terms: 12
Number of aht: 9
Number of locvars: 6
begin generate deduced assumptions disj
lia assertion size: 2097
XXXXXXXXXXXXXXXXX translated constraint result XXXXXXXXXXXXXXXXXXX
XXXXXXXXXXXXXXXXXXXX FINAL CHECK SET UNSAT XXXXXXXXXXXXXXXXXXXX
Solving claim 3 with solver Z3-slhv
Runtime decision procedure: 0.003s
--------------------------------- Result -----------------------------------
Location: file global-atexit-2.c line 16 column 2 function main
Comment: dereference failure: invalid dereference pointer
Property: INVALID_DEREF Result: unsat Time: 0.003s
--------------------------------- Result -----------------------------------

Slicing time: 0.000s (removed 6 assignments)
Encoding remaining VCC(s) using SLHV
Encoding to solver time: 0.000s
Number of heap terms: 11
Number of aht: 8
Number of locvars: 6
begin generate deduced assumptions disj
lia assertion size: 1717
XXXXXXXXXXXXXXXXX translated constraint result XXXXXXXXXXXXXXXXXXX
XXXXXXXXXXXXXXXXXXXX FINAL CHECK SET UNSAT XXXXXXXXXXXXXXXXXXXX
Solving claim 2 with solver Z3-slhv
Runtime decision procedure: 0.003s
--------------------------------- Result -----------------------------------
Location: file global-atexit-2.c line 9 column 6 function main
Comment: dereference failure: invalid free pointer
Property: INVALID_FREE Result: unsat Time: 0.003s
--------------------------------- Result -----------------------------------

Slicing time: 0.000s (removed 10 assignments)
Encoding remaining VCC(s) using SLHV
Encoding to solver time: 0.000s
Number of heap terms: 3
Number of aht: 2
Number of locvars: 3
begin generate deduced assumptions disj
lia assertion size: 27
XXXXXXXXXXXXXXXXX translated constraint result XXXXXXXXXXXXXXXXXXX
XXXXXXXXXXXXXXXXXXXX FINAL CHECK SET UNSAT XXXXXXXXXXXXXXXXXXXX
Solving claim 1 with solver Z3-slhv
Runtime decision procedure: 0.000s
--------------------------------- Result -----------------------------------
Location: file global-atexit-2.c line 6 column 2 function main
Comment: dereference failure: invalid dereference pointer
Property: INVALID_DEREF Result: unsat Time: 0.000s
--------------------------------- Result -----------------------------------


VERIFICATION FAILED
