ESBMC version 7.5.0 64-bit x86_64 linux
Target: 64-bit little-endian x86_64-unknown-linux with systemlibc
Parsing ../slhv_experiment/bench-0125/global-atexit-3.c
Converting
Generating GOTO Program
GOTO program creation time: 0.015s
GOTO program processing time: 0.000s
Starting Bounded Model Checking
WARNING: no body for function __ESBMC_pthread_start_main_hook
WARNING: no body for function __ESBMC_atexit_handler
WARNING: no body for function __ESBMC_pthread_end_main_hook
Symex completed in: 0.000s (43 assignments)
Slicing time: 0.001s (removed 18 assignments)
Generated 18 VCC(s), 10 remaining after simplification (25 assignments)
Slicing time: 0.000s (removed 3 assignments)
Encoding remaining VCC(s) using SLHV
Encoding to solver time: 0.000s
Number of heap terms: 18
Number of aht: 15
Number of locvars: 8
begin generate deduced assumptions disj
lia assertion size: 10767
XXXXXXXXXXXXXXXXX translated constraint result XXXXXXXXXXXXXXXXXXX
XXXXXXXXXXXXXXXXXXXX FINAL CHECK SET UNSAT XXXXXXXXXXXXXXXXXXXX
Solving claim 10 with solver Z3-slhv
Runtime decision procedure: 0.025s
--------------------------------- Result -----------------------------------
Location: file global-atexit-3.c line 20 column 1 function main
Comment: dereference failure, forgotten memory: symex_dynamic::dynamic_heap_3
Property: MEMORY_LEAK Result: unsat Time: 0.025s
--------------------------------- Result -----------------------------------

Slicing time: 0.000s (removed 6 assignments)
Encoding remaining VCC(s) using SLHV
Encoding to solver time: 0.001s
Number of heap terms: 15
Number of aht: 12
Number of locvars: 7
begin generate deduced assumptions disj
lia assertion size: 5151
XXXXXXXXXXXXXXXXX translated constraint result XXXXXXXXXXXXXXXXXXX
translated model: 
 constant 0 ish_11_6
eval: false
 constant 1 idj_0_12
eval: false
 constant 2 idj_2_2
eval: false
 constant 3 idj_4_14
eval: false
 constant 4 ish_4_11
eval: false
 constant 5 c:@F@main::$tmp::return_value$___VERIFIER_nondet_bool$2?1!0&0#1
eval: false
 constant 6 ish_3_2
eval: true
 constant 7 idj_8_2
eval: false
 constant 8 ish_5_4
eval: false
 constant 9 ish_0_8
eval: false
 constant 10 ish_2_13
eval: false
 constant 11 idj_5_5
eval: false
 constant 12 ish_13_13
eval: true
 constant 13 idj_1_11
eval: false
 constant 14 idj_11_0
eval: false
 constant 15 idj_4_2
eval: false
 constant 16 ish_2_2
eval: true
 constant 17 ish_12_6
eval: false
 constant 18 ish_5_9
eval: false
 constant 19 idj_5_1
eval: false
 constant 20 idj_14_6
eval: false
 constant 21 ish_8_7
eval: true
 constant 22 smt_conv::smt_conv::tmp_loc::10_intvar
eval: 3
 constant 23 ish_13_3
eval: false
 constant 24 ish_6_2
eval: false
 constant 25 idj_6_13
eval: false
 constant 26 ish_4_8
eval: false
 constant 27 idj_12_8
eval: false
 constant 28 ish_4_9
eval: false
 constant 29 idj_10_0
eval: false
 constant 30 idj_8_12
eval: false
 constant 31 ish_3_1
eval: false
 constant 32 idj_11_6
eval: false
 constant 33 ish_11_11
eval: true
 constant 34 idj_8_6
eval: false
 constant 35 ish_1_14
eval: false
 constant 36 idj_12_6
eval: false
 constant 37 ish_3_0
eval: false
 constant 38 ish_4_5
eval: false
 constant 39 idj_0_10
eval: false
 constant 40 ish_14_9
eval: false
 constant 41 ish_6_14
eval: false
 constant 42 idj_6_12
eval: false
 constant 43 idj_11_1
eval: false
 constant 44 idj_0_0
eval: false
 constant 45 ish_10_13
eval: false
 constant 46 idj_1_5
eval: false
 constant 47 ish_3_12
eval: false
 constant 48 ish_11_4
eval: false
 constant 49 idj_0_11
eval: false
 constant 50 ish_11_12
eval: true
 constant 51 ish_2_6
eval: false
 constant 52 idj_4_6
eval: false
 constant 53 idj_1_12
eval: false
 constant 54 idj_11_8
eval: false
 constant 55 idj_10_1
eval: false
 constant 56 ish_12_2
eval: false
 constant 57 ish_8_2
eval: false
 constant 58 ish_7_2
eval: false
 constant 59 ish_11_9
eval: false
 constant 60 idj_2_6
eval: true
 constant 61 ish_0_14
eval: false
 constant 62 idj_13_12
eval: false
 constant 63 idj_5_14
eval: false
 constant 64 idj_13_4
eval: false
 constant 65 idj_13_6
eval: false
 constant 66 ish_6_9
eval: false
 constant 67 ish_14_5
eval: false
 constant 68 idj_14_4
eval: false
 constant 69 ish_2_10
eval: false
 constant 70 ish_7_6
eval: false
 constant 71 idj_14_13
eval: false
 constant 72 ish_12_12
eval: true
 constant 73 ish_1_0
eval: false
 constant 74 idj_2_14
eval: false
 constant 75 ish_3_7
eval: false
 constant 76 ish_6_3
eval: false
 constant 77 ish_13_2
eval: false
 constant 78 idj_5_6
eval: false
 constant 79 idj_5_11
eval: false
 constant 80 ish_4_2
eval: true
 constant 81 ish_11_2
eval: false
 constant 82 ish_13_11
eval: true
 constant 83 ish_8_4
eval: false
 constant 84 ish_14_14
eval: true
 constant 85 ish_12_1
eval: false
 constant 86 ish_5_0
eval: false
 constant 87 ish_6_11
eval: false
 constant 88 ish_3_11
eval: false
 constant 89 ish_8_3
eval: false
 constant 90 idj_14_10
eval: false
 constant 91 idj_0_14
eval: true
 constant 92 ish_11_0
eval: false
 constant 93 ish_3_5
eval: false
 constant 94 nondet$symex::nondet3
eval: true
 constant 95 ish_1_13
eval: true
 constant 96 ish_0_1
eval: false
 constant 97 ish_4_4
eval: true
 constant 98 idj_5_12
eval: false
 constant 99 ish_8_8
eval: true
 constant 100 idj_1_1
eval: false
 constant 101 idj_4_0
eval: false
 constant 102 ish_14_6
eval: false
 constant 103 idj_6_5
eval: false
 constant 104 ish_6_10
eval: false
 constant 105 ish_0_5
eval: false
 constant 106 ish_7_7
eval: true
 constant 107 idj_13_8
eval: false
 constant 108 idj_8_11
eval: false
 constant 109 ish_5_14
eval: false
 constant 110 idj_5_8
eval: false
 constant 111 idj_11_14
eval: false
 constant 112 idj_12_0
eval: false
 constant 113 ish_1_11
eval: true
 constant 114 ish_14_0
eval: false
 constant 115 nondet$symex::nondet1
eval: false
 constant 116 idj_2_11
eval: false
 constant 117 ish_8_0
eval: false
 constant 118 ish_4_6
eval: false
 constant 119 ish_7_3
eval: false
 constant 120 ish_8_5
eval: false
 constant 121 ish_12_0
eval: false
 constant 122 ish_12_5
eval: false
 constant 123 idj_14_2
eval: false
 constant 124 ish_3_14
eval: false
 constant 125 ish_7_12
eval: false
 constant 126 ish_2_4
eval: true
 constant 127 ish_14_10
eval: false
 constant 128 ish_2_7
eval: false
 constant 129 ish_10_10
eval: true
 constant 130 f_th_datavar1
eval: 0
 constant 131 ish_7_1
eval: false
 constant 132 ish_12_9
eval: false
 constant 133 ish_14_7
eval: true
 constant 134 idj_6_4
eval: false
 constant 135 ish_9_10
eval: true
 constant 136 ish_12_11
eval: true
 constant 137 idj_0_13
eval: false
 constant 138 ish_11_7
eval: false
 constant 139 ish_4_13
eval: false
 constant 140 ish_7_8
eval: true
 constant 141 ish_14_4
eval: false
 constant 142 ish_2_9
eval: false
 constant 143 ish_2_14
eval: false
 constant 144 idj_8_14
eval: false
 constant 145 idj_4_11
eval: false
 constant 146 ish_5_2
eval: false
 constant 147 idj_14_11
eval: false
 constant 148 ish_6_12
eval: false
 constant 149 idj_6_6
eval: false
 constant 150 idj_8_5
eval: false
 constant 151 idj_4_12
eval: false
 constant 152 idj_11_12
eval: false
 constant 153 idj_13_5
eval: false
 constant 154 ish_5_6
eval: true
 constant 155 ish_0_4
eval: true
 constant 156 ish_1_5
eval: false
 constant 157 ish_1_7
eval: true
 constant 158 symex_location::symex_dynamic::dynamic_heap_1_loc&0#0_intvar
eval: 1
 constant 159 ish_7_4
eval: false
 constant 160 ish_13_10
eval: false
 constant 161 idj_2_1
eval: false
 constant 162 ish_13_5
eval: false
 constant 163 idj_8_8
eval: false
 constant 164 ish_7_5
eval: false
 constant 165 ish_2_1
eval: false
 constant 166 idj_2_5
eval: false
 constant 167 idj_2_4
eval: false
 constant 168 ish_3_6
eval: false
 constant 169 ish_5_1
eval: false
 constant 170 idj_0_8
eval: false
 constant 171 ish_0_9
eval: false
 constant 172 ish_7_14
eval: false
 constant 173 idj_4_5
eval: true
 constant 174 idj_4_8
eval: false
 constant 175 ish_6_0
eval: false
 constant 176 idj_2_8
eval: false
 constant 177 idj_8_4
eval: false
 constant 178 ish_5_12
eval: false
 constant 179 idj_6_1
eval: false
 constant 180 ish_6_5
eval: true
 constant 181 ish_4_12
eval: false
 constant 182 idj_4_13
eval: false
 constant 183 idj_11_13
eval: false
 constant 184 ish_0_3
eval: true
 constant 185 ish_7_13
eval: false
 constant 186 ish_13_4
eval: false
 constant 187 smt_conv::smt_conv::_tmp_val_00_intvar
eval: 3
 constant 188 ish_9_9
eval: true
 constant 189 idj_5_10
eval: false
 constant 190 idj_10_13
eval: false
 constant 191 ish_7_11
eval: false
 constant 192 ish_0_11
eval: false
 constant 193 f_th_datavar0
eval: 2
 constant 194 idj_5_13
eval: false
 constant 195 idj_4_1
eval: false
 constant 196 ish_0_6
eval: false
 constant 197 ish_7_10
eval: false
 constant 198 idj_10_14
eval: false
 constant 199 ish_13_7
eval: true
 constant 200 ish_3_4
eval: false
 constant 201 ish_12_3
eval: false
 constant 202 idj_13_10
eval: false
 constant 203 c:@F@main::$tmp::return_value$___VERIFIER_nondet_bool$4?1!0&0#1
eval: true
 constant 204 idj_6_0
eval: false
 constant 205 ish_11_8
eval: true
 constant 206 ish_8_14
eval: false
 constant 207 idj_4_10
eval: false
 constant 208 ish_4_1
eval: false
 constant 209 ish_1_12
eval: true
 constant 210 ish_11_10
eval: false
 constant 211 ish_4_3
eval: true
 constant 212 idj_2_12
eval: false
 constant 213 idj_10_8
eval: false
 constant 214 f_th_boolvar0
eval: true
 constant 215 idj_12_12
eval: false
 constant 216 idj_14_0
eval: true
 constant 217 idj_14_8
eval: false
 constant 218 ish_13_6
eval: false
 constant 219 ish_8_11
eval: true
 constant 220 ish_4_7
eval: false
 constant 221 idj_6_2
eval: true
 constant 222 idj_13_11
eval: false
 constant 223 ish_1_1
eval: true
 constant 224 ish_11_14
eval: false
 constant 225 idj_12_10
eval: false
 constant 226 idj_11_5
eval: false
 constant 227 idj_12_1
eval: false
 constant 228 ish_12_7
eval: false
 constant 229 ish_6_13
eval: false
 constant 230 idj_14_5
eval: false
 constant 231 idj_1_14
eval: true
 constant 232 ish_1_8
eval: true
 constant 233 ish_2_12
eval: false
 constant 234 ish_8_6
eval: false
 constant 235 idj_5_2
eval: false
 constant 236 idj_1_13
eval: false
 constant 237 idj_1_4
eval: false
 constant 238 idj_6_8
eval: false
 constant 239 idj_12_13
eval: false
 constant 240 ish_5_8
eval: false
 constant 241 ish_11_3
eval: false
 constant 242 ish_10_9
eval: true
 constant 243 ish_14_11
eval: false
 constant 244 idj_10_4
eval: false
 constant 245 ish_5_7
eval: false
 constant 246 ish_1_4
eval: false
 constant 247 idj_13_2
eval: false
 constant 248 ish_5_13
eval: false
 constant 249 ish_4_14
eval: false
 constant 250 ish_10_14
eval: false
 constant 251 idj_12_11
eval: false
 constant 252 ish_12_14
eval: false
 constant 253 ish_1_2
eval: false
 constant 254 idj_13_1
eval: false
 constant 255 ish_3_3
eval: true
 constant 256 idj_6_10
eval: false
 constant 257 ish_5_10
eval: false
 constant 258 idj_10_12
eval: false
 constant 259 idj_0_4
eval: false
 constant 260 ish_0_0
eval: true
 constant 261 ish_2_11
eval: false
 constant 262 execution_statet::\guard_exec?0!0
eval: true
 constant 263 idj_6_14
eval: false
 constant 264 ish_6_6
eval: true
 constant 265 ish_4_0
eval: true
 constant 266 ish_3_9
eval: false
 constant 267 ish_12_10
eval: false
 constant 268 ish_13_14
eval: false
 constant 269 idj_11_2
eval: false
 constant 270 ish_3_13
eval: false
 constant 271 idj_11_4
eval: false
 constant 272 ish_6_1
eval: false
 constant 273 idj_10_11
eval: false
 constant 274 f_th_boolvar1
eval: false
 constant 275 idj_5_0
eval: true
 constant 276 ish_0_12
eval: false
 constant 277 ish_0_7
eval: false
 constant 278 idj_1_0
eval: false
 constant 279 idj_13_13
eval: false
 constant 280 ish_1_10
eval: false
 constant 281 ish_8_13
eval: false
 constant 282 ish_3_8
eval: false
 constant 283 ish_5_3
eval: false
 constant 284 idj_8_0
eval: false
 constant 285 smt_conv::smt_conv::tmp_loc::00_intvar
eval: 3
 constant 286 ish_14_2
eval: false
 constant 287 ish_2_3
eval: true
 constant 288 idj_14_12
eval: false
 constant 289 idj_13_0
eval: false
 constant 290 ish_12_4
eval: false
 constant 291 ish_14_13
eval: false
 constant 292 ish_10_12
eval: false
 constant 293 idj_6_11
eval: false
 constant 294 idj_13_14
eval: false
 constant 295 ish_1_9
eval: false
 constant 296 ish_6_4
eval: false
 constant 297 idj_10_6
eval: false
 constant 298 idj_2_10
eval: false
 constant 299 ish_11_1
eval: false
 constant 300 ish_0_13
eval: false
 constant 301 idj_14_14
eval: false
 constant 302 ish_13_1
eval: true
 constant 303 idj_5_4
eval: true
 constant 304 idj_2_0
eval: false
 constant 305 ish_11_5
eval: false
 constant 306 idj_12_14
eval: false
 constant 307 idj_1_2
eval: false
 constant 308 ish_8_9
eval: false
 constant 309 idj_1_6
eval: false
 constant 310 ish_10_11
eval: false
 constant 311 ish_5_5
eval: true
 constant 312 ish_12_13
eval: false
 constant 313 ish_7_0
eval: false
 constant 314 idj_14_1
eval: true
 constant 315 idj_12_2
eval: false
 constant 316 ish_14_3
eval: true
 constant 317 idj_4_4
eval: false
 constant 318 ish_14_1
eval: false
 constant 319 ish_13_12
eval: true
 constant 320 ish_3_10
eval: false
 constant 321 idj_1_10
eval: false
 constant 322 f_th_locvar0_intvar
eval: 1
 constant 323 ish_8_10
eval: false
 constant 324 idj_0_1
eval: false
 constant 325 idj_11_10
eval: false
 constant 326 idj_8_13
eval: false
 constant 327 idj_8_1
eval: false
 constant 328 ish_7_9
eval: false
 constant 329 idj_0_2
eval: false
 constant 330 idj_1_8
eval: false
 constant 331 ish_9_11
eval: false
 constant 332 ish_6_7
eval: false
 constant 333 ish_0_10
eval: false
 constant 334 ish_8_12
eval: false
 constant 335 ish_14_8
eval: false
 constant 336 ish_4_10
eval: false
 constant 337 ish_2_0
eval: false
 constant 338 idj_10_10
eval: false
 constant 339 idj_2_13
eval: false
 constant 340 ish_0_2
eval: true
 constant 341 ish_6_8
eval: false
 constant 342 ish_8_1
eval: false
 constant 343 idj_10_5
eval: false
 constant 344 ish_5_11
eval: false
 constant 345 ish_2_5
eval: false
 constant 346 idj_0_5
eval: true
 constant 347 ish_13_0
eval: false
 constant 348 ish_14_12
eval: false
 constant 349 ish_12_8
eval: false
 constant 350 ish_11_13
eval: false
 constant 351 ish_13_8
eval: true
 constant 352 idj_12_4
eval: false
 constant 353 ish_2_8
eval: false
 constant 354 idj_8_10
eval: false
 constant 355 idj_11_11
eval: false
 constant 356 ish_13_9
eval: false
 constant 357 idj_0_6
eval: false
 constant 358 idj_10_2
eval: false
 constant 359 idj_12_5
eval: false
 constant 360 symex_location::symex_dynamic::dynamic_heap_3_loc&0#0_intvar
eval: 2
 constant 361 ish_1_3
eval: false
 constant 362 ish_1_6
eval: false
translated model over
===== valuation result:
c:@F@main::$tmp::return_value$___VERIFIER_nondet_bool$2?1!0&0#1
c:@F@main::$tmp::return_value$___VERIFIER_nondet_bool$4?1!0&0#1
execution_statet::\guard_exec?0!0
f_th_boolvar0
f_th_boolvar1
f_th_datavar0
int val for f_th_datavar0  val 2
f_th_datavar0
f_th_datavar1
int val for f_th_datavar1  val 0
f_th_datavar1
f_th_locvar0_intvar
int val for f_th_locvar0_intvar  val 1
f_th_locvar0

idj_0_0
idj_0_1
idj_0_10
idj_0_11
idj_0_12
idj_0_13
idj_0_14
idj_0_2
idj_0_4
idj_0_5
idj_0_6
idj_0_8
idj_10_0
idj_10_1
idj_10_10
idj_10_11
idj_10_12
idj_10_13
idj_10_14
idj_10_2
idj_10_4
idj_10_5
idj_10_6
idj_10_8
idj_11_0
idj_11_1
idj_11_10
idj_11_11
idj_11_12
idj_11_13
idj_11_14
idj_11_2
idj_11_4
idj_11_5
idj_11_6
idj_11_8
idj_12_0
idj_12_1
idj_12_10
idj_12_11
idj_12_12
idj_12_13
idj_12_14
idj_12_2
idj_12_4
idj_12_5
idj_12_6
idj_12_8
idj_13_0
idj_13_1
idj_13_10
idj_13_11
idj_13_12
idj_13_13
idj_13_14
idj_13_2
idj_13_4
idj_13_5
idj_13_6
idj_13_8
idj_14_0
idj_14_1
idj_14_10
idj_14_11
idj_14_12
idj_14_13
idj_14_14
idj_14_2
idj_14_4
idj_14_5
idj_14_6
idj_14_8
idj_1_0
idj_1_1
idj_1_10
idj_1_11
idj_1_12
idj_1_13
idj_1_14
idj_1_2
idj_1_4
idj_1_5
idj_1_6
idj_1_8
idj_2_0
idj_2_1
idj_2_10
idj_2_11
idj_2_12
idj_2_13
idj_2_14
idj_2_2
idj_2_4
idj_2_5
idj_2_6
idj_2_8
idj_4_0
idj_4_1
idj_4_10
idj_4_11
idj_4_12
idj_4_13
idj_4_14
idj_4_2
idj_4_4
idj_4_5
idj_4_6
idj_4_8
idj_5_0
idj_5_1
idj_5_10
idj_5_11
idj_5_12
idj_5_13
idj_5_14
idj_5_2
idj_5_4
idj_5_5
idj_5_6
idj_5_8
idj_6_0
idj_6_1
idj_6_10
idj_6_11
idj_6_12
idj_6_13
idj_6_14
idj_6_2
idj_6_4
idj_6_5
idj_6_6
idj_6_8
idj_8_0
idj_8_1
idj_8_10
idj_8_11
idj_8_12
idj_8_13
idj_8_14
idj_8_2
idj_8_4
idj_8_5
idj_8_6
idj_8_8
ish_0_0
ish_0_1
ish_0_10
ish_0_11
ish_0_12
ish_0_13
ish_0_14
ish_0_2
ish_0_3
ish_0_4
ish_0_5
ish_0_6
ish_0_7
ish_0_8
ish_0_9
ish_10_10
ish_10_11
ish_10_12
ish_10_13
ish_10_14
ish_10_9
ish_11_0
ish_11_1
ish_11_10
ish_11_11
ish_11_12
ish_11_13
ish_11_14
ish_11_2
ish_11_3
ish_11_4
ish_11_5
ish_11_6
ish_11_7
ish_11_8
ish_11_9
ish_12_0
ish_12_1
ish_12_10
ish_12_11
ish_12_12
ish_12_13
ish_12_14
ish_12_2
ish_12_3
ish_12_4
ish_12_5
ish_12_6
ish_12_7
ish_12_8
ish_12_9
ish_13_0
ish_13_1
ish_13_10
ish_13_11
ish_13_12
ish_13_13
ish_13_14
ish_13_2
ish_13_3
ish_13_4
ish_13_5
ish_13_6
ish_13_7
ish_13_8
ish_13_9
ish_14_0
ish_14_1
ish_14_10
ish_14_11
ish_14_12
ish_14_13
ish_14_14
ish_14_2
ish_14_3
ish_14_4
ish_14_5
ish_14_6
ish_14_7
ish_14_8
ish_14_9
ish_1_0
ish_1_1
ish_1_10
ish_1_11
ish_1_12
ish_1_13
ish_1_14
ish_1_2
ish_1_3
ish_1_4
ish_1_5
ish_1_6
ish_1_7
ish_1_8
ish_1_9
ish_2_0
ish_2_1
ish_2_10
ish_2_11
ish_2_12
ish_2_13
ish_2_14
ish_2_2
ish_2_3
ish_2_4
ish_2_5
ish_2_6
ish_2_7
ish_2_8
ish_2_9
ish_3_0
ish_3_1
ish_3_10
ish_3_11
ish_3_12
ish_3_13
ish_3_14
ish_3_2
ish_3_3
ish_3_4
ish_3_5
ish_3_6
ish_3_7
ish_3_8
ish_3_9
ish_4_0
ish_4_1
ish_4_10
ish_4_11
ish_4_12
ish_4_13
ish_4_14
ish_4_2
ish_4_3
ish_4_4
ish_4_5
ish_4_6
ish_4_7
ish_4_8
ish_4_9
ish_5_0
ish_5_1
ish_5_10
ish_5_11
ish_5_12
ish_5_13
ish_5_14
ish_5_2
ish_5_3
ish_5_4
ish_5_5
ish_5_6
ish_5_7
ish_5_8
ish_5_9
ish_6_0
ish_6_1
ish_6_10
ish_6_11
ish_6_12
ish_6_13
ish_6_14
ish_6_2
ish_6_3
ish_6_4
ish_6_5
ish_6_6
ish_6_7
ish_6_8
ish_6_9
ish_7_0
ish_7_1
ish_7_10
ish_7_11
ish_7_12
ish_7_13
ish_7_14
ish_7_2
ish_7_3
ish_7_4
ish_7_5
ish_7_6
ish_7_7
ish_7_8
ish_7_9
ish_8_0
ish_8_1
ish_8_10
ish_8_11
ish_8_12
ish_8_13
ish_8_14
ish_8_2
ish_8_3
ish_8_4
ish_8_5
ish_8_6
ish_8_7
ish_8_8
ish_8_9
ish_9_10
ish_9_11
ish_9_9
nondet$symex::nondet1
nondet$symex::nondet3
smt_conv::smt_conv::_tmp_val_00_intvar
int val for smt_conv::smt_conv::_tmp_val_00_intvar  val 3
smt_conv::smt_conv::_tmp_val_00

smt_conv::smt_conv::tmp_loc::00_intvar
int val for smt_conv::smt_conv::tmp_loc::00_intvar  val 3
smt_conv::smt_conv::tmp_loc::00

smt_conv::smt_conv::tmp_loc::10_intvar
int val for smt_conv::smt_conv::tmp_loc::10_intvar  val 3
smt_conv::smt_conv::tmp_loc::10

symex_location::symex_dynamic::dynamic_heap_1_loc&0#0_intvar
int val for symex_location::symex_dynamic::dynamic_heap_1_loc&0#0_intvar  val 1
symex_location::symex_dynamic::dynamic_heap_1_loc&0#0

symex_location::symex_dynamic::dynamic_heap_3_loc&0#0_intvar
int val for symex_location::symex_dynamic::dynamic_heap_3_loc&0#0_intvar  val 2
symex_location::symex_dynamic::dynamic_heap_3_loc&0#0

model info recorded: 
model subsume info size: 12
------- main
( (pt |symex_location::symex_dynamic::dynamic_heap_3_loc&0#0|
    (Pt_R_0 |smt_conv::smt_conv::tmp_loc::10|)) | )
------- subs
( (pt |symex_location::symex_dynamic::dynamic_heap_3_loc&0#0|
    (Pt_R_0 |smt_conv::smt_conv::tmp_loc::10|)) | )
------- main
( |symex_dynamic::dynamic_heap_3&0#1| | )
------- subs
( (pt |symex_location::symex_dynamic::dynamic_heap_3_loc&0#0|
    (Pt_R_0 |smt_conv::smt_conv::tmp_loc::10|)) | )
------- main
( |symex_dynamic::dynamic_heap_1&0#1| | )
------- subs
( (pt |symex_location::symex_dynamic::dynamic_heap_1_loc&0#0|
    (Pt_R_0 |smt_conv::smt_conv::_tmp_val_00|)) | )
( (pt |symex_location::symex_dynamic::dynamic_heap_1_loc&0#0|
    (Pt_R_0 |smt_conv::smt_conv::tmp_loc::00|)) | )
------- main
( (pt |symex_location::symex_dynamic::dynamic_heap_1_loc&0#0|
    (Pt_R_0 |smt_conv::smt_conv::tmp_loc::00|)) | )
------- subs
( (pt |symex_location::symex_dynamic::dynamic_heap_1_loc&0#0|
    (Pt_R_0 |smt_conv::smt_conv::_tmp_val_00|)) | )
( (pt |symex_location::symex_dynamic::dynamic_heap_1_loc&0#0|
    (Pt_R_0 |smt_conv::smt_conv::tmp_loc::00|)) | )
------- main
( (pt |symex_location::symex_dynamic::dynamic_heap_1_loc&0#0|
    (Pt_R_0 |symex_location::symex_dynamic::dynamic_heap_3_loc&0#0|)) | |smt_conv::smt_conv::_tmp_heap_00| | )
------- subs
( (pt |symex_location::symex_dynamic::dynamic_heap_1_loc&0#0|
    (Pt_R_0 |symex_location::symex_dynamic::dynamic_heap_3_loc&0#0|)) | )
( (pt f_th_locvar0 (Pt_R_1 f_th_datavar0)) | )
------- main
( (pt |symex_location::symex_dynamic::dynamic_heap_1_loc&0#0|
    (Pt_R_0 |smt_conv::smt_conv::_tmp_val_00|)) | )
------- subs
( (pt |symex_location::symex_dynamic::dynamic_heap_1_loc&0#0|
    (Pt_R_0 |smt_conv::smt_conv::_tmp_val_00|)) | )
( (pt |symex_location::symex_dynamic::dynamic_heap_1_loc&0#0|
    (Pt_R_0 |smt_conv::smt_conv::tmp_loc::00|)) | )
------- main
( (pt |symex_location::symex_dynamic::dynamic_heap_1_loc&0#0|
    (Pt_R_0 |symex_location::symex_dynamic::dynamic_heap_3_loc&0#0|)) | )
------- subs
( (pt |symex_location::symex_dynamic::dynamic_heap_1_loc&0#0|
    (Pt_R_0 |symex_location::symex_dynamic::dynamic_heap_3_loc&0#0|)) | )
( (pt f_th_locvar0 (Pt_R_1 f_th_datavar0)) | )
------- main
( (pt |symex_location::symex_dynamic::dynamic_heap_1_loc&0#0|
    (Pt_R_0 |smt_conv::smt_conv::_tmp_val_00|)) | |smt_conv::smt_conv::_tmp_heap_00| | )
------- subs
( (pt |symex_location::symex_dynamic::dynamic_heap_1_loc&0#0|
    (Pt_R_0 |smt_conv::smt_conv::_tmp_val_00|)) | )
( (pt |symex_location::symex_dynamic::dynamic_heap_1_loc&0#0|
    (Pt_R_0 |smt_conv::smt_conv::tmp_loc::00|)) | )
------- main
( (pt f_th_locvar0 (Pt_R_1 f_th_datavar0)) | )
------- subs
( (pt |symex_location::symex_dynamic::dynamic_heap_1_loc&0#0|
    (Pt_R_0 |symex_location::symex_dynamic::dynamic_heap_3_loc&0#0|)) | )
( (pt f_th_locvar0 (Pt_R_1 f_th_datavar0)) | )
------- main
( |symex_dynamic::dynamic_heap_1&0#5| | )
------- subs
( (pt |symex_location::symex_dynamic::dynamic_heap_1_loc&0#0|
    (Pt_R_0 |symex_location::symex_dynamic::dynamic_heap_3_loc&0#0|)) | )
( (pt f_th_locvar0 (Pt_R_1 f_th_datavar0)) | )
------- main
( |symex_dynamic::dynamic_heap_1&0#2| | )
------- subs
( (pt |symex_location::symex_dynamic::dynamic_heap_1_loc&0#0|
    (Pt_R_0 |symex_location::symex_dynamic::dynamic_heap_3_loc&0#0|)) | )
( (pt f_th_locvar0 (Pt_R_1 f_th_datavar0)) | )
------- main
( |symex_dynamic::dynamic_heap_1&0#4| | )
------- subs
( (pt |symex_location::symex_dynamic::dynamic_heap_1_loc&0#0|
    (Pt_R_0 |symex_location::symex_dynamic::dynamic_heap_3_loc&0#0|)) | )
( (pt f_th_locvar0 (Pt_R_1 f_th_datavar0)) | )
locvar vals: 
f_th_datavar0 2
f_th_datavar1 0
f_th_locvar0 1
smt_conv::smt_conv::_tmp_val_00 3
smt_conv::smt_conv::tmp_loc::00 3
smt_conv::smt_conv::tmp_loc::10 3
symex_location::symex_dynamic::dynamic_heap_1_loc&0#0 1
symex_location::symex_dynamic::dynamic_heap_3_loc&0#0 2
free heap vars:
FINAL CHECK DONE
init model for slhv: arith factory, locvar_factory and heap factory
Solving claim 9 with solver Z3-slhv
Runtime decision procedure: 0.014s
--------------------------------- Result -----------------------------------
Location: file global-atexit-3.c line 20 column 1 function main
Comment: dereference failure, forgotten memory: symex_dynamic::dynamic_heap_1
Property: MEMORY_LEAK Result: sat Time: 0.014s
--------------------------------- Result -----------------------------------

Slicing time: 0.000s (removed 9 assignments)
Encoding remaining VCC(s) using SLHV
Encoding to solver time: 0.000s
Number of heap terms: 11
Number of aht: 8
Number of locvars: 6
begin generate deduced assumptions disj
lia assertion size: 1719
XXXXXXXXXXXXXXXXX translated constraint result XXXXXXXXXXXXXXXXXXX
XXXXXXXXXXXXXXXXXXXX FINAL CHECK SET UNSAT XXXXXXXXXXXXXXXXXXXX
Solving claim 8 with solver Z3-slhv
Runtime decision procedure: 0.004s
--------------------------------- Result -----------------------------------
Location: file global-atexit-3.c line 17 column 2 function main
Comment: dereference failure: invalid free pointer
Property: INVALID_FREE Result: unsat Time: 0.004s
--------------------------------- Result -----------------------------------

Slicing time: 0.000s (removed 9 assignments)
Encoding remaining VCC(s) using SLHV
Encoding to solver time: 0.000s
Number of heap terms: 11
Number of aht: 8
Number of locvars: 6
begin generate deduced assumptions disj
lia assertion size: 1719
XXXXXXXXXXXXXXXXX translated constraint result XXXXXXXXXXXXXXXXXXX
XXXXXXXXXXXXXXXXXXXX FINAL CHECK SET UNSAT XXXXXXXXXXXXXXXXXXXX
Solving claim 7 with solver Z3-slhv
Runtime decision procedure: 0.003s
--------------------------------- Result -----------------------------------
Location: file global-atexit-3.c line 16 column 2 function main
Comment: dereference failure: invalid dereference pointer
Property: INVALID_DEREF Result: unsat Time: 0.003s
--------------------------------- Result -----------------------------------

Slicing time: 0.000s (removed 8 assignments)
Encoding remaining VCC(s) using SLHV
Encoding to solver time: 0.001s
Number of heap terms: 12
Number of aht: 9
Number of locvars: 7
begin generate deduced assumptions disj
lia assertion size: 2102
XXXXXXXXXXXXXXXXX translated constraint result XXXXXXXXXXXXXXXXXXX
XXXXXXXXXXXXXXXXXXXX FINAL CHECK SET UNSAT XXXXXXXXXXXXXXXXXXXX
Solving claim 6 with solver Z3-slhv
Runtime decision procedure: 0.004s
--------------------------------- Result -----------------------------------
Location: file global-atexit-3.c line 16 column 2 function main
Comment: dereference failure: invalid free pointer
Property: INVALID_FREE Result: unsat Time: 0.004s
--------------------------------- Result -----------------------------------

Slicing time: 0.000s (removed 9 assignments)
Encoding remaining VCC(s) using SLHV
Encoding to solver time: 0.000s
Number of heap terms: 11
Number of aht: 8
Number of locvars: 6
begin generate deduced assumptions disj
lia assertion size: 1719
XXXXXXXXXXXXXXXXX translated constraint result XXXXXXXXXXXXXXXXXXX
XXXXXXXXXXXXXXXXXXXX FINAL CHECK SET UNSAT XXXXXXXXXXXXXXXXXXXX
Solving claim 5 with solver Z3-slhv
Runtime decision procedure: 0.004s
--------------------------------- Result -----------------------------------
Location: file global-atexit-3.c line 16 column 2 function main
Comment: dereference failure: invalid dereference pointer
Property: INVALID_DEREF Result: unsat Time: 0.004s
--------------------------------- Result -----------------------------------

Slicing time: 0.000s (removed 8 assignments)
Encoding remaining VCC(s) using SLHV
Encoding to solver time: 0.000s
Number of heap terms: 11
Number of aht: 8
Number of locvars: 6
begin generate deduced assumptions disj
lia assertion size: 1723
XXXXXXXXXXXXXXXXX translated constraint result XXXXXXXXXXXXXXXXXXX
XXXXXXXXXXXXXXXXXXXX FINAL CHECK SET UNSAT XXXXXXXXXXXXXXXXXXXX
Solving claim 4 with solver Z3-slhv
Runtime decision procedure: 0.004s
--------------------------------- Result -----------------------------------
Location: file global-atexit-3.c line 12 column 11 function main
Comment: dereference failure: invalid dereference pointer
Property: INVALID_DEREF Result: unsat Time: 0.004s
--------------------------------- Result -----------------------------------

Slicing time: 0.000s (removed 8 assignments)
Encoding remaining VCC(s) using SLHV
Encoding to solver time: 0.000s
Number of heap terms: 11
Number of aht: 8
Number of locvars: 7
begin generate deduced assumptions disj
lia assertion size: 1726
XXXXXXXXXXXXXXXXX translated constraint result XXXXXXXXXXXXXXXXXXX
XXXXXXXXXXXXXXXXXXXX FINAL CHECK SET UNSAT XXXXXXXXXXXXXXXXXXXX
Solving claim 3 with solver Z3-slhv
Runtime decision procedure: 0.004s
--------------------------------- Result -----------------------------------
Location: file global-atexit-3.c line 12 column 11 function main
Comment: dereference failure: invalid free pointer
Property: INVALID_FREE Result: unsat Time: 0.004s
--------------------------------- Result -----------------------------------

Slicing time: 0.000s (removed 8 assignments)
Encoding remaining VCC(s) using SLHV
Encoding to solver time: 0.000s
Number of heap terms: 11
Number of aht: 8
Number of locvars: 6
begin generate deduced assumptions disj
lia assertion size: 1723
XXXXXXXXXXXXXXXXX translated constraint result XXXXXXXXXXXXXXXXXXX
XXXXXXXXXXXXXXXXXXXX FINAL CHECK SET UNSAT XXXXXXXXXXXXXXXXXXXX
Solving claim 2 with solver Z3-slhv
Runtime decision procedure: 0.003s
--------------------------------- Result -----------------------------------
Location: file global-atexit-3.c line 12 column 11 function main
Comment: dereference failure: invalid dereference pointer
Property: INVALID_DEREF Result: unsat Time: 0.003s
--------------------------------- Result -----------------------------------

Slicing time: 0.000s (removed 13 assignments)
Encoding remaining VCC(s) using SLHV
Encoding to solver time: 0.001s
Number of heap terms: 3
Number of aht: 2
Number of locvars: 3
begin generate deduced assumptions disj
lia assertion size: 29
XXXXXXXXXXXXXXXXX translated constraint result XXXXXXXXXXXXXXXXXXX
XXXXXXXXXXXXXXXXXXXX FINAL CHECK SET UNSAT XXXXXXXXXXXXXXXXXXXX
Solving claim 1 with solver Z3-slhv
Runtime decision procedure: 0.000s
--------------------------------- Result -----------------------------------
Location: file global-atexit-3.c line 9 column 2 function main
Comment: dereference failure: invalid dereference pointer
Property: INVALID_DEREF Result: unsat Time: 0.000s
--------------------------------- Result -----------------------------------


VERIFICATION FAILED
