ESBMC version 7.5.0 64-bit x86_64 linux
Target: 64-bit little-endian x86_64-unknown-linux with systemlibc
Parsing ../slhv_experiment/bench-0125/global-atexit-1-mutate.c
Converting
Generating GOTO Program
GOTO program creation time: 0.015s
GOTO program processing time: 0.000s
Starting Bounded Model Checking
WARNING: no body for function __ESBMC_pthread_start_main_hook
WARNING: no body for function __ESBMC_atexit_handler
WARNING: no body for function __ESBMC_pthread_end_main_hook
Symex completed in: 0.001s (27 assignments)
Slicing time: 0.000s (removed 14 assignments)
Generated 6 VCC(s), 4 remaining after simplification (13 assignments)
Slicing time: 0.000s (removed 7 assignments)
Encoding remaining VCC(s) using SLHV
Encoding to solver time: 0.000s
Number of heap terms: 4
Number of aht: 3
Number of locvars: 4
begin generate deduced assumptions disj
lia assertion size: 105
XXXXXXXXXXXXXXXXX translated constraint result XXXXXXXXXXXXXXXXXXX
translated model: 
 constant 0 idj_2_2
eval: false
 constant 1 smt_conv::smt_conv::tmp_loc::00_intvar
eval: 0
 constant 2 c:@F@main::$tmp::return_value$___VERIFIER_nondet_bool$2?1!0&0#1
eval: false
 constant 3 ish_3_2
eval: false
 constant 4 idj_2_1
eval: false
 constant 5 nondet$symex::nondet1
eval: false
 constant 6 f_th_locvar0_intvar
eval: 1
 constant 7 ish_2_3
eval: true
 constant 8 ish_1_0
eval: false
 constant 9 ish_2_1
eval: true
 constant 10 idj_1_3
eval: false
 constant 11 ish_2_2
eval: true
 constant 12 idj_3_1
eval: false
 constant 13 idj_3_2
eval: false
 constant 14 ish_2_0
eval: false
 constant 15 ish_3_1
eval: true
 constant 16 f_th_datavar1
eval: 0
 constant 17 idj_3_3
eval: false
 constant 18 ish_3_0
eval: false
 constant 19 ish_1_2
eval: true
 constant 20 ish_3_3
eval: true
 constant 21 idj_2_3
eval: false
 constant 22 ish_0_0
eval: true
 constant 23 ish_1_1
eval: true
 constant 24 idj_1_1
eval: false
 constant 25 execution_statet::\guard_exec?0!0
eval: true
 constant 26 idj_1_2
eval: false
 constant 27 symex_location::symex_dynamic::dynamic_heap_3_loc&0#0_intvar
eval: 1
 constant 28 f_th_datavar0
eval: 0
 constant 29 ish_1_3
eval: true
translated model over
===== valuation result:
c:@F@main::$tmp::return_value$___VERIFIER_nondet_bool$2?1!0&0#1
execution_statet::\guard_exec?0!0
f_th_datavar0
int val for f_th_datavar0  val 0
f_th_datavar0
f_th_datavar1
int val for f_th_datavar1  val 0
f_th_datavar1
f_th_locvar0_intvar
int val for f_th_locvar0_intvar  val 1
f_th_locvar0

idj_1_1
idj_1_2
idj_1_3
idj_2_1
idj_2_2
idj_2_3
idj_3_1
idj_3_2
idj_3_3
ish_0_0
ish_1_0
ish_1_1
ish_1_2
ish_1_3
ish_2_0
ish_2_1
ish_2_2
ish_2_3
ish_3_0
ish_3_1
ish_3_2
ish_3_3
nondet$symex::nondet1
smt_conv::smt_conv::tmp_loc::00_intvar
int val for smt_conv::smt_conv::tmp_loc::00_intvar  val 0
smt_conv::smt_conv::tmp_loc::00

symex_location::symex_dynamic::dynamic_heap_3_loc&0#0_intvar
int val for symex_location::symex_dynamic::dynamic_heap_3_loc&0#0_intvar  val 1
symex_location::symex_dynamic::dynamic_heap_3_loc&0#0

model info recorded: 
model subsume info size: 3
------- main
( |symex_dynamic::dynamic_heap_3&0#1| | )
------- subs
( (pt |symex_location::symex_dynamic::dynamic_heap_3_loc&0#0|
    (Pt_R_0 |smt_conv::smt_conv::tmp_loc::00|)) | )
( (pt f_th_locvar0 (Pt_R_1 f_th_datavar0)) | )
------- main
( (pt |symex_location::symex_dynamic::dynamic_heap_3_loc&0#0|
    (Pt_R_0 |smt_conv::smt_conv::tmp_loc::00|)) | )
------- subs
( (pt |symex_location::symex_dynamic::dynamic_heap_3_loc&0#0|
    (Pt_R_0 |smt_conv::smt_conv::tmp_loc::00|)) | )
( (pt f_th_locvar0 (Pt_R_1 f_th_datavar0)) | )
------- main
( (pt f_th_locvar0 (Pt_R_1 f_th_datavar0)) | )
------- subs
( (pt |symex_location::symex_dynamic::dynamic_heap_3_loc&0#0|
    (Pt_R_0 |smt_conv::smt_conv::tmp_loc::00|)) | )
( (pt f_th_locvar0 (Pt_R_1 f_th_datavar0)) | )
locvar vals: 
f_th_datavar0 0
f_th_datavar1 0
f_th_locvar0 1
smt_conv::smt_conv::tmp_loc::00 0
symex_location::symex_dynamic::dynamic_heap_3_loc&0#0 1
free heap vars:
FINAL CHECK DONE
init model for slhv: arith factory, locvar_factory and heap factory
Solving claim 4 with solver Z3-slhv
Runtime decision procedure: 0.002s
--------------------------------- Result -----------------------------------
Location: file global-atexit-1-mutate.c line 22 column 1 function main
Comment: dereference failure, forgotten memory: symex_dynamic::dynamic_heap_3
Property: MEMORY_LEAK Result: sat Time: 0.002s
--------------------------------- Result -----------------------------------

Slicing time: 0.000s (removed 0 assignments)
Encoding remaining VCC(s) using SLHV
Encoding to solver time: 0.000s
Number of heap terms: 15
Number of aht: 12
Number of locvars: 7
begin generate deduced assumptions disj
lia assertion size: 5151
XXXXXXXXXXXXXXXXX translated constraint result XXXXXXXXXXXXXXXXXXX
translated model: 
 constant 0 ish_11_6
eval: false
 constant 1 idj_7_3
eval: false
 constant 2 idj_0_12
eval: false
 constant 3 idj_2_2
eval: false
 constant 4 ish_4_11
eval: false
 constant 5 c:@F@main::$tmp::return_value$___VERIFIER_nondet_bool$2?1!0&0#1
eval: true
 constant 6 ish_3_2
eval: true
 constant 7 idj_8_2
eval: false
 constant 8 ish_5_4
eval: true
 constant 9 ish_9_6
eval: false
 constant 10 ish_0_8
eval: false
 constant 11 ish_9_7
eval: false
 constant 12 ish_2_13
eval: false
 constant 13 ish_13_13
eval: true
 constant 14 idj_1_11
eval: false
 constant 15 idj_7_0
eval: false
 constant 16 idj_7_2
eval: false
 constant 17 idj_8_7
eval: false
 constant 18 idj_11_0
eval: false
 constant 19 idj_5_5
eval: false
 constant 20 ish_2_2
eval: true
 constant 21 ish_8_7
eval: false
 constant 22 ish_5_9
eval: false
 constant 23 ish_12_6
eval: false
 constant 24 idj_11_7
eval: false
 constant 25 idj_5_1
eval: false
 constant 26 smt_conv::smt_conv::tmp_loc::10_intvar
eval: 0
 constant 27 ish_13_3
eval: false
 constant 28 ish_1_14
eval: true
 constant 29 ish_11_11
eval: true
 constant 30 idj_10_0
eval: false
 constant 31 idj_12_8
eval: false
 constant 32 ish_4_8
eval: false
 constant 33 ish_4_9
eval: false
 constant 34 idj_8_12
eval: false
 constant 35 ish_3_1
eval: false
 constant 36 idj_7_7
eval: false
 constant 37 idj_10_3
eval: false
 constant 38 ish_10_2
eval: false
 constant 39 ish_4_5
eval: true
 constant 40 ish_3_0
eval: false
 constant 41 idj_0_10
eval: false
 constant 42 ish_14_9
eval: false
 constant 43 idj_7_13
eval: false
 constant 44 ish_2_6
eval: false
 constant 45 idj_11_1
eval: false
 constant 46 idj_0_0
eval: false
 constant 47 ish_10_13
eval: true
 constant 48 idj_1_5
eval: false
 constant 49 ish_3_12
eval: false
 constant 50 ish_11_4
eval: true
 constant 51 idj_0_11
eval: false
 constant 52 ish_11_12
eval: false
 constant 53 idj_9_1
eval: false
 constant 54 idj_3_11
eval: false
 constant 55 idj_10_9
eval: false
 constant 56 idj_10_7
eval: false
 constant 57 idj_10_1
eval: false
 constant 58 idj_11_8
eval: false
 constant 59 ish_12_2
eval: false
 constant 60 ish_8_2
eval: false
 constant 61 idj_13_12
eval: false
 constant 62 idj_3_13
eval: false
 constant 63 ish_0_14
eval: true
 constant 64 idj_1_12
eval: false
 constant 65 ish_2_10
eval: false
 constant 66 idj_9_7
eval: false
 constant 67 ish_7_6
eval: true
 constant 68 ish_14_5
eval: false
 constant 69 idj_9_8
eval: false
 constant 70 idj_9_10
eval: false
 constant 71 idj_9_2
eval: false
 constant 72 ish_12_12
eval: true
 constant 73 ish_1_0
eval: true
 constant 74 ish_3_7
eval: false
 constant 75 ish_13_2
eval: false
 constant 76 ish_4_2
eval: false
 constant 77 idj_5_11
eval: false
 constant 78 ish_11_2
eval: false
 constant 79 idj_5_3
eval: false
 constant 80 ish_13_11
eval: false
 constant 81 ish_8_4
eval: false
 constant 82 ish_14_14
eval: true
 constant 83 ish_12_1
eval: true
 constant 84 ish_5_0
eval: false
 constant 85 idj_9_0
eval: false
 constant 86 ish_3_11
eval: false
 constant 87 idj_1_7
eval: false
 constant 88 ish_8_3
eval: false
 constant 89 idj_8_3
eval: false
 constant 90 ish_3_5
eval: false
 constant 91 ish_11_0
eval: false
 constant 92 nondet$symex::nondet3
eval: false
 constant 93 idj_9_13
eval: false
 constant 94 ish_8_8
eval: true
 constant 95 ish_0_1
eval: true
 constant 96 ish_1_13
eval: false
 constant 97 idj_1_1
eval: false
 constant 98 ish_4_4
eval: true
 constant 99 idj_5_12
eval: false
 constant 100 ish_7_7
eval: true
 constant 101 ish_14_6
eval: false
 constant 102 ish_0_5
eval: true
 constant 103 idj_13_8
eval: false
 constant 104 idj_8_11
eval: false
 constant 105 idj_5_8
eval: false
 constant 106 ish_5_14
eval: false
 constant 107 idj_9_5
eval: false
 constant 108 idj_12_0
eval: false
 constant 109 nondet$symex::nondet1
eval: true
 constant 110 ish_14_0
eval: false
 constant 111 ish_4_6
eval: false
 constant 112 ish_1_11
eval: false
 constant 113 ish_8_0
eval: false
 constant 114 ish_8_5
eval: false
 constant 115 ish_10_3
eval: false
 constant 116 idj_0_3
eval: false
 constant 117 idj_2_7
eval: false
 constant 118 ish_12_0
eval: true
 constant 119 ish_12_5
eval: true
 constant 120 ish_3_14
eval: false
 constant 121 idj_2_11
eval: false
 constant 122 ish_2_4
eval: false
 constant 123 ish_7_12
eval: false
 constant 124 idj_12_7
eval: false
 constant 125 ish_10_10
eval: true
 constant 126 ish_14_10
eval: false
 constant 127 ish_2_7
eval: false
 constant 128 f_th_datavar1
eval: 0
 constant 129 idj_13_7
eval: false
 constant 130 idj_3_3
eval: false
 constant 131 ish_12_9
eval: true
 constant 132 ish_9_10
eval: false
 constant 133 ish_14_7
eval: false
 constant 134 idj_0_13
eval: false
 constant 135 ish_2_9
eval: false
 constant 136 ish_4_13
eval: false
 constant 137 ish_2_14
eval: false
 constant 138 ish_7_8
eval: false
 constant 139 ish_14_4
eval: false
 constant 140 ish_10_7
eval: false
 constant 141 ish_11_7
eval: false
 constant 142 idj_3_5
eval: false
 constant 143 ish_10_4
eval: true
 constant 144 ish_9_8
eval: false
 constant 145 ish_5_2
eval: false
 constant 146 ish_5_6
eval: false
 constant 147 ish_12_11
eval: false
 constant 148 idj_8_5
eval: false
 constant 149 ish_0_4
eval: true
 constant 150 idj_11_12
eval: true
 constant 151 ish_9_13
eval: false
 constant 152 ish_1_5
eval: false
 constant 153 idj_13_5
eval: false
 constant 154 symex_location::symex_dynamic::dynamic_heap_1_loc&0#0_intvar
eval: 2
 constant 155 ish_1_7
eval: false
 constant 156 ish_13_10
eval: true
 constant 157 idj_13_3
eval: false
 constant 158 idj_2_1
eval: false
 constant 159 ish_13_5
eval: true
 constant 160 idj_8_8
eval: false
 constant 161 ish_2_1
eval: false
 constant 162 idj_2_5
eval: false
 constant 163 ish_3_6
eval: false
 constant 164 ish_5_1
eval: false
 constant 165 ish_10_5
eval: true
 constant 166 ish_0_9
eval: true
 constant 167 ish_7_14
eval: false
 constant 168 idj_0_8
eval: false
 constant 169 idj_2_8
eval: false
 constant 170 ish_5_12
eval: false
 constant 171 idj_3_12
eval: false
 constant 172 ish_4_12
eval: false
 constant 173 idj_11_13
eval: true
 constant 174 ish_0_3
eval: false
 constant 175 ish_13_4
eval: true
 constant 176 ish_9_1
eval: true
 constant 177 ish_7_13
eval: false
 constant 178 ish_9_9
eval: true
 constant 179 idj_5_10
eval: false
 constant 180 idj_5_9
eval: false
 constant 181 ish_10_1
eval: true
 constant 182 idj_10_13
eval: false
 constant 183 ish_7_11
eval: false
 constant 184 idj_3_8
eval: false
 constant 185 smt_conv::smt_conv::_tmp_val_00_intvar
eval: 1
 constant 186 ish_9_4
eval: false
 constant 187 ish_0_11
eval: false
 constant 188 idj_11_9
eval: false
 constant 189 idj_5_13
eval: false
 constant 190 f_th_datavar0
eval: 1
 constant 191 ish_0_6
eval: false
 constant 192 ish_7_10
eval: false
 constant 193 idj_12_3
eval: false
 constant 194 ish_13_7
eval: false
 constant 195 idj_7_8
eval: false
 constant 196 idj_9_12
eval: false
 constant 197 ish_3_4
eval: false
 constant 198 ish_12_3
eval: false
 constant 199 idj_13_10
eval: false
 constant 200 c:@F@main::$tmp::return_value$___VERIFIER_nondet_bool$4?1!0&0#1
eval: false
 constant 201 idj_7_11
eval: false
 constant 202 ish_10_6
eval: false
 constant 203 idj_3_1
eval: true
 constant 204 ish_8_14
eval: false
 constant 205 ish_11_8
eval: false
 constant 206 idj_2_9
eval: false
 constant 207 idj_3_0
eval: false
 constant 208 ish_4_1
eval: false
 constant 209 ish_1_12
eval: false
 constant 210 idj_10_8
eval: false
 constant 211 f_th_boolvar0
eval: false
 constant 212 ish_10_0
eval: true
 constant 213 ish_4_3
eval: false
 constant 214 idj_0_9
eval: false
 constant 215 idj_2_12
eval: true
 constant 216 idj_12_12
eval: false
 constant 217 idj_3_10
eval: false
 constant 218 ish_13_6
eval: false
 constant 219 ish_8_11
eval: false
 constant 220 ish_4_7
eval: false
 constant 221 idj_13_11
eval: true
 constant 222 idj_7_9
eval: false
 constant 223 ish_1_1
eval: true
 constant 224 ish_11_14
eval: true
 constant 225 idj_12_10
eval: false
 constant 226 idj_11_5
eval: false
 constant 227 idj_12_1
eval: false
 constant 228 idj_13_9
eval: false
 constant 229 ish_12_7
eval: false
 constant 230 ish_1_8
eval: false
 constant 231 idj_12_9
eval: false
 constant 232 ish_8_6
eval: true
 constant 233 ish_2_12
eval: false
 constant 234 idj_5_2
eval: false
 constant 235 idj_7_5
eval: false
 constant 236 idj_1_13
eval: false
 constant 237 ish_9_5
eval: false
 constant 238 idj_12_13
eval: false
 constant 239 idj_3_9
eval: false
 constant 240 ish_10_9
eval: true
 constant 241 ish_5_8
eval: false
 constant 242 ish_11_3
eval: false
 constant 243 ish_14_11
eval: false
 constant 244 idj_3_7
eval: false
 constant 245 ish_1_4
eval: false
 constant 246 ish_5_7
eval: false
 constant 247 idj_7_12
eval: false
 constant 248 ish_4_14
eval: false
 constant 249 ish_5_13
eval: false
 constant 250 idj_13_2
eval: true
 constant 251 ish_10_14
eval: true
 constant 252 idj_12_11
eval: true
 constant 253 ish_12_14
eval: true
 constant 254 ish_3_3
eval: true
 constant 255 ish_4_0
eval: false
 constant 256 ish_1_2
eval: false
 constant 257 idj_13_1
eval: false
 constant 258 ish_5_10
eval: false
 constant 259 idj_10_12
eval: false
 constant 260 ish_0_0
eval: true
 constant 261 ish_6_6
eval: true
 constant 262 ish_9_3
eval: false
 constant 263 ish_3_9
eval: false
 constant 264 ish_9_14
eval: false
 constant 265 idj_8_0
eval: false
 constant 266 ish_2_11
eval: false
 constant 267 ish_5_3
eval: false
 constant 268 ish_13_14
eval: true
 constant 269 ish_12_10
eval: true
 constant 270 f_th_boolvar1
eval: true
 constant 271 ish_3_13
eval: false
 constant 272 idj_9_3
eval: false
 constant 273 ish_1_10
eval: false
 constant 274 ish_9_2
eval: false
 constant 275 ish_9_12
eval: false
 constant 276 idj_10_11
eval: false
 constant 277 ish_0_12
eval: true
 constant 278 ish_10_8
eval: false
 constant 279 idj_13_13
eval: false
 constant 280 ish_0_7
eval: false
 constant 281 idj_1_0
eval: false
 constant 282 ish_8_13
eval: false
 constant 283 ish_3_8
eval: false
 constant 284 idj_7_10
eval: false
 constant 285 idj_9_11
eval: false
 constant 286 execution_statet::\guard_exec?0!0
eval: true
 constant 287 ish_14_2
eval: false
 constant 288 ish_2_3
eval: true
 constant 289 idj_11_2
eval: false
 constant 290 idj_5_0
eval: false
 constant 291 idj_13_0
eval: false
 constant 292 idj_11_3
eval: false
 constant 293 ish_12_4
eval: true
 constant 294 smt_conv::smt_conv::tmp_loc::00_intvar
eval: 1
 constant 295 idj_3_2
eval: false
 constant 296 ish_14_13
eval: false
 constant 297 ish_10_12
eval: true
 constant 298 ish_1_9
eval: true
 constant 299 idj_2_10
eval: true
 constant 300 ish_0_13
eval: true
 constant 301 ish_11_1
eval: false
 constant 302 ish_13_1
eval: true
 constant 303 idj_2_0
eval: true
 constant 304 ish_11_5
eval: false
 constant 305 idj_1_2
eval: false
 constant 306 idj_1_9
eval: false
 constant 307 ish_8_9
eval: false
 constant 308 idj_7_1
eval: false
 constant 309 ish_10_11
eval: false
 constant 310 ish_5_5
eval: true
 constant 311 ish_12_13
eval: true
 constant 312 ish_13_12
eval: true
 constant 313 ish_14_3
eval: false
 constant 314 idj_12_2
eval: true
 constant 315 ish_14_1
eval: true
 constant 316 idj_1_10
eval: false
 constant 317 ish_3_10
eval: false
 constant 318 f_th_locvar0_intvar
eval: 2
 constant 319 idj_0_2
eval: true
 constant 320 ish_8_10
eval: false
 constant 321 ish_7_9
eval: false
 constant 322 idj_8_13
eval: false
 constant 323 idj_0_1
eval: false
 constant 324 idj_1_3
eval: true
 constant 325 idj_1_8
eval: false
 constant 326 idj_8_1
eval: false
 constant 327 idj_8_9
eval: false
 constant 328 ish_6_7
eval: true
 constant 329 ish_0_10
eval: true
 constant 330 ish_4_10
eval: false
 constant 331 ish_8_12
eval: false
 constant 332 ish_9_11
eval: false
 constant 333 ish_14_8
eval: false
 constant 334 idj_10_10
eval: false
 constant 335 ish_2_0
eval: false
 constant 336 idj_11_10
eval: false
 constant 337 idj_2_13
eval: true
 constant 338 idj_0_7
eval: false
 constant 339 ish_0_2
eval: false
 constant 340 ish_6_8
eval: true
 constant 341 ish_8_1
eval: false
 constant 342 idj_10_5
eval: false
 constant 343 ish_2_5
eval: false
 constant 344 ish_5_11
eval: false
 constant 345 idj_0_5
eval: false
 constant 346 ish_13_0
eval: true
 constant 347 ish_14_12
eval: false
 constant 348 ish_13_8
eval: false
 constant 349 idj_8_10
eval: false
 constant 350 ish_12_8
eval: false
 constant 351 ish_11_13
eval: false
 constant 352 ish_2_8
eval: false
 constant 353 idj_5_7
eval: false
 constant 354 idj_2_3
eval: false
 constant 355 ish_13_9
eval: true
 constant 356 idj_11_11
eval: false
 constant 357 symex_location::symex_dynamic::dynamic_heap_3_loc&0#0_intvar
eval: 1
 constant 358 ish_9_0
eval: false
 constant 359 idj_10_2
eval: true
 constant 360 idj_12_5
eval: false
 constant 361 ish_1_3
eval: false
 constant 362 idj_9_9
eval: false
 constant 363 ish_1_6
eval: false
translated model over
===== valuation result:
c:@F@main::$tmp::return_value$___VERIFIER_nondet_bool$2?1!0&0#1
c:@F@main::$tmp::return_value$___VERIFIER_nondet_bool$4?1!0&0#1
execution_statet::\guard_exec?0!0
f_th_boolvar0
f_th_boolvar1
f_th_datavar0
int val for f_th_datavar0  val 1
f_th_datavar0
f_th_datavar1
int val for f_th_datavar1  val 0
f_th_datavar1
f_th_locvar0_intvar
int val for f_th_locvar0_intvar  val 2
f_th_locvar0

idj_0_0
idj_0_1
idj_0_10
idj_0_11
idj_0_12
idj_0_13
idj_0_2
idj_0_3
idj_0_5
idj_0_7
idj_0_8
idj_0_9
idj_10_0
idj_10_1
idj_10_10
idj_10_11
idj_10_12
idj_10_13
idj_10_2
idj_10_3
idj_10_5
idj_10_7
idj_10_8
idj_10_9
idj_11_0
idj_11_1
idj_11_10
idj_11_11
idj_11_12
idj_11_13
idj_11_2
idj_11_3
idj_11_5
idj_11_7
idj_11_8
idj_11_9
idj_12_0
idj_12_1
idj_12_10
idj_12_11
idj_12_12
idj_12_13
idj_12_2
idj_12_3
idj_12_5
idj_12_7
idj_12_8
idj_12_9
idj_13_0
idj_13_1
idj_13_10
idj_13_11
idj_13_12
idj_13_13
idj_13_2
idj_13_3
idj_13_5
idj_13_7
idj_13_8
idj_13_9
idj_1_0
idj_1_1
idj_1_10
idj_1_11
idj_1_12
idj_1_13
idj_1_2
idj_1_3
idj_1_5
idj_1_7
idj_1_8
idj_1_9
idj_2_0
idj_2_1
idj_2_10
idj_2_11
idj_2_12
idj_2_13
idj_2_2
idj_2_3
idj_2_5
idj_2_7
idj_2_8
idj_2_9
idj_3_0
idj_3_1
idj_3_10
idj_3_11
idj_3_12
idj_3_13
idj_3_2
idj_3_3
idj_3_5
idj_3_7
idj_3_8
idj_3_9
idj_5_0
idj_5_1
idj_5_10
idj_5_11
idj_5_12
idj_5_13
idj_5_2
idj_5_3
idj_5_5
idj_5_7
idj_5_8
idj_5_9
idj_7_0
idj_7_1
idj_7_10
idj_7_11
idj_7_12
idj_7_13
idj_7_2
idj_7_3
idj_7_5
idj_7_7
idj_7_8
idj_7_9
idj_8_0
idj_8_1
idj_8_10
idj_8_11
idj_8_12
idj_8_13
idj_8_2
idj_8_3
idj_8_5
idj_8_7
idj_8_8
idj_8_9
idj_9_0
idj_9_1
idj_9_10
idj_9_11
idj_9_12
idj_9_13
idj_9_2
idj_9_3
idj_9_5
idj_9_7
idj_9_8
idj_9_9
ish_0_0
ish_0_1
ish_0_10
ish_0_11
ish_0_12
ish_0_13
ish_0_14
ish_0_2
ish_0_3
ish_0_4
ish_0_5
ish_0_6
ish_0_7
ish_0_8
ish_0_9
ish_10_0
ish_10_1
ish_10_10
ish_10_11
ish_10_12
ish_10_13
ish_10_14
ish_10_2
ish_10_3
ish_10_4
ish_10_5
ish_10_6
ish_10_7
ish_10_8
ish_10_9
ish_11_0
ish_11_1
ish_11_11
ish_11_12
ish_11_13
ish_11_14
ish_11_2
ish_11_3
ish_11_4
ish_11_5
ish_11_6
ish_11_7
ish_11_8
ish_12_0
ish_12_1
ish_12_10
ish_12_11
ish_12_12
ish_12_13
ish_12_14
ish_12_2
ish_12_3
ish_12_4
ish_12_5
ish_12_6
ish_12_7
ish_12_8
ish_12_9
ish_13_0
ish_13_1
ish_13_10
ish_13_11
ish_13_12
ish_13_13
ish_13_14
ish_13_2
ish_13_3
ish_13_4
ish_13_5
ish_13_6
ish_13_7
ish_13_8
ish_13_9
ish_14_0
ish_14_1
ish_14_10
ish_14_11
ish_14_12
ish_14_13
ish_14_14
ish_14_2
ish_14_3
ish_14_4
ish_14_5
ish_14_6
ish_14_7
ish_14_8
ish_14_9
ish_1_0
ish_1_1
ish_1_10
ish_1_11
ish_1_12
ish_1_13
ish_1_14
ish_1_2
ish_1_3
ish_1_4
ish_1_5
ish_1_6
ish_1_7
ish_1_8
ish_1_9
ish_2_0
ish_2_1
ish_2_10
ish_2_11
ish_2_12
ish_2_13
ish_2_14
ish_2_2
ish_2_3
ish_2_4
ish_2_5
ish_2_6
ish_2_7
ish_2_8
ish_2_9
ish_3_0
ish_3_1
ish_3_10
ish_3_11
ish_3_12
ish_3_13
ish_3_14
ish_3_2
ish_3_3
ish_3_4
ish_3_5
ish_3_6
ish_3_7
ish_3_8
ish_3_9
ish_4_0
ish_4_1
ish_4_10
ish_4_11
ish_4_12
ish_4_13
ish_4_14
ish_4_2
ish_4_3
ish_4_4
ish_4_5
ish_4_6
ish_4_7
ish_4_8
ish_4_9
ish_5_0
ish_5_1
ish_5_10
ish_5_11
ish_5_12
ish_5_13
ish_5_14
ish_5_2
ish_5_3
ish_5_4
ish_5_5
ish_5_6
ish_5_7
ish_5_8
ish_5_9
ish_6_6
ish_6_7
ish_6_8
ish_7_10
ish_7_11
ish_7_12
ish_7_13
ish_7_14
ish_7_6
ish_7_7
ish_7_8
ish_7_9
ish_8_0
ish_8_1
ish_8_10
ish_8_11
ish_8_12
ish_8_13
ish_8_14
ish_8_2
ish_8_3
ish_8_4
ish_8_5
ish_8_6
ish_8_7
ish_8_8
ish_8_9
ish_9_0
ish_9_1
ish_9_10
ish_9_11
ish_9_12
ish_9_13
ish_9_14
ish_9_2
ish_9_3
ish_9_4
ish_9_5
ish_9_6
ish_9_7
ish_9_8
ish_9_9
nondet$symex::nondet1
nondet$symex::nondet3
smt_conv::smt_conv::_tmp_val_00_intvar
int val for smt_conv::smt_conv::_tmp_val_00_intvar  val 1
smt_conv::smt_conv::_tmp_val_00

smt_conv::smt_conv::tmp_loc::00_intvar
int val for smt_conv::smt_conv::tmp_loc::00_intvar  val 1
smt_conv::smt_conv::tmp_loc::00

smt_conv::smt_conv::tmp_loc::10_intvar
int val for smt_conv::smt_conv::tmp_loc::10_intvar  val 0
smt_conv::smt_conv::tmp_loc::10

symex_location::symex_dynamic::dynamic_heap_1_loc&0#0_intvar
int val for symex_location::symex_dynamic::dynamic_heap_1_loc&0#0_intvar  val 2
symex_location::symex_dynamic::dynamic_heap_1_loc&0#0

symex_location::symex_dynamic::dynamic_heap_3_loc&0#0_intvar
int val for symex_location::symex_dynamic::dynamic_heap_3_loc&0#0_intvar  val 1
symex_location::symex_dynamic::dynamic_heap_3_loc&0#0

model info recorded: 
model subsume info size: 11
------- main
( (pt |symex_location::symex_dynamic::dynamic_heap_1_loc&0#0|
    (Pt_R_0 |symex_location::symex_dynamic::dynamic_heap_3_loc&0#0|)) | |smt_conv::smt_conv::_tmp_heap_00| | )
------- subs
( (pt |symex_location::symex_dynamic::dynamic_heap_1_loc&0#0|
    (Pt_R_0 |smt_conv::smt_conv::tmp_loc::00|)) | )
( (pt f_th_locvar0 (Pt_R_1 f_th_datavar0)) | )
( (pt |symex_location::symex_dynamic::dynamic_heap_1_loc&0#0|
    (Pt_R_0 |symex_location::symex_dynamic::dynamic_heap_3_loc&0#0|)) | )
( (pt |symex_location::symex_dynamic::dynamic_heap_1_loc&0#0|
    (Pt_R_0 |smt_conv::smt_conv::_tmp_val_00|)) | )
------- main
( (pt |symex_location::symex_dynamic::dynamic_heap_3_loc&0#0|
    (Pt_R_0 |smt_conv::smt_conv::tmp_loc::10|)) | )
------- subs
( (pt |symex_location::symex_dynamic::dynamic_heap_3_loc&0#0|
    (Pt_R_0 |smt_conv::smt_conv::tmp_loc::10|)) | )
------- main
( |symex_dynamic::dynamic_heap_3&0#1| | )
------- subs
( (pt |symex_location::symex_dynamic::dynamic_heap_3_loc&0#0|
    (Pt_R_0 |smt_conv::smt_conv::tmp_loc::10|)) | )
------- main
( (pt |symex_location::symex_dynamic::dynamic_heap_1_loc&0#0|
    (Pt_R_0 |smt_conv::smt_conv::_tmp_val_00|)) | )
------- subs
( (pt |symex_location::symex_dynamic::dynamic_heap_1_loc&0#0|
    (Pt_R_0 |smt_conv::smt_conv::tmp_loc::00|)) | )
( (pt f_th_locvar0 (Pt_R_1 f_th_datavar0)) | )
( (pt |symex_location::symex_dynamic::dynamic_heap_1_loc&0#0|
    (Pt_R_0 |symex_location::symex_dynamic::dynamic_heap_3_loc&0#0|)) | )
( (pt |symex_location::symex_dynamic::dynamic_heap_1_loc&0#0|
    (Pt_R_0 |smt_conv::smt_conv::_tmp_val_00|)) | )
------- main
( |symex_dynamic::dynamic_heap_1&0#1| | )
------- subs
( (pt |symex_location::symex_dynamic::dynamic_heap_1_loc&0#0|
    (Pt_R_0 |smt_conv::smt_conv::tmp_loc::00|)) | )
( (pt f_th_locvar0 (Pt_R_1 f_th_datavar0)) | )
( (pt |symex_location::symex_dynamic::dynamic_heap_1_loc&0#0|
    (Pt_R_0 |symex_location::symex_dynamic::dynamic_heap_3_loc&0#0|)) | )
( (pt |symex_location::symex_dynamic::dynamic_heap_1_loc&0#0|
    (Pt_R_0 |smt_conv::smt_conv::_tmp_val_00|)) | )
------- main
( (pt |symex_location::symex_dynamic::dynamic_heap_1_loc&0#0|
    (Pt_R_0 |smt_conv::smt_conv::tmp_loc::00|)) | )
------- subs
( (pt |symex_location::symex_dynamic::dynamic_heap_1_loc&0#0|
    (Pt_R_0 |smt_conv::smt_conv::tmp_loc::00|)) | )
( (pt f_th_locvar0 (Pt_R_1 f_th_datavar0)) | )
( (pt |symex_location::symex_dynamic::dynamic_heap_1_loc&0#0|
    (Pt_R_0 |symex_location::symex_dynamic::dynamic_heap_3_loc&0#0|)) | )
( (pt |symex_location::symex_dynamic::dynamic_heap_1_loc&0#0|
    (Pt_R_0 |smt_conv::smt_conv::_tmp_val_00|)) | )
------- main
( (pt |symex_location::symex_dynamic::dynamic_heap_1_loc&0#0|
    (Pt_R_0 |smt_conv::smt_conv::_tmp_val_00|)) | |smt_conv::smt_conv::_tmp_heap_00| | )
------- subs
( (pt |symex_location::symex_dynamic::dynamic_heap_1_loc&0#0|
    (Pt_R_0 |smt_conv::smt_conv::tmp_loc::00|)) | )
( (pt f_th_locvar0 (Pt_R_1 f_th_datavar0)) | )
( (pt |symex_location::symex_dynamic::dynamic_heap_1_loc&0#0|
    (Pt_R_0 |symex_location::symex_dynamic::dynamic_heap_3_loc&0#0|)) | )
( (pt |symex_location::symex_dynamic::dynamic_heap_1_loc&0#0|
    (Pt_R_0 |smt_conv::smt_conv::_tmp_val_00|)) | )
------- main
( |symex_dynamic::dynamic_heap_1&0#2| | )
------- subs
( (pt |symex_location::symex_dynamic::dynamic_heap_1_loc&0#0|
    (Pt_R_0 |smt_conv::smt_conv::tmp_loc::00|)) | )
( (pt f_th_locvar0 (Pt_R_1 f_th_datavar0)) | )
( (pt |symex_location::symex_dynamic::dynamic_heap_1_loc&0#0|
    (Pt_R_0 |symex_location::symex_dynamic::dynamic_heap_3_loc&0#0|)) | )
( (pt |symex_location::symex_dynamic::dynamic_heap_1_loc&0#0|
    (Pt_R_0 |smt_conv::smt_conv::_tmp_val_00|)) | )
------- main
( |symex_dynamic::dynamic_heap_1&0#5| | )
------- subs
( (pt |symex_location::symex_dynamic::dynamic_heap_1_loc&0#0|
    (Pt_R_0 |smt_conv::smt_conv::tmp_loc::00|)) | )
( (pt f_th_locvar0 (Pt_R_1 f_th_datavar0)) | )
( (pt |symex_location::symex_dynamic::dynamic_heap_1_loc&0#0|
    (Pt_R_0 |symex_location::symex_dynamic::dynamic_heap_3_loc&0#0|)) | )
( (pt |symex_location::symex_dynamic::dynamic_heap_1_loc&0#0|
    (Pt_R_0 |smt_conv::smt_conv::_tmp_val_00|)) | )
------- main
( (pt |symex_location::symex_dynamic::dynamic_heap_1_loc&0#0|
    (Pt_R_0 |symex_location::symex_dynamic::dynamic_heap_3_loc&0#0|)) | )
------- subs
( (pt |symex_location::symex_dynamic::dynamic_heap_1_loc&0#0|
    (Pt_R_0 |smt_conv::smt_conv::tmp_loc::00|)) | )
( (pt f_th_locvar0 (Pt_R_1 f_th_datavar0)) | )
( (pt |symex_location::symex_dynamic::dynamic_heap_1_loc&0#0|
    (Pt_R_0 |symex_location::symex_dynamic::dynamic_heap_3_loc&0#0|)) | )
( (pt |symex_location::symex_dynamic::dynamic_heap_1_loc&0#0|
    (Pt_R_0 |smt_conv::smt_conv::_tmp_val_00|)) | )
------- main
( (pt f_th_locvar0 (Pt_R_1 f_th_datavar0)) | )
------- subs
( (pt |symex_location::symex_dynamic::dynamic_heap_1_loc&0#0|
    (Pt_R_0 |smt_conv::smt_conv::tmp_loc::00|)) | )
( (pt f_th_locvar0 (Pt_R_1 f_th_datavar0)) | )
( (pt |symex_location::symex_dynamic::dynamic_heap_1_loc&0#0|
    (Pt_R_0 |symex_location::symex_dynamic::dynamic_heap_3_loc&0#0|)) | )
( (pt |symex_location::symex_dynamic::dynamic_heap_1_loc&0#0|
    (Pt_R_0 |smt_conv::smt_conv::_tmp_val_00|)) | )
locvar vals: 
f_th_datavar0 1
f_th_datavar1 0
f_th_locvar0 2
smt_conv::smt_conv::_tmp_val_00 1
smt_conv::smt_conv::tmp_loc::00 1
smt_conv::smt_conv::tmp_loc::10 0
symex_location::symex_dynamic::dynamic_heap_1_loc&0#0 2
symex_location::symex_dynamic::dynamic_heap_3_loc&0#0 1
free heap vars:
FINAL CHECK DONE
init model for slhv: arith factory, locvar_factory and heap factory
Solving claim 3 with solver Z3-slhv
Runtime decision procedure: 0.014s
--------------------------------- Result -----------------------------------
Location: file global-atexit-1-mutate.c line 22 column 1 function main
Comment: dereference failure, forgotten memory: symex_dynamic::dynamic_heap_1
Property: MEMORY_LEAK Result: sat Time: 0.014s
--------------------------------- Result -----------------------------------

Slicing time: 0.000s (removed 3 assignments)
Encoding remaining VCC(s) using SLHV
Encoding to solver time: 0.000s
Number of heap terms: 11
Number of aht: 8
Number of locvars: 6
begin generate deduced assumptions disj
lia assertion size: 1719
XXXXXXXXXXXXXXXXX translated constraint result XXXXXXXXXXXXXXXXXXX
XXXXXXXXXXXXXXXXXXXX FINAL CHECK SET UNSAT XXXXXXXXXXXXXXXXXXXX
Solving claim 2 with solver Z3-slhv
Runtime decision procedure: 0.003s
--------------------------------- Result -----------------------------------
Location: file global-atexit-1-mutate.c line 5 column 2 function free_g1
Comment: dereference failure: invalid free pointer
Property: INVALID_FREE Result: unsat Time: 0.003s
--------------------------------- Result -----------------------------------

Slicing time: 0.000s (removed 7 assignments)
Encoding remaining VCC(s) using SLHV
Encoding to solver time: 0.000s
Number of heap terms: 3
Number of aht: 2
Number of locvars: 3
begin generate deduced assumptions disj
lia assertion size: 29
XXXXXXXXXXXXXXXXX translated constraint result XXXXXXXXXXXXXXXXXXX
XXXXXXXXXXXXXXXXXXXX FINAL CHECK SET UNSAT XXXXXXXXXXXXXXXXXXXX
Solving claim 1 with solver Z3-slhv
Runtime decision procedure: 0.001s
--------------------------------- Result -----------------------------------
Location: file global-atexit-1-mutate.c line 17 column 2 function main
Comment: dereference failure: invalid dereference pointer
Property: INVALID_DEREF Result: unsat Time: 0.001s
--------------------------------- Result -----------------------------------


VERIFICATION FAILED
